Current time: 10:31:35

Filtered with filter Compressed Spiral Kernel with parameter: block = 10
Epoch 01 | loss inf | val acc 50.33%
Epoch 02 | loss inf | val acc 61.99%
Epoch 03 | loss inf | val acc 52.93%
Epoch 04 | loss inf | val acc 54.11%
Epoch 05 | loss inf | val acc 62.82%
Epoch 06 | loss inf | val acc 51.98%
Epoch 07 | loss inf | val acc 52.75%
Epoch 08 | loss inf | val acc 60.15%
Epoch 09 | loss inf | val acc 55.06%
Epoch 10 | loss inf | val acc 53.76%

Early stop at epoch 10. Best val acc: 62.82%

Accuracy: 0.6281823564239195
              precision    recall  f1-score   support

    Goodware       0.78      0.32      0.45       814
     Malware       0.59      0.91      0.72       875

    accuracy                           0.63      1689
   macro avg       0.68      0.62      0.59      1689
weighted avg       0.68      0.63      0.59      1689

Time taken: 15.17 minutes

Filtered with filter Compressed Spiral Kernel with parameter: block = 13
Epoch 01 | loss inf | val acc 52.16%
Epoch 02 | loss inf | val acc 52.69%
Epoch 03 | loss inf | val acc 51.33%
Epoch 04 | loss inf | val acc 54.59%
Epoch 05 | loss inf | val acc 53.29%
Epoch 06 | loss inf | val acc 52.99%
Epoch 07 | loss inf | val acc 53.94%
Epoch 08 | loss inf | val acc 61.69%
Epoch 09 | loss inf | val acc 70.40%
Epoch 10 | loss inf | val acc 53.82%
Epoch 11 | loss inf | val acc 54.94%
Epoch 12 | loss inf | val acc 54.35%
Epoch 13 | loss inf | val acc 54.77%
Epoch 14 | loss inf | val acc 54.77%

Early stop at epoch 14. Best val acc: 70.40%

Accuracy: 0.7039668442865601
              precision    recall  f1-score   support

    Goodware       0.76      0.57      0.65       814
     Malware       0.67      0.83      0.74       875

    accuracy                           0.70      1689
   macro avg       0.72      0.70      0.70      1689
weighted avg       0.71      0.70      0.70      1689

Time taken: 11.48 minutes

Filtered with filter Compressed Spiral Kernel with parameter: block = 16
Epoch 01 | loss inf | val acc 54.71%
Epoch 02 | loss inf | val acc 51.92%
Epoch 03 | loss inf | val acc 54.35%
Epoch 04 | loss inf | val acc 66.25%
Epoch 05 | loss inf | val acc 52.99%
Epoch 06 | loss inf | val acc 57.61%
Epoch 07 | loss inf | val acc 53.11%
Epoch 08 | loss inf | val acc 53.11%
Epoch 09 | loss inf | val acc 54.00%

Early stop at epoch 9. Best val acc: 66.25%

Accuracy: 0.6625222024866785
              precision    recall  f1-score   support

    Goodware       0.62      0.80      0.69       814
     Malware       0.74      0.54      0.62       875

    accuracy                           0.66      1689
   macro avg       0.68      0.67      0.66      1689
weighted avg       0.68      0.66      0.66      1689

Time taken: 7.39 minutes

Filtered with filter Compressed Spiral Kernel with parameter: block = 19
Epoch 01 | loss inf | val acc 51.81%
Epoch 02 | loss inf | val acc 59.86%
Epoch 03 | loss inf | val acc 52.63%
Epoch 04 | loss inf | val acc 52.87%
Epoch 05 | loss inf | val acc 60.92%
Epoch 06 | loss inf | val acc 65.96%
Epoch 07 | loss inf | val acc 67.55%
Epoch 08 | loss inf | val acc 60.57%
Epoch 09 | loss inf | val acc 52.63%
Epoch 10 | loss inf | val acc 58.08%
Epoch 11 | loss inf | val acc 54.65%
Epoch 12 | loss inf | val acc 66.79%

Early stop at epoch 12. Best val acc: 67.55%

Accuracy: 0.6755476613380699
              precision    recall  f1-score   support

    Goodware       0.63      0.80      0.70       814
     Malware       0.75      0.56      0.64       875

    accuracy                           0.68      1689
   macro avg       0.69      0.68      0.67      1689
weighted avg       0.69      0.68      0.67      1689

Time taken: 8.05 minutes

Filtered with filter Compressed Spiral Kernel with parameter: block = 22
Epoch 01 | loss inf | val acc 51.21%
Epoch 02 | loss inf | val acc 58.32%
Epoch 03 | loss inf | val acc 52.58%
Epoch 04 | loss inf | val acc 61.69%
Epoch 05 | loss inf | val acc 54.83%
Epoch 06 | loss inf | val acc 61.87%
Epoch 07 | loss inf | val acc 59.38%
Epoch 08 | loss inf | val acc 52.34%
Epoch 09 | loss inf | val acc 55.12%
Epoch 10 | loss inf | val acc 54.11%
Epoch 11 | loss inf | val acc 54.11%

Early stop at epoch 11. Best val acc: 61.87%

Accuracy: 0.6187092954410894
              precision    recall  f1-score   support

    Goodware       0.87      0.24      0.38       814
     Malware       0.58      0.97      0.72       875

    accuracy                           0.62      1689
   macro avg       0.73      0.61      0.55      1689
weighted avg       0.72      0.62      0.56      1689

Time taken: 7.45 minutes

Filtered with filter Compressed Spiral Kernel with parameter: block = 25
Epoch 01 | loss inf | val acc 51.51%
Epoch 02 | loss inf | val acc 52.93%
Epoch 03 | loss inf | val acc 58.02%
Epoch 04 | loss inf | val acc 59.92%
Epoch 05 | loss inf | val acc 54.35%
Epoch 06 | loss inf | val acc 53.40%
Epoch 07 | loss inf | val acc 53.40%
Epoch 08 | loss inf | val acc 60.75%
Epoch 09 | loss inf | val acc 61.75%
Epoch 10 | loss inf | val acc 56.07%
Epoch 11 | loss inf | val acc 54.11%
Epoch 12 | loss inf | val acc 56.07%
Epoch 13 | loss inf | val acc 52.93%
Epoch 14 | loss inf | val acc 58.50%

Early stop at epoch 14. Best val acc: 61.75%

Accuracy: 0.6175251628182357
              precision    recall  f1-score   support

    Goodware       0.56      0.92      0.70       814
     Malware       0.82      0.34      0.48       875

    accuracy                           0.62      1689
   macro avg       0.69      0.63      0.59      1689
weighted avg       0.69      0.62      0.58      1689

Time taken: 8.35 minutes

Filtered with filter Compressed Spiral Kernel with parameter: block = 28
Epoch 01 | loss inf | val acc 51.10%
Epoch 02 | loss inf | val acc 54.00%
Epoch 03 | loss inf | val acc 53.94%
Epoch 04 | loss inf | val acc 53.82%
Epoch 05 | loss inf | val acc 54.23%
Epoch 06 | loss inf | val acc 55.48%
Epoch 07 | loss inf | val acc 59.74%
Epoch 08 | loss inf | val acc 58.38%
Epoch 09 | loss inf | val acc 54.29%
Epoch 10 | loss inf | val acc 59.98%
Epoch 11 | loss inf | val acc 57.79%
Epoch 12 | loss inf | val acc 71.11%
Epoch 13 | loss inf | val acc 53.35%
Epoch 14 | loss inf | val acc 55.77%
Epoch 15 | loss inf | val acc 60.75%
Epoch 16 | loss inf | val acc 54.53%
Epoch 17 | loss inf | val acc 63.65%

Early stop at epoch 17. Best val acc: 71.11%

Accuracy: 0.7110716400236826
              precision    recall  f1-score   support

    Goodware       0.67      0.78      0.72       814
     Malware       0.76      0.65      0.70       875

    accuracy                           0.71      1689
   macro avg       0.72      0.71      0.71      1689
weighted avg       0.72      0.71      0.71      1689

Time taken: 8.05 minutes

Filtered with filter Compressed Spiral Kernel with parameter: block = 31
Epoch 01 | loss inf | val acc 54.29%
Epoch 02 | loss inf | val acc 60.39%
Epoch 03 | loss inf | val acc 51.69%
Epoch 04 | loss inf | val acc 54.35%
Epoch 05 | loss inf | val acc 59.92%
Epoch 06 | loss inf | val acc 54.53%
Epoch 07 | loss inf | val acc 52.58%

Early stop at epoch 7. Best val acc: 60.39%

Accuracy: 0.6039076376554174
              precision    recall  f1-score   support

    Goodware       0.56      0.85      0.67       814
     Malware       0.72      0.38      0.50       875

    accuracy                           0.60      1689
   macro avg       0.64      0.61      0.59      1689
weighted avg       0.64      0.60      0.58      1689

Time taken: 4.61 minutes

Filtered with filter Compressed Spiral Kernel with parameter: block = 34
Epoch 01 | loss inf | val acc 51.27%
Epoch 02 | loss inf | val acc 58.56%
Epoch 03 | loss inf | val acc 53.52%
Epoch 04 | loss inf | val acc 53.94%
Epoch 05 | loss inf | val acc 51.98%
Epoch 06 | loss inf | val acc 52.81%
Epoch 07 | loss inf | val acc 57.79%

Early stop at epoch 7. Best val acc: 58.56%

Accuracy: 0.5855535820011841
              precision    recall  f1-score   support

    Goodware       0.54      0.94      0.69       814
     Malware       0.82      0.26      0.39       875

    accuracy                           0.59      1689
   macro avg       0.68      0.60      0.54      1689
weighted avg       0.68      0.59      0.53      1689

Time taken: 4.42 minutes

Filtered with filter Compressed Spiral Kernel with parameter: block = 37
Epoch 01 | loss inf | val acc 51.45%
Epoch 02 | loss inf | val acc 51.27%
Epoch 03 | loss inf | val acc 57.19%
Epoch 04 | loss inf | val acc 53.05%
Epoch 05 | loss inf | val acc 59.15%
Epoch 06 | loss inf | val acc 60.57%
Epoch 07 | loss inf | val acc 59.21%
Epoch 08 | loss inf | val acc 52.99%
Epoch 09 | loss inf | val acc 54.88%
Epoch 10 | loss inf | val acc 53.76%
Epoch 11 | loss inf | val acc 53.76%

Early stop at epoch 11. Best val acc: 60.57%

Accuracy: 0.605683836589698
              precision    recall  f1-score   support

    Goodware       0.87      0.21      0.34       814
     Malware       0.57      0.97      0.72       875

    accuracy                           0.61      1689
   macro avg       0.72      0.59      0.53      1689
weighted avg       0.71      0.61      0.54      1689

Time taken: 5.33 minutes

Filtered with filter Compressed Spiral Kernel with parameter: block = 40
Epoch 01 | loss inf | val acc 51.33%
Epoch 02 | loss inf | val acc 54.00%
Epoch 03 | loss inf | val acc 52.40%
Epoch 04 | loss inf | val acc 54.06%
Epoch 05 | loss inf | val acc 54.06%
Epoch 06 | loss inf | val acc 55.42%
Epoch 07 | loss inf | val acc 59.15%
Epoch 08 | loss inf | val acc 55.71%
Epoch 09 | loss inf | val acc 52.16%
Epoch 10 | loss inf | val acc 54.41%
Epoch 11 | loss inf | val acc 55.65%
Epoch 12 | loss inf | val acc 62.23%
Epoch 13 | loss inf | val acc 58.08%
Epoch 14 | loss inf | val acc 60.92%
Epoch 15 | loss inf | val acc 72.47%
Epoch 16 | loss inf | val acc 66.49%
Epoch 17 | loss inf | val acc 56.54%
Epoch 18 | loss inf | val acc 55.83%
Epoch 19 | loss inf | val acc 59.86%
Epoch 20 | loss inf | val acc 58.50%

Early stop at epoch 20. Best val acc: 72.47%

Accuracy: 0.7246891651865008
              precision    recall  f1-score   support

    Goodware       0.85      0.52      0.64       814
     Malware       0.67      0.92      0.78       875

    accuracy                           0.72      1689
   macro avg       0.76      0.72      0.71      1689
weighted avg       0.76      0.72      0.71      1689

Time taken: 7.19 minutes

Filtered with filter Compressed Spiral Kernel with parameter: block = 43
Epoch 01 | loss inf | val acc 54.11%
Epoch 02 | loss inf | val acc 52.46%
Epoch 03 | loss inf | val acc 54.47%
Epoch 04 | loss inf | val acc 51.21%
Epoch 05 | loss inf | val acc 62.11%
Epoch 06 | loss inf | val acc 51.81%
Epoch 07 | loss inf | val acc 67.26%
Epoch 08 | loss inf | val acc 61.63%
Epoch 09 | loss inf | val acc 55.83%
Epoch 10 | loss inf | val acc 51.81%
Epoch 11 | loss inf | val acc 67.08%
Epoch 12 | loss inf | val acc 52.34%

Early stop at epoch 12. Best val acc: 67.26%

Accuracy: 0.6725873297809355
              precision    recall  f1-score   support

    Goodware       0.63      0.79      0.70       814
     Malware       0.74      0.56      0.64       875

    accuracy                           0.67      1689
   macro avg       0.69      0.68      0.67      1689
weighted avg       0.69      0.67      0.67      1689

Time taken: 5.49 minutes

Filtered with filter Compressed Spiral Kernel with parameter: block = 46
Epoch 01 | loss inf | val acc 56.42%
Epoch 02 | loss inf | val acc 53.46%
Epoch 03 | loss inf | val acc 60.27%
Epoch 04 | loss inf | val acc 53.29%
Epoch 05 | loss inf | val acc 52.40%
Epoch 06 | loss inf | val acc 53.70%
Epoch 07 | loss inf | val acc 53.70%
Epoch 08 | loss inf | val acc 53.11%

Early stop at epoch 8. Best val acc: 60.27%

Accuracy: 0.6027235050325637
              precision    recall  f1-score   support

    Goodware       0.81      0.23      0.36       814
     Malware       0.57      0.95      0.71       875

    accuracy                           0.60      1689
   macro avg       0.69      0.59      0.53      1689
weighted avg       0.69      0.60      0.54      1689

Time taken: 4.14 minutes

Filtered with filter Compressed Spiral Kernel with parameter: block = 49
Epoch 01 | loss inf | val acc 53.05%
Epoch 02 | loss inf | val acc 51.51%
Epoch 03 | loss inf | val acc 51.21%
Epoch 04 | loss inf | val acc 53.94%
Epoch 05 | loss inf | val acc 53.17%
Epoch 06 | loss inf | val acc 53.88%
Epoch 07 | loss inf | val acc 51.87%
Epoch 08 | loss inf | val acc 53.29%
Epoch 09 | loss inf | val acc 53.35%

Early stop at epoch 9. Best val acc: 53.94%

Accuracy: 0.5405565423327413
              precision    recall  f1-score   support

    Goodware       0.51      0.99      0.67       814
     Malware       0.92      0.12      0.22       875

    accuracy                           0.54      1689
   macro avg       0.72      0.56      0.45      1689
weighted avg       0.73      0.54      0.44      1689

Time taken: 4.67 minutes

Filtered with filter Compressed Spiral Kernel with parameter: block = 52
Epoch 01 | loss inf | val acc 51.63%
Epoch 02 | loss inf | val acc 50.09%
Epoch 03 | loss inf | val acc 51.63%
Epoch 04 | loss inf | val acc 51.33%
Epoch 05 | loss inf | val acc 52.40%
Epoch 06 | loss inf | val acc 51.81%
Epoch 07 | loss inf | val acc 54.94%
Epoch 08 | loss inf | val acc 51.81%
Epoch 09 | loss inf | val acc 50.98%
Epoch 10 | loss inf | val acc 51.81%
Epoch 11 | loss inf | val acc 54.83%
Epoch 12 | loss inf | val acc 67.32%
Epoch 13 | loss inf | val acc 51.51%
Epoch 14 | loss inf | val acc 53.11%
Epoch 15 | loss inf | val acc 52.10%
Epoch 16 | loss inf | val acc 56.19%
Epoch 17 | loss inf | val acc 52.69%

Early stop at epoch 17. Best val acc: 67.32%

Accuracy: 0.6873889875666075
              precision    recall  f1-score   support

    Goodware       0.89      0.40      0.55       814
     Malware       0.63      0.95      0.76       875

    accuracy                           0.69      1689
   macro avg       0.76      0.68      0.66      1689
weighted avg       0.76      0.69      0.66      1689

Time taken: 5.92 minutes

Filtered with filter Compressed Spiral Kernel with parameter: block = 55
Epoch 01 | loss inf | val acc 51.15%
Epoch 02 | loss inf | val acc 50.44%
Epoch 03 | loss inf | val acc 51.45%
Epoch 04 | loss inf | val acc 51.75%
Epoch 05 | loss inf | val acc 51.51%
Epoch 06 | loss inf | val acc 53.58%
Epoch 07 | loss inf | val acc 56.48%
Epoch 08 | loss inf | val acc 70.22%
Epoch 09 | loss inf | val acc 52.22%
Epoch 10 | loss inf | val acc 51.87%
Epoch 11 | loss inf | val acc 52.69%
Epoch 12 | loss inf | val acc 53.64%
Epoch 13 | loss inf | val acc 53.40%

Early stop at epoch 13. Best val acc: 70.22%

Accuracy: 0.7158081705150977
              precision    recall  f1-score   support

    Goodware       0.73      0.66      0.69       814
     Malware       0.71      0.77      0.74       875

    accuracy                           0.72      1689
   macro avg       0.72      0.71      0.71      1689
weighted avg       0.72      0.72      0.71      1689

Time taken: 5.05 minutes

Filtered with filter Compressed Spiral Kernel with parameter: block = 58
Epoch 01 | loss inf | val acc 51.92%
Epoch 02 | loss inf | val acc 51.15%
Epoch 03 | loss inf | val acc 52.10%
Epoch 04 | loss inf | val acc 49.97%
Epoch 05 | loss inf | val acc 52.04%
Epoch 06 | loss inf | val acc 51.15%
Epoch 07 | loss inf | val acc 52.58%
Epoch 08 | loss inf | val acc 51.92%
Epoch 09 | loss inf | val acc 53.17%
Epoch 10 | loss inf | val acc 52.75%
Epoch 11 | loss inf | val acc 53.29%
Epoch 12 | loss inf | val acc 54.11%
Epoch 13 | loss inf | val acc 56.78%
Epoch 14 | loss inf | val acc 57.55%
Epoch 15 | loss inf | val acc 51.57%
Epoch 16 | loss inf | val acc 52.16%
Epoch 17 | loss inf | val acc 51.75%
Epoch 18 | loss inf | val acc 74.78%
Epoch 19 | loss inf | val acc 54.35%
Epoch 20 | loss inf | val acc 52.52%
Epoch 21 | loss inf | val acc 51.87%
Epoch 22 | loss inf | val acc 58.38%
Epoch 23 | loss inf | val acc 52.10%

Early stop at epoch 23. Best val acc: 74.78%

Accuracy: 0.7300177619893428
              precision    recall  f1-score   support

    Goodware       0.76      0.65      0.70       814
     Malware       0.71      0.81      0.76       875

    accuracy                           0.73      1689
   macro avg       0.73      0.73      0.73      1689
weighted avg       0.73      0.73      0.73      1689

Time taken: 6.67 minutes

Filtered with filter Compressed Spiral Kernel with parameter: block = 61
Epoch 01 | loss inf | val acc 51.57%
Epoch 02 | loss inf | val acc 52.58%
Epoch 03 | loss inf | val acc 55.89%
Epoch 04 | loss inf | val acc 53.64%
Epoch 05 | loss inf | val acc 51.63%
Epoch 06 | loss inf | val acc 52.04%
Epoch 07 | loss inf | val acc 53.58%
Epoch 08 | loss inf | val acc 54.23%

Early stop at epoch 8. Best val acc: 55.89%

Accuracy: 0.5595026642984015
              precision    recall  f1-score   support

    Goodware       0.73      0.14      0.23       814
     Malware       0.54      0.95      0.69       875

    accuracy                           0.56      1689
   macro avg       0.64      0.54      0.46      1689
weighted avg       0.63      0.56      0.47      1689

Time taken: 3.80 minutes

Filtered with filter Compressed Spiral Kernel with parameter: block = 64
Epoch 01 | loss inf | val acc 51.63%
Epoch 02 | loss inf | val acc 50.33%
Epoch 03 | loss inf | val acc 56.42%
Epoch 04 | loss inf | val acc 52.04%
Epoch 05 | loss inf | val acc 56.13%
Epoch 06 | loss inf | val acc 54.06%
Epoch 07 | loss inf | val acc 52.34%
Epoch 08 | loss inf | val acc 53.64%

Early stop at epoch 8. Best val acc: 56.42%

Accuracy: 0.5660153937240971
              precision    recall  f1-score   support

    Goodware       0.78      0.14      0.24       814
     Malware       0.55      0.96      0.70       875

    accuracy                           0.57      1689
   macro avg       0.66      0.55      0.47      1689
weighted avg       0.66      0.57      0.48      1689

Time taken: 3.91 minutes

Filtered with filter Compressed Spiral Kernel with parameter: block = 67
Epoch 01 | loss inf | val acc 51.10%
Epoch 02 | loss inf | val acc 50.86%
Epoch 03 | loss inf | val acc 51.10%
Epoch 04 | loss inf | val acc 59.74%
Epoch 05 | loss inf | val acc 56.60%
Epoch 06 | loss inf | val acc 51.87%
Epoch 07 | loss inf | val acc 54.65%
Epoch 08 | loss inf | val acc 53.64%
Epoch 09 | loss inf | val acc 52.58%

Early stop at epoch 9. Best val acc: 59.74%

Accuracy: 0.6009473060982831
              precision    recall  f1-score   support

    Goodware       0.80      0.23      0.36       814
     Malware       0.57      0.95      0.71       875

    accuracy                           0.60      1689
   macro avg       0.68      0.59      0.53      1689
weighted avg       0.68      0.60      0.54      1689

Time taken: 4.09 minutes

Filtered with filter Compressed Spiral Kernel with parameter: block = 70
Epoch 01 | loss inf | val acc 51.75%
Epoch 02 | loss inf | val acc 50.38%
Epoch 03 | loss inf | val acc 51.87%
Epoch 04 | loss inf | val acc 54.65%
Epoch 05 | loss inf | val acc 51.33%
Epoch 06 | loss inf | val acc 51.51%
Epoch 07 | loss inf | val acc 53.82%
Epoch 08 | loss inf | val acc 52.04%
Epoch 09 | loss inf | val acc 53.58%

Early stop at epoch 9. Best val acc: 54.65%

Accuracy: 0.5482534043812907
              precision    recall  f1-score   support

    Goodware       0.52      0.97      0.68       814
     Malware       0.86      0.15      0.26       875

    accuracy                           0.55      1689
   macro avg       0.69      0.56      0.47      1689
weighted avg       0.70      0.55      0.46      1689

Time taken: 4.10 minutes

Filtered with filter Compressed Spiral Kernel with parameter: block = 73
Epoch 01 | loss inf | val acc 51.39%
Epoch 02 | loss inf | val acc 52.46%
Epoch 03 | loss inf | val acc 52.22%
Epoch 04 | loss inf | val acc 64.42%
Epoch 05 | loss inf | val acc 52.16%
Epoch 06 | loss inf | val acc 53.40%
Epoch 07 | loss inf | val acc 52.46%
Epoch 08 | loss inf | val acc 52.75%
Epoch 09 | loss inf | val acc 53.52%

Early stop at epoch 9. Best val acc: 64.42%

Accuracy: 0.6518650088809946
              precision    recall  f1-score   support

    Goodware       0.76      0.41      0.53       814
     Malware       0.62      0.88      0.72       875

    accuracy                           0.65      1689
   macro avg       0.69      0.64      0.63      1689
weighted avg       0.68      0.65      0.63      1689

Time taken: 3.84 minutes

Filtered with filter Compressed Spiral Kernel with parameter: block = 76
Epoch 01 | loss inf | val acc 61.04%
Epoch 02 | loss inf | val acc 49.26%
Epoch 03 | loss inf | val acc 51.39%
Epoch 04 | loss inf | val acc 52.99%
Epoch 05 | loss inf | val acc 53.17%
Epoch 06 | loss inf | val acc 54.00%

Early stop at epoch 6. Best val acc: 61.04%

Accuracy: 0.6127886323268206
              precision    recall  f1-score   support

    Goodware       0.57      0.81      0.67       814
     Malware       0.71      0.43      0.53       875

    accuracy                           0.61      1689
   macro avg       0.64      0.62      0.60      1689
weighted avg       0.64      0.61      0.60      1689

Time taken: 3.11 minutes

Filtered with filter Compressed Spiral Kernel with parameter: block = 79
Epoch 01 | loss inf | val acc 51.81%
Epoch 02 | loss inf | val acc 50.86%
Epoch 03 | loss inf | val acc 53.11%
Epoch 04 | loss inf | val acc 56.42%
Epoch 05 | loss inf | val acc 51.75%
Epoch 06 | loss inf | val acc 53.52%
Epoch 07 | loss inf | val acc 50.92%
Epoch 08 | loss inf | val acc 53.46%
Epoch 09 | loss inf | val acc 59.80%
Epoch 10 | loss inf | val acc 54.77%
Epoch 11 | loss inf | val acc 55.18%
Epoch 12 | loss inf | val acc 62.88%
Epoch 13 | loss inf | val acc 52.46%
Epoch 14 | loss inf | val acc 51.69%
Epoch 15 | loss inf | val acc 52.16%
Epoch 16 | loss inf | val acc 57.25%
Epoch 17 | loss inf | val acc 56.78%

Early stop at epoch 17. Best val acc: 62.88%

Accuracy: 0.6382474837181764
              precision    recall  f1-score   support

    Goodware       0.58      0.90      0.71       814
     Malware       0.81      0.39      0.53       875

    accuracy                           0.64      1689
   macro avg       0.70      0.65      0.62      1689
weighted avg       0.70      0.64      0.61      1689

Time taken: 5.18 minutes

Filtered with filter Compressed Spiral Kernel with parameter: block = 82
Epoch 01 | loss inf | val acc 52.63%
Epoch 02 | loss inf | val acc 49.08%
Epoch 03 | loss inf | val acc 56.54%
Epoch 04 | loss inf | val acc 51.04%
Epoch 05 | loss inf | val acc 51.57%
Epoch 06 | loss inf | val acc 54.29%
Epoch 07 | loss inf | val acc 52.04%
Epoch 08 | loss inf | val acc 60.45%
Epoch 09 | loss inf | val acc 58.97%
Epoch 10 | loss inf | val acc 53.70%
Epoch 11 | loss inf | val acc 53.82%
Epoch 12 | loss inf | val acc 63.88%
Epoch 13 | loss inf | val acc 57.90%
Epoch 14 | loss inf | val acc 63.00%
Epoch 15 | loss inf | val acc 54.23%
Epoch 16 | loss inf | val acc 54.59%
Epoch 17 | loss inf | val acc 55.06%

Early stop at epoch 17. Best val acc: 63.88%

Accuracy: 0.6388395500296034
              precision    recall  f1-score   support

    Goodware       0.90      0.28      0.43       814
     Malware       0.59      0.97      0.74       875

    accuracy                           0.64      1689
   macro avg       0.75      0.63      0.58      1689
weighted avg       0.74      0.64      0.59      1689

Time taken: 4.46 minutes

Filtered with filter Compressed Spiral Kernel with parameter: block = 85
Epoch 01 | loss inf | val acc 51.51%
Epoch 02 | loss inf | val acc 51.87%
Epoch 03 | loss inf | val acc 54.00%
Epoch 04 | loss inf | val acc 53.35%
Epoch 05 | loss inf | val acc 49.62%
Epoch 06 | loss inf | val acc 52.75%
Epoch 07 | loss inf | val acc 53.76%
Epoch 08 | loss inf | val acc 53.05%

Early stop at epoch 8. Best val acc: 54.00%

Accuracy: 0.5447010065127295
              precision    recall  f1-score   support

    Goodware       0.51      0.98      0.67       814
     Malware       0.88      0.14      0.24       875

    accuracy                           0.54      1689
   macro avg       0.70      0.56      0.46      1689
weighted avg       0.70      0.54      0.45      1689

Time taken: 3.31 minutes

Filtered with filter Compressed Spiral Kernel with parameter: block = 88
Epoch 01 | loss inf | val acc 51.21%
Epoch 02 | loss inf | val acc 59.27%
Epoch 03 | loss inf | val acc 51.81%
Epoch 04 | loss inf | val acc 51.63%
Epoch 05 | loss inf | val acc 61.28%
Epoch 06 | loss inf | val acc 54.00%
Epoch 07 | loss inf | val acc 58.79%
Epoch 08 | loss inf | val acc 55.00%
Epoch 09 | loss inf | val acc 55.77%
Epoch 10 | loss inf | val acc 53.52%

Early stop at epoch 10. Best val acc: 61.28%

Accuracy: 0.6376554174067496
              precision    recall  f1-score   support

    Goodware       0.59      0.83      0.69       814
     Malware       0.74      0.46      0.57       875

    accuracy                           0.64      1689
   macro avg       0.66      0.64      0.63      1689
weighted avg       0.67      0.64      0.63      1689

Time taken: 3.49 minutes

Filtered with filter Compressed Spiral Kernel with parameter: block = 91
Epoch 01 | loss inf | val acc 53.29%
Epoch 02 | loss inf | val acc 49.73%
Epoch 03 | loss inf | val acc 51.69%
Epoch 04 | loss inf | val acc 53.64%
Epoch 05 | loss inf | val acc 51.33%
Epoch 06 | loss inf | val acc 53.58%
Epoch 07 | loss inf | val acc 52.93%
Epoch 08 | loss inf | val acc 54.29%
Epoch 09 | loss inf | val acc 66.67%
Epoch 10 | loss inf | val acc 51.04%
Epoch 11 | loss inf | val acc 51.98%
Epoch 12 | loss inf | val acc 54.41%
Epoch 13 | loss inf | val acc 65.66%
Epoch 14 | loss inf | val acc 56.90%

Early stop at epoch 14. Best val acc: 66.67%

Accuracy: 0.6672587329780936
              precision    recall  f1-score   support

    Goodware       0.87      0.36      0.51       814
     Malware       0.62      0.95      0.75       875

    accuracy                           0.67      1689
   macro avg       0.74      0.66      0.63      1689
weighted avg       0.74      0.67      0.63      1689

Time taken: 4.07 minutes

Filtered with filter Compressed Spiral Kernel with parameter: block = 94
Epoch 01 | loss inf | val acc 51.57%
Epoch 02 | loss inf | val acc 51.51%
Epoch 03 | loss inf | val acc 53.40%
Epoch 04 | loss inf | val acc 51.57%
Epoch 05 | loss inf | val acc 53.88%
Epoch 06 | loss inf | val acc 50.92%
Epoch 07 | loss inf | val acc 54.17%
Epoch 08 | loss inf | val acc 52.58%
Epoch 09 | loss inf | val acc 53.88%
Epoch 10 | loss inf | val acc 56.13%
Epoch 11 | loss inf | val acc 51.57%
Epoch 12 | loss inf | val acc 65.60%
Epoch 13 | loss inf | val acc 54.47%
Epoch 14 | loss inf | val acc 58.14%
Epoch 15 | loss inf | val acc 52.81%
Epoch 16 | loss inf | val acc 54.94%
Epoch 17 | loss inf | val acc 57.73%

Early stop at epoch 17. Best val acc: 65.60%

Accuracy: 0.6589698046181173
              precision    recall  f1-score   support

    Goodware       0.87      0.34      0.49       814
     Malware       0.61      0.95      0.74       875

    accuracy                           0.66      1689
   macro avg       0.74      0.65      0.62      1689
weighted avg       0.74      0.66      0.62      1689

Time taken: 4.07 minutes

Filtered with filter Compressed Spiral Kernel with parameter: block = 97
Epoch 01 | loss inf | val acc 51.92%
Epoch 02 | loss inf | val acc 50.56%
Epoch 03 | loss inf | val acc 52.99%
Epoch 04 | loss inf | val acc 52.40%
Epoch 05 | loss inf | val acc 50.33%
Epoch 06 | loss inf | val acc 53.35%
Epoch 07 | loss inf | val acc 51.98%
Epoch 08 | loss inf | val acc 63.11%
Epoch 09 | loss inf | val acc 51.45%
Epoch 10 | loss inf | val acc 56.48%
Epoch 11 | loss inf | val acc 53.35%
Epoch 12 | loss inf | val acc 55.71%
Epoch 13 | loss inf | val acc 52.46%

Early stop at epoch 13. Best val acc: 63.11%

Accuracy: 0.6388395500296034
              precision    recall  f1-score   support

    Goodware       0.59      0.86      0.70       814
     Malware       0.77      0.43      0.55       875

    accuracy                           0.64      1689
   macro avg       0.68      0.65      0.63      1689
weighted avg       0.68      0.64      0.62      1689

Time taken: 3.74 minutes

Filtered with filter Compressed Spiral Kernel with parameter: block = 100
Epoch 01 | loss inf | val acc 48.43%
Epoch 02 | loss inf | val acc 51.39%
Epoch 03 | loss inf | val acc 53.05%
Epoch 04 | loss inf | val acc 64.18%
Epoch 05 | loss inf | val acc 53.05%
Epoch 06 | loss inf | val acc 65.07%
Epoch 07 | loss inf | val acc 59.50%
Epoch 08 | loss inf | val acc 54.47%
Epoch 09 | loss inf | val acc 59.74%
Epoch 10 | loss inf | val acc 54.41%
Epoch 11 | loss inf | val acc 54.23%

Early stop at epoch 11. Best val acc: 65.07%

Accuracy: 0.6506808762581409
              precision    recall  f1-score   support

    Goodware       0.80      0.36      0.50       814
     Malware       0.61      0.92      0.73       875

    accuracy                           0.65      1689
   macro avg       0.71      0.64      0.62      1689
weighted avg       0.70      0.65      0.62      1689

Time taken: 3.52 minutes
