Current time: 01:46:52
Filtered with filter Block Pos Kernel with parameters: block_size = 3 pos = 2
Epoch 01 | loss inf | val acc 50.62%
Epoch 02 | loss inf | val acc 51.15%
Epoch 03 | loss inf | val acc 52.69%
Epoch 04 | loss inf | val acc 63.94%
Epoch 05 | loss inf | val acc 50.98%
Epoch 06 | loss inf | val acc 55.30%
Epoch 07 | loss inf | val acc 60.39%
Epoch 08 | loss inf | val acc 54.53%
Epoch 09 | loss inf | val acc 57.25%

Early stop at epoch 9. Best val acc: 63.94%

Accuracy: 0.6394316163410302
              precision    recall  f1-score   support

    Goodware       0.71      0.42      0.53       814
     Malware       0.61      0.84      0.71       875

    accuracy                           0.64      1689
   macro avg       0.66      0.63      0.62      1689
weighted avg       0.66      0.64      0.62      1689

Time taken: 6.44 minutes
Filtered with filter Block Pos Kernel with parameters: block_size = 8 pos = 2
Epoch 01 | loss inf | val acc 50.56%
Epoch 02 | loss inf | val acc 57.84%
Epoch 03 | loss inf | val acc 50.50%
Epoch 04 | loss inf | val acc 53.82%
Epoch 05 | loss inf | val acc 52.81%
Epoch 06 | loss inf | val acc 52.99%
Epoch 07 | loss inf | val acc 53.05%

Early stop at epoch 7. Best val acc: 57.84%

Accuracy: 0.5784487862640616
              precision    recall  f1-score   support

    Goodware       0.54      0.90      0.67       814
     Malware       0.75      0.28      0.41       875

    accuracy                           0.58      1689
   macro avg       0.64      0.59      0.54      1689
weighted avg       0.65      0.58      0.54      1689

Time taken: 2.67 minutes
Filtered with filter Block Pos Kernel with parameters: block_size = 8 pos = 7
Epoch 01 | loss inf | val acc 48.49%
Epoch 02 | loss inf | val acc 55.00%
Epoch 03 | loss inf | val acc 48.43%
Epoch 04 | loss inf | val acc 53.46%
Epoch 05 | loss inf | val acc 48.19%
Epoch 06 | loss inf | val acc 52.87%
Epoch 07 | loss inf | val acc 50.03%

Early stop at epoch 7. Best val acc: 55.00%

Accuracy: 0.5500296033155714
              precision    recall  f1-score   support

    Goodware       0.78      0.09      0.17       814
     Malware       0.54      0.97      0.69       875

    accuracy                           0.55      1689
   macro avg       0.66      0.53      0.43      1689
weighted avg       0.65      0.55      0.44      1689

Time taken: 2.54 minutes
Filtered with filter Block Pos Kernel with parameters: block_size = 13 pos = 2
Epoch 01 | loss inf | val acc 51.63%
Epoch 02 | loss inf | val acc 51.04%
Epoch 03 | loss inf | val acc 60.57%
Epoch 04 | loss inf | val acc 52.81%
Epoch 05 | loss inf | val acc 60.15%
Epoch 06 | loss inf | val acc 54.41%
Epoch 07 | loss inf | val acc 55.54%
Epoch 08 | loss inf | val acc 53.40%

Early stop at epoch 8. Best val acc: 60.57%

Accuracy: 0.605683836589698
              precision    recall  f1-score   support

    Goodware       0.56      0.86      0.68       814
     Malware       0.74      0.37      0.49       875

    accuracy                           0.61      1689
   macro avg       0.65      0.61      0.58      1689
weighted avg       0.65      0.61      0.58      1689

Time taken: 2.14 minutes
Filtered with filter Block Pos Kernel with parameters: block_size = 13 pos = 7
Epoch 01 | loss inf | val acc 49.67%
Epoch 02 | loss inf | val acc 51.39%
Epoch 03 | loss inf | val acc 54.00%
Epoch 04 | loss inf | val acc 53.64%
Epoch 05 | loss inf | val acc 51.63%
Epoch 06 | loss inf | val acc 53.88%
Epoch 07 | loss inf | val acc 61.40%
Epoch 08 | loss inf | val acc 52.34%
Epoch 09 | loss inf | val acc 53.29%
Epoch 10 | loss inf | val acc 61.46%
Epoch 11 | loss inf | val acc 53.46%
Epoch 12 | loss inf | val acc 59.44%
Epoch 13 | loss inf | val acc 51.98%
Epoch 14 | loss inf | val acc 65.90%
Epoch 15 | loss inf | val acc 55.71%
Epoch 16 | loss inf | val acc 57.61%
Epoch 17 | loss inf | val acc 61.63%
Epoch 18 | loss inf | val acc 57.90%
Epoch 19 | loss inf | val acc 56.60%

Early stop at epoch 19. Best val acc: 65.90%

Accuracy: 0.6589698046181173
              precision    recall  f1-score   support

    Goodware       0.60      0.89      0.71       814
     Malware       0.81      0.45      0.58       875

    accuracy                           0.66      1689
   macro avg       0.70      0.67      0.65      1689
weighted avg       0.71      0.66      0.64      1689

Time taken: 3.05 minutes
Filtered with filter Block Pos Kernel with parameters: block_size = 13 pos = 12
Epoch 01 | loss inf | val acc 50.50%
Epoch 02 | loss inf | val acc 53.40%
Epoch 03 | loss inf | val acc 52.81%
Epoch 04 | loss inf | val acc 52.40%
Epoch 05 | loss inf | val acc 54.29%
Epoch 06 | loss inf | val acc 51.51%
Epoch 07 | loss inf | val acc 59.33%
Epoch 08 | loss inf | val acc 67.38%
Epoch 09 | loss inf | val acc 61.04%
Epoch 10 | loss inf | val acc 57.96%
Epoch 11 | loss inf | val acc 54.47%
Epoch 12 | loss inf | val acc 52.40%
Epoch 13 | loss inf | val acc 59.21%

Early stop at epoch 13. Best val acc: 67.38%

Accuracy: 0.6773238602723505
              precision    recall  f1-score   support

    Goodware       0.76      0.49      0.59       814
     Malware       0.64      0.85      0.73       875

    accuracy                           0.68      1689
   macro avg       0.70      0.67      0.66      1689
weighted avg       0.70      0.68      0.67      1689

Time taken: 2.64 minutes
Filtered with filter Block Pos Kernel with parameters: block_size = 18 pos = 2
Epoch 01 | loss inf | val acc 50.27%
Epoch 02 | loss inf | val acc 50.03%
Epoch 03 | loss inf | val acc 51.57%
Epoch 04 | loss inf | val acc 50.33%
Epoch 05 | loss inf | val acc 52.40%
Epoch 06 | loss inf | val acc 60.04%
Epoch 07 | loss inf | val acc 51.63%
Epoch 08 | loss inf | val acc 52.99%
Epoch 09 | loss inf | val acc 55.00%
Epoch 10 | loss inf | val acc 53.23%
Epoch 11 | loss inf | val acc 51.87%

Early stop at epoch 11. Best val acc: 60.04%

Accuracy: 0.6003552397868561
              precision    recall  f1-score   support

    Goodware       0.55      0.91      0.69       814
     Malware       0.78      0.32      0.45       875

    accuracy                           0.60      1689
   macro avg       0.67      0.61      0.57      1689
weighted avg       0.67      0.60      0.56      1689

Time taken: 1.65 minutes
Filtered with filter Block Pos Kernel with parameters: block_size = 18 pos = 7
Epoch 01 | loss inf | val acc 53.82%
Epoch 02 | loss inf | val acc 51.98%
Epoch 03 | loss inf | val acc 57.43%
Epoch 04 | loss inf | val acc 53.52%
Epoch 05 | loss inf | val acc 50.44%
Epoch 06 | loss inf | val acc 65.60%
Epoch 07 | loss inf | val acc 48.61%
Epoch 08 | loss inf | val acc 52.46%
Epoch 09 | loss inf | val acc 57.43%
Epoch 10 | loss inf | val acc 54.06%
Epoch 11 | loss inf | val acc 52.22%

Early stop at epoch 11. Best val acc: 65.60%

Accuracy: 0.6560094730609828
              precision    recall  f1-score   support

    Goodware       0.66      0.58      0.62       814
     Malware       0.65      0.73      0.69       875

    accuracy                           0.66      1689
   macro avg       0.66      0.65      0.65      1689
weighted avg       0.66      0.66      0.65      1689

Time taken: 1.87 minutes
Filtered with filter Block Pos Kernel with parameters: block_size = 18 pos = 12
Epoch 01 | loss inf | val acc 54.00%
Epoch 02 | loss inf | val acc 51.15%
Epoch 03 | loss inf | val acc 64.71%
Epoch 04 | loss inf | val acc 52.99%
Epoch 05 | loss inf | val acc 53.58%
Epoch 06 | loss inf | val acc 57.79%
Epoch 07 | loss inf | val acc 53.35%
Epoch 08 | loss inf | val acc 52.46%

Early stop at epoch 8. Best val acc: 64.71%

Accuracy: 0.6471284783895797
              precision    recall  f1-score   support

    Goodware       0.66      0.56      0.60       814
     Malware       0.64      0.73      0.68       875

    accuracy                           0.65      1689
   macro avg       0.65      0.64      0.64      1689
weighted avg       0.65      0.65      0.64      1689

Time taken: 1.80 minutes
Filtered with filter Block Pos Kernel with parameters: block_size = 18 pos = 17
Epoch 01 | loss inf | val acc 51.39%
Epoch 02 | loss inf | val acc 50.80%
Epoch 03 | loss inf | val acc 51.27%
Epoch 04 | loss inf | val acc 57.02%
Epoch 05 | loss inf | val acc 51.33%
Epoch 06 | loss inf | val acc 59.50%
Epoch 07 | loss inf | val acc 65.66%
Epoch 08 | loss inf | val acc 54.88%
Epoch 09 | loss inf | val acc 65.19%
Epoch 10 | loss inf | val acc 54.41%
Epoch 11 | loss inf | val acc 68.15%
Epoch 12 | loss inf | val acc 62.94%
Epoch 13 | loss inf | val acc 55.77%
Epoch 14 | loss inf | val acc 59.62%
Epoch 15 | loss inf | val acc 55.36%
Epoch 16 | loss inf | val acc 49.26%

Early stop at epoch 16. Best val acc: 68.15%

Accuracy: 0.6814683244523386
              precision    recall  f1-score   support

    Goodware       0.83      0.43      0.57       814
     Malware       0.63      0.92      0.75       875

    accuracy                           0.68      1689
   macro avg       0.73      0.67      0.66      1689
weighted avg       0.73      0.68      0.66      1689

Time taken: 1.92 minutes
Filtered with filter Block Pos Kernel with parameters: block_size = 23 pos = 2
Epoch 01 | loss inf | val acc 51.75%
Epoch 02 | loss inf | val acc 59.92%
Epoch 03 | loss inf | val acc 52.87%
Epoch 04 | loss inf | val acc 54.00%
Epoch 05 | loss inf | val acc 58.38%
Epoch 06 | loss inf | val acc 61.28%
Epoch 07 | loss inf | val acc 53.46%
Epoch 08 | loss inf | val acc 53.94%
Epoch 09 | loss inf | val acc 53.70%
Epoch 10 | loss inf | val acc 53.82%
Epoch 11 | loss inf | val acc 58.73%

Early stop at epoch 11. Best val acc: 61.28%

Accuracy: 0.6127886323268206
              precision    recall  f1-score   support

    Goodware       0.56      0.88      0.69       814
     Malware       0.76      0.37      0.50       875

    accuracy                           0.61      1689
   macro avg       0.66      0.62      0.59      1689
weighted avg       0.67      0.61      0.59      1689

Time taken: 1.79 minutes
Filtered with filter Block Pos Kernel with parameters: block_size = 23 pos = 7
Epoch 01 | loss inf | val acc 51.27%
Epoch 02 | loss inf | val acc 54.71%
Epoch 03 | loss inf | val acc 51.10%
Epoch 04 | loss inf | val acc 53.70%
Epoch 05 | loss inf | val acc 62.76%
Epoch 06 | loss inf | val acc 60.92%
Epoch 07 | loss inf | val acc 52.81%
Epoch 08 | loss inf | val acc 51.63%
Epoch 09 | loss inf | val acc 64.65%
Epoch 10 | loss inf | val acc 62.23%
Epoch 11 | loss inf | val acc 52.04%
Epoch 12 | loss inf | val acc 54.94%
Epoch 13 | loss inf | val acc 65.19%
Epoch 14 | loss inf | val acc 61.81%
Epoch 15 | loss inf | val acc 65.36%
Epoch 16 | loss inf | val acc 58.32%
Epoch 17 | loss inf | val acc 62.64%
Epoch 18 | loss inf | val acc 69.09%
Epoch 19 | loss inf | val acc 56.72%
Epoch 20 | loss inf | val acc 58.79%
Epoch 21 | loss inf | val acc 54.06%
Epoch 22 | loss inf | val acc 64.12%
Epoch 23 | loss inf | val acc 74.01%
Epoch 24 | loss inf | val acc 56.60%
Epoch 25 | loss inf | val acc 54.65%
Epoch 26 | loss inf | val acc 56.90%
Epoch 27 | loss inf | val acc 75.19%
Epoch 28 | loss inf | val acc 58.32%
Epoch 29 | loss inf | val acc 73.06%
Epoch 30 | loss inf | val acc 58.14%
Epoch 31 | loss inf | val acc 54.41%
Epoch 32 | loss inf | val acc 76.61%
Epoch 33 | loss inf | val acc 63.47%
Epoch 34 | loss inf | val acc 59.98%
Epoch 35 | loss inf | val acc 56.54%
Epoch 36 | loss inf | val acc 61.57%
Epoch 37 | loss inf | val acc 78.80%
Epoch 38 | loss inf | val acc 71.58%
Epoch 39 | loss inf | val acc 79.63%
Epoch 40 | loss inf | val acc 59.50%
Epoch 41 | loss inf | val acc 67.32%
Epoch 42 | loss inf | val acc 55.83%
Epoch 43 | loss inf | val acc 79.40%
Epoch 44 | loss 830.0985 | val acc 77.74%

Early stop at epoch 44. Best val acc: 79.63%

Accuracy: 0.7963291888691534
              precision    recall  f1-score   support

    Goodware       0.82      0.73      0.78       814
     Malware       0.78      0.85      0.81       875

    accuracy                           0.80      1689
   macro avg       0.80      0.79      0.79      1689
weighted avg       0.80      0.80      0.80      1689

Time taken: 2.02 minutes
Filtered with filter Block Pos Kernel with parameters: block_size = 23 pos = 12
Epoch 01 | loss inf | val acc 51.57%
Epoch 02 | loss inf | val acc 53.46%
Epoch 03 | loss inf | val acc 59.44%
Epoch 04 | loss inf | val acc 54.35%
Epoch 05 | loss inf | val acc 60.86%
Epoch 06 | loss inf | val acc 62.23%
Epoch 07 | loss inf | val acc 56.25%
Epoch 08 | loss inf | val acc 55.65%
Epoch 09 | loss inf | val acc 57.79%
Epoch 10 | loss inf | val acc 58.32%
Epoch 11 | loss inf | val acc 58.61%

Early stop at epoch 11. Best val acc: 62.23%

Accuracy: 0.6222616933096506
              precision    recall  f1-score   support

    Goodware       0.72      0.35      0.47       814
     Malware       0.59      0.88      0.71       875

    accuracy                           0.62      1689
   macro avg       0.66      0.61      0.59      1689
weighted avg       0.66      0.62      0.59      1689

Time taken: 1.75 minutes
Filtered with filter Block Pos Kernel with parameters: block_size = 23 pos = 17
Epoch 01 | loss inf | val acc 53.94%
Epoch 02 | loss inf | val acc 51.21%
Epoch 03 | loss inf | val acc 51.27%
Epoch 04 | loss inf | val acc 58.02%
Epoch 05 | loss inf | val acc 60.81%
Epoch 06 | loss inf | val acc 54.77%
Epoch 07 | loss inf | val acc 51.75%
Epoch 08 | loss inf | val acc 56.01%
Epoch 09 | loss inf | val acc 52.69%
Epoch 10 | loss inf | val acc 54.59%

Early stop at epoch 10. Best val acc: 60.81%

Accuracy: 0.6080521018354056
              precision    recall  f1-score   support

    Goodware       0.85      0.23      0.36       814
     Malware       0.57      0.96      0.72       875

    accuracy                           0.61      1689
   macro avg       0.71      0.59      0.54      1689
weighted avg       0.71      0.61      0.54      1689

Time taken: 1.77 minutes
Filtered with filter Block Pos Kernel with parameters: block_size = 23 pos = 22
Epoch 01 | loss inf | val acc 50.74%
Epoch 02 | loss inf | val acc 52.10%
Epoch 03 | loss inf | val acc 64.42%
Epoch 04 | loss inf | val acc 52.99%
Epoch 05 | loss inf | val acc 52.28%
Epoch 06 | loss inf | val acc 53.17%
Epoch 07 | loss inf | val acc 60.21%
Epoch 08 | loss inf | val acc 58.67%

Early stop at epoch 8. Best val acc: 64.42%

Accuracy: 0.6441681468324453
              precision    recall  f1-score   support

    Goodware       0.60      0.77      0.68       814
     Malware       0.71      0.53      0.61       875

    accuracy                           0.64      1689
   macro avg       0.66      0.65      0.64      1689
weighted avg       0.66      0.64      0.64      1689

Time taken: 1.75 minutes
Filtered with filter Block Pos Kernel with parameters: block_size = 28 pos = 2
Epoch 01 | loss inf | val acc 50.33%
Epoch 02 | loss inf | val acc 54.53%
Epoch 03 | loss inf | val acc 55.36%
Epoch 04 | loss inf | val acc 51.33%
Epoch 05 | loss inf | val acc 54.47%
Epoch 06 | loss inf | val acc 53.29%
Epoch 07 | loss inf | val acc 56.07%
Epoch 08 | loss inf | val acc 57.96%
Epoch 09 | loss inf | val acc 60.57%
Epoch 10 | loss inf | val acc 52.69%
Epoch 11 | loss inf | val acc 58.02%
Epoch 12 | loss inf | val acc 52.04%
Epoch 13 | loss inf | val acc 60.92%
Epoch 14 | loss inf | val acc 53.76%
Epoch 15 | loss inf | val acc 53.17%
Epoch 16 | loss inf | val acc 58.56%
Epoch 17 | loss inf | val acc 57.37%
Epoch 18 | loss inf | val acc 53.70%

Early stop at epoch 18. Best val acc: 60.92%

Accuracy: 0.6092362344582594
              precision    recall  f1-score   support

    Goodware       0.56      0.95      0.70       814
     Malware       0.85      0.30      0.44       875

    accuracy                           0.61      1689
   macro avg       0.71      0.62      0.57      1689
weighted avg       0.71      0.61      0.57      1689

Time taken: 1.75 minutes
Filtered with filter Block Pos Kernel with parameters: block_size = 28 pos = 7
Epoch 01 | loss inf | val acc 51.21%
Epoch 02 | loss inf | val acc 48.02%
Epoch 03 | loss inf | val acc 52.69%
Epoch 04 | loss inf | val acc 53.29%
Epoch 05 | loss inf | val acc 51.51%
Epoch 06 | loss inf | val acc 49.26%
Epoch 07 | loss inf | val acc 54.65%
Epoch 08 | loss inf | val acc 54.41%
Epoch 09 | loss inf | val acc 61.99%
Epoch 10 | loss inf | val acc 56.54%
Epoch 11 | loss inf | val acc 54.83%
Epoch 12 | loss inf | val acc 64.59%
Epoch 13 | loss inf | val acc 52.22%
Epoch 14 | loss inf | val acc 64.06%
Epoch 15 | loss inf | val acc 51.87%
Epoch 16 | loss inf | val acc 56.84%
Epoch 17 | loss inf | val acc 55.83%

Early stop at epoch 17. Best val acc: 64.59%

Accuracy: 0.6459443457667259
              precision    recall  f1-score   support

    Goodware       0.61      0.75      0.67       814
     Malware       0.70      0.55      0.62       875

    accuracy                           0.65      1689
   macro avg       0.66      0.65      0.64      1689
weighted avg       0.66      0.65      0.64      1689

Time taken: 1.74 minutes
Filtered with filter Block Pos Kernel with parameters: block_size = 28 pos = 12
Epoch 01 | loss inf | val acc 51.10%
Epoch 02 | loss inf | val acc 55.65%
Epoch 03 | loss inf | val acc 58.79%
Epoch 04 | loss inf | val acc 51.92%
Epoch 05 | loss inf | val acc 50.98%
Epoch 06 | loss inf | val acc 52.52%
Epoch 07 | loss inf | val acc 52.75%
Epoch 08 | loss inf | val acc 52.52%

Early stop at epoch 8. Best val acc: 58.79%

Accuracy: 0.5879218472468917
              precision    recall  f1-score   support

    Goodware       0.64      0.33      0.44       814
     Malware       0.57      0.82      0.67       875

    accuracy                           0.59      1689
   macro avg       0.60      0.58      0.56      1689
weighted avg       0.60      0.59      0.56      1689

Time taken: 1.69 minutes
Filtered with filter Block Pos Kernel with parameters: block_size = 28 pos = 17
Epoch 01 | loss inf | val acc 48.37%
Epoch 02 | loss inf | val acc 51.57%
Epoch 03 | loss inf | val acc 53.40%
Epoch 04 | loss inf | val acc 53.52%
Epoch 05 | loss inf | val acc 54.29%
Epoch 06 | loss inf | val acc 54.94%
Epoch 07 | loss inf | val acc 56.31%
Epoch 08 | loss inf | val acc 53.46%
Epoch 09 | loss inf | val acc 49.91%
Epoch 10 | loss inf | val acc 54.23%
Epoch 11 | loss inf | val acc 48.79%
Epoch 12 | loss inf | val acc 59.03%
Epoch 13 | loss inf | val acc 54.41%
Epoch 14 | loss inf | val acc 53.64%
Epoch 15 | loss inf | val acc 55.42%
Epoch 16 | loss inf | val acc 55.54%
Epoch 17 | loss inf | val acc 49.38%

Early stop at epoch 17. Best val acc: 59.03%

Accuracy: 0.5902901124925992
              precision    recall  f1-score   support

    Goodware       0.83      0.19      0.31       814
     Malware       0.56      0.96      0.71       875

    accuracy                           0.59      1689
   macro avg       0.69      0.58      0.51      1689
weighted avg       0.69      0.59      0.52      1689

Time taken: 1.70 minutes
Filtered with filter Block Pos Kernel with parameters: block_size = 28 pos = 22
Epoch 01 | loss inf | val acc 51.04%
Epoch 02 | loss inf | val acc 50.03%
Epoch 03 | loss inf | val acc 50.92%
Epoch 04 | loss inf | val acc 52.40%
Epoch 05 | loss inf | val acc 61.40%
Epoch 06 | loss inf | val acc 53.58%
Epoch 07 | loss inf | val acc 52.99%
Epoch 08 | loss inf | val acc 52.16%
Epoch 09 | loss inf | val acc 52.63%
Epoch 10 | loss inf | val acc 52.22%

Early stop at epoch 10. Best val acc: 61.40%

Accuracy: 0.6139727649496743
              precision    recall  f1-score   support

    Goodware       0.72      0.32      0.45       814
     Malware       0.58      0.88      0.70       875

    accuracy                           0.61      1689
   macro avg       0.65      0.60      0.58      1689
weighted avg       0.65      0.61      0.58      1689

Time taken: 1.64 minutes
Filtered with filter Block Pos Kernel with parameters: block_size = 28 pos = 27
Epoch 01 | loss inf | val acc 51.21%
Epoch 02 | loss inf | val acc 48.25%
Epoch 03 | loss inf | val acc 52.34%
Epoch 04 | loss inf | val acc 50.33%
Epoch 05 | loss inf | val acc 63.06%
Epoch 06 | loss inf | val acc 57.31%
Epoch 07 | loss inf | val acc 52.16%
Epoch 08 | loss inf | val acc 49.79%
Epoch 09 | loss inf | val acc 58.08%
Epoch 10 | loss inf | val acc 55.54%

Early stop at epoch 10. Best val acc: 63.06%

Accuracy: 0.6305506216696269
              precision    recall  f1-score   support

    Goodware       0.71      0.40      0.51       814
     Malware       0.60      0.85      0.70       875

    accuracy                           0.63      1689
   macro avg       0.66      0.62      0.61      1689
weighted avg       0.65      0.63      0.61      1689

Time taken: 1.66 minutes
Filtered with filter Block Pos Kernel with parameters: block_size = 33 pos = 2
Epoch 01 | loss inf | val acc 51.98%
Epoch 02 | loss inf | val acc 55.18%
Epoch 03 | loss inf | val acc 51.39%
Epoch 04 | loss inf | val acc 52.28%
Epoch 05 | loss inf | val acc 55.71%
Epoch 06 | loss inf | val acc 54.59%
Epoch 07 | loss inf | val acc 61.57%
Epoch 08 | loss inf | val acc 52.52%
Epoch 09 | loss inf | val acc 55.36%
Epoch 10 | loss inf | val acc 56.13%
Epoch 11 | loss inf | val acc 56.84%
Epoch 12 | loss inf | val acc 57.61%

Early stop at epoch 12. Best val acc: 61.57%

Accuracy: 0.6157489638839551
              precision    recall  f1-score   support

    Goodware       0.56      0.90      0.69       814
     Malware       0.79      0.36      0.49       875

    accuracy                           0.62      1689
   macro avg       0.67      0.63      0.59      1689
weighted avg       0.68      0.62      0.59      1689

Time taken: 1.67 minutes
Filtered with filter Block Pos Kernel with parameters: block_size = 33 pos = 7
Epoch 01 | loss inf | val acc 52.58%
Epoch 02 | loss inf | val acc 50.74%
Epoch 03 | loss inf | val acc 61.81%
Epoch 04 | loss inf | val acc 54.65%
Epoch 05 | loss inf | val acc 54.59%
Epoch 06 | loss inf | val acc 59.21%
Epoch 07 | loss inf | val acc 51.69%
Epoch 08 | loss inf | val acc 64.24%
Epoch 09 | loss inf | val acc 54.00%
Epoch 10 | loss inf | val acc 55.54%
Epoch 11 | loss inf | val acc 55.24%
Epoch 12 | loss inf | val acc 56.54%
Epoch 13 | loss inf | val acc 55.83%

Early stop at epoch 13. Best val acc: 64.24%

Accuracy: 0.6423919478981646
              precision    recall  f1-score   support

    Goodware       0.59      0.86      0.70       814
     Malware       0.77      0.44      0.56       875

    accuracy                           0.64      1689
   macro avg       0.68      0.65      0.63      1689
weighted avg       0.68      0.64      0.63      1689

Time taken: 1.69 minutes
Filtered with filter Block Pos Kernel with parameters: block_size = 33 pos = 12
Epoch 01 | loss inf | val acc 54.47%
Epoch 02 | loss inf | val acc 60.92%
Epoch 03 | loss inf | val acc 60.04%
Epoch 04 | loss inf | val acc 51.33%
Epoch 05 | loss inf | val acc 57.84%
Epoch 06 | loss inf | val acc 53.58%
Epoch 07 | loss inf | val acc 54.47%

Early stop at epoch 7. Best val acc: 60.92%

Accuracy: 0.6092362344582594
              precision    recall  f1-score   support

    Goodware       0.69      0.34      0.46       814
     Malware       0.58      0.86      0.69       875

    accuracy                           0.61      1689
   macro avg       0.64      0.60      0.58      1689
weighted avg       0.64      0.61      0.58      1689

Time taken: 1.77 minutes
Filtered with filter Block Pos Kernel with parameters: block_size = 33 pos = 17
Epoch 01 | loss inf | val acc 49.79%
Epoch 02 | loss inf | val acc 56.90%
Epoch 03 | loss inf | val acc 56.84%
Epoch 04 | loss inf | val acc 55.83%
Epoch 05 | loss inf | val acc 60.98%
Epoch 06 | loss inf | val acc 67.91%
Epoch 07 | loss inf | val acc 53.88%
Epoch 08 | loss inf | val acc 52.99%
Epoch 09 | loss inf | val acc 61.52%
Epoch 10 | loss inf | val acc 61.93%
Epoch 11 | loss inf | val acc 58.73%

Early stop at epoch 11. Best val acc: 67.91%

Accuracy: 0.6791000592066312
              precision    recall  f1-score   support

    Goodware       0.73      0.53      0.62       814
     Malware       0.65      0.81      0.72       875

    accuracy                           0.68      1689
   macro avg       0.69      0.67      0.67      1689
weighted avg       0.69      0.68      0.67      1689

Time taken: 1.68 minutes
Filtered with filter Block Pos Kernel with parameters: block_size = 33 pos = 22
Epoch 01 | loss inf | val acc 54.59%
Epoch 02 | loss inf | val acc 57.37%
Epoch 03 | loss inf | val acc 56.96%
Epoch 04 | loss inf | val acc 54.47%
Epoch 05 | loss inf | val acc 52.81%
Epoch 06 | loss inf | val acc 60.63%
Epoch 07 | loss inf | val acc 63.88%
Epoch 08 | loss inf | val acc 55.60%
Epoch 09 | loss inf | val acc 53.94%
Epoch 10 | loss inf | val acc 52.40%
Epoch 11 | loss inf | val acc 68.56%
Epoch 12 | loss inf | val acc 61.10%
Epoch 13 | loss inf | val acc 59.27%
Epoch 14 | loss inf | val acc 54.35%
Epoch 15 | loss inf | val acc 69.92%
Epoch 16 | loss inf | val acc 63.17%
Epoch 17 | loss inf | val acc 58.44%
Epoch 18 | loss inf | val acc 59.33%
Epoch 19 | loss inf | val acc 57.84%
Epoch 20 | loss inf | val acc 55.89%

Early stop at epoch 20. Best val acc: 69.92%

Accuracy: 0.6992303137951451
              precision    recall  f1-score   support

    Goodware       0.88      0.44      0.58       814
     Malware       0.64      0.94      0.76       875

    accuracy                           0.70      1689
   macro avg       0.76      0.69      0.67      1689
weighted avg       0.76      0.70      0.68      1689

Time taken: 1.69 minutes
Filtered with filter Block Pos Kernel with parameters: block_size = 33 pos = 27
Epoch 01 | loss inf | val acc 51.33%
Epoch 02 | loss inf | val acc 54.41%
Epoch 03 | loss inf | val acc 53.46%
Epoch 04 | loss inf | val acc 53.82%
Epoch 05 | loss inf | val acc 58.56%
Epoch 06 | loss inf | val acc 67.44%
Epoch 07 | loss inf | val acc 54.65%
Epoch 08 | loss inf | val acc 57.61%
Epoch 09 | loss inf | val acc 62.58%
Epoch 10 | loss inf | val acc 54.00%
Epoch 11 | loss inf | val acc 61.22%

Early stop at epoch 11. Best val acc: 67.44%

Accuracy: 0.6743635287152161
              precision    recall  f1-score   support

    Goodware       0.64      0.73      0.68       814
     Malware       0.71      0.62      0.67       875

    accuracy                           0.67      1689
   macro avg       0.68      0.68      0.67      1689
weighted avg       0.68      0.67      0.67      1689

Time taken: 1.63 minutes
Filtered with filter Block Pos Kernel with parameters: block_size = 33 pos = 32
Epoch 01 | loss inf | val acc 55.36%
Epoch 02 | loss inf | val acc 59.80%
Epoch 03 | loss inf | val acc 53.76%
Epoch 04 | loss inf | val acc 61.10%
Epoch 05 | loss inf | val acc 58.26%
Epoch 06 | loss inf | val acc 57.90%
Epoch 07 | loss inf | val acc 57.02%
Epoch 08 | loss inf | val acc 55.00%
Epoch 09 | loss inf | val acc 62.17%
Epoch 10 | loss inf | val acc 58.50%
Epoch 11 | loss inf | val acc 52.46%
Epoch 12 | loss inf | val acc 60.81%
Epoch 13 | loss inf | val acc 57.19%
Epoch 14 | loss inf | val acc 52.40%

Early stop at epoch 14. Best val acc: 62.17%

Accuracy: 0.6216696269982238
              precision    recall  f1-score   support

    Goodware       0.85      0.26      0.40       814
     Malware       0.58      0.96      0.72       875

    accuracy                           0.62      1689
   macro avg       0.71      0.61      0.56      1689
weighted avg       0.71      0.62      0.57      1689

Time taken: 1.65 minutes
Filtered with filter Block Pos Kernel with parameters: block_size = 38 pos = 2
Epoch 01 | loss inf | val acc 49.97%
Epoch 02 | loss inf | val acc 51.87%
Epoch 03 | loss inf | val acc 51.87%
Epoch 04 | loss inf | val acc 51.27%
Epoch 05 | loss inf | val acc 52.04%
Epoch 06 | loss inf | val acc 53.23%
Epoch 07 | loss inf | val acc 51.45%
Epoch 08 | loss inf | val acc 54.53%
Epoch 09 | loss inf | val acc 56.54%
Epoch 10 | loss inf | val acc 53.11%
Epoch 11 | loss inf | val acc 60.09%
Epoch 12 | loss inf | val acc 53.35%
Epoch 13 | loss inf | val acc 54.59%
Epoch 14 | loss inf | val acc 56.19%
Epoch 15 | loss inf | val acc 62.70%
Epoch 16 | loss inf | val acc 55.60%
Epoch 17 | loss inf | val acc 65.01%
Epoch 18 | loss inf | val acc 74.19%
Epoch 19 | loss inf | val acc 55.18%
Epoch 20 | loss inf | val acc 55.24%
Epoch 21 | loss inf | val acc 67.02%
Epoch 22 | loss inf | val acc 62.29%
Epoch 23 | loss inf | val acc 53.88%

Early stop at epoch 23. Best val acc: 74.19%

Accuracy: 0.7418590882178804
              precision    recall  f1-score   support

    Goodware       0.81      0.61      0.69       814
     Malware       0.70      0.87      0.78       875

    accuracy                           0.74      1689
   macro avg       0.76      0.74      0.74      1689
weighted avg       0.75      0.74      0.74      1689

Time taken: 1.73 minutes
Filtered with filter Block Pos Kernel with parameters: block_size = 38 pos = 7
Epoch 01 | loss inf | val acc 48.55%
Epoch 02 | loss inf | val acc 51.15%
Epoch 03 | loss inf | val acc 49.44%
Epoch 04 | loss inf | val acc 57.31%
Epoch 05 | loss inf | val acc 49.97%
Epoch 06 | loss inf | val acc 52.10%
Epoch 07 | loss inf | val acc 60.15%
Epoch 08 | loss inf | val acc 52.16%
Epoch 09 | loss inf | val acc 50.80%
Epoch 10 | loss inf | val acc 52.63%
Epoch 11 | loss inf | val acc 49.73%
Epoch 12 | loss inf | val acc 54.47%

Early stop at epoch 12. Best val acc: 60.15%

Accuracy: 0.6015393724097099
              precision    recall  f1-score   support

    Goodware       0.56      0.84      0.67       814
     Malware       0.72      0.38      0.49       875

    accuracy                           0.60      1689
   macro avg       0.64      0.61      0.58      1689
weighted avg       0.64      0.60      0.58      1689

Time taken: 1.68 minutes
Filtered with filter Block Pos Kernel with parameters: block_size = 38 pos = 12
Epoch 01 | loss inf | val acc 50.38%
Epoch 02 | loss inf | val acc 51.57%
Epoch 03 | loss inf | val acc 53.52%
Epoch 04 | loss inf | val acc 51.45%
Epoch 05 | loss inf | val acc 51.98%
Epoch 06 | loss inf | val acc 52.10%
Epoch 07 | loss inf | val acc 59.68%
Epoch 08 | loss inf | val acc 56.19%
Epoch 09 | loss inf | val acc 59.03%
Epoch 10 | loss inf | val acc 57.02%
Epoch 11 | loss inf | val acc 60.86%
Epoch 12 | loss inf | val acc 60.51%
Epoch 13 | loss inf | val acc 54.17%
Epoch 14 | loss inf | val acc 52.93%
Epoch 15 | loss inf | val acc 56.01%
Epoch 16 | loss inf | val acc 60.09%

Early stop at epoch 16. Best val acc: 60.86%

Accuracy: 0.6086441681468324
              precision    recall  f1-score   support

    Goodware       0.56      0.93      0.70       814
     Malware       0.83      0.31      0.45       875

    accuracy                           0.61      1689
   macro avg       0.70      0.62      0.57      1689
weighted avg       0.70      0.61      0.57      1689

Time taken: 1.69 minutes
Filtered with filter Block Pos Kernel with parameters: block_size = 38 pos = 17
Epoch 01 | loss inf | val acc 53.88%
Epoch 02 | loss inf | val acc 53.40%
Epoch 03 | loss inf | val acc 53.94%
Epoch 04 | loss inf | val acc 54.23%
Epoch 05 | loss inf | val acc 54.41%
Epoch 06 | loss inf | val acc 50.44%
Epoch 07 | loss inf | val acc 63.11%
Epoch 08 | loss inf | val acc 55.48%
Epoch 09 | loss inf | val acc 54.35%
Epoch 10 | loss inf | val acc 48.49%
Epoch 11 | loss inf | val acc 66.31%
Epoch 12 | loss inf | val acc 48.96%
Epoch 13 | loss inf | val acc 55.42%
Epoch 14 | loss inf | val acc 49.20%
Epoch 15 | loss inf | val acc 53.05%
Epoch 16 | loss inf | val acc 49.50%

Early stop at epoch 16. Best val acc: 66.31%

Accuracy: 0.6631142687981054
              precision    recall  f1-score   support

    Goodware       0.81      0.39      0.53       814
     Malware       0.62      0.91      0.74       875

    accuracy                           0.66      1689
   macro avg       0.71      0.65      0.63      1689
weighted avg       0.71      0.66      0.64      1689

Time taken: 1.68 minutes
Filtered with filter Block Pos Kernel with parameters: block_size = 38 pos = 22
Epoch 01 | loss inf | val acc 51.04%
Epoch 02 | loss inf | val acc 54.06%
Epoch 03 | loss inf | val acc 52.58%
Epoch 04 | loss inf | val acc 51.57%
Epoch 05 | loss inf | val acc 53.35%
Epoch 06 | loss inf | val acc 53.11%
Epoch 07 | loss inf | val acc 60.15%
Epoch 08 | loss inf | val acc 51.87%
Epoch 09 | loss inf | val acc 61.04%
Epoch 10 | loss inf | val acc 66.90%
Epoch 11 | loss inf | val acc 66.49%
Epoch 12 | loss inf | val acc 53.40%
Epoch 13 | loss inf | val acc 52.75%
Epoch 14 | loss inf | val acc 51.51%
Epoch 15 | loss inf | val acc 53.94%

Early stop at epoch 15. Best val acc: 66.90%

Accuracy: 0.6690349319123742
              precision    recall  f1-score   support

    Goodware       0.73      0.50      0.59       814
     Malware       0.64      0.83      0.72       875

    accuracy                           0.67      1689
   macro avg       0.69      0.66      0.66      1689
weighted avg       0.68      0.67      0.66      1689

Time taken: 1.72 minutes
Filtered with filter Block Pos Kernel with parameters: block_size = 38 pos = 27
Epoch 01 | loss inf | val acc 48.49%
Epoch 02 | loss inf | val acc 52.28%
Epoch 03 | loss inf | val acc 48.49%
Epoch 04 | loss inf | val acc 53.46%
Epoch 05 | loss inf | val acc 51.51%
Epoch 06 | loss inf | val acc 53.35%
Epoch 07 | loss inf | val acc 50.68%
Epoch 08 | loss inf | val acc 54.41%
Epoch 09 | loss inf | val acc 48.96%
Epoch 10 | loss inf | val acc 67.91%
Epoch 11 | loss inf | val acc 52.87%
Epoch 12 | loss inf | val acc 52.87%
Epoch 13 | loss inf | val acc 51.92%
Epoch 14 | loss inf | val acc 57.37%
Epoch 15 | loss inf | val acc 51.87%

Early stop at epoch 15. Best val acc: 67.91%

Accuracy: 0.6791000592066312
              precision    recall  f1-score   support

    Goodware       0.71      0.56      0.63       814
     Malware       0.66      0.79      0.72       875

    accuracy                           0.68      1689
   macro avg       0.69      0.67      0.67      1689
weighted avg       0.69      0.68      0.67      1689

Time taken: 1.61 minutes
Filtered with filter Block Pos Kernel with parameters: block_size = 38 pos = 32
Epoch 01 | loss inf | val acc 51.21%
Epoch 02 | loss inf | val acc 50.98%
Epoch 03 | loss inf | val acc 58.79%
Epoch 04 | loss inf | val acc 52.63%
Epoch 05 | loss inf | val acc 51.63%
Epoch 06 | loss inf | val acc 52.75%
Epoch 07 | loss inf | val acc 51.69%
Epoch 08 | loss inf | val acc 54.06%

Early stop at epoch 8. Best val acc: 58.79%

Accuracy: 0.5879218472468917
              precision    recall  f1-score   support

    Goodware       0.69      0.26      0.38       814
     Malware       0.56      0.89      0.69       875

    accuracy                           0.59      1689
   macro avg       0.63      0.58      0.54      1689
weighted avg       0.63      0.59      0.54      1689

Time taken: 1.60 minutes
Filtered with filter Block Pos Kernel with parameters: block_size = 38 pos = 37
Epoch 01 | loss inf | val acc 51.27%
Epoch 02 | loss inf | val acc 58.56%
Epoch 03 | loss inf | val acc 53.70%
Epoch 04 | loss inf | val acc 55.54%
Epoch 05 | loss inf | val acc 64.06%
Epoch 06 | loss inf | val acc 50.27%
Epoch 07 | loss inf | val acc 61.69%
Epoch 08 | loss inf | val acc 50.62%
Epoch 09 | loss inf | val acc 52.58%
Epoch 10 | loss inf | val acc 57.90%

Early stop at epoch 10. Best val acc: 64.06%

Accuracy: 0.640615748963884
              precision    recall  f1-score   support

    Goodware       0.79      0.35      0.48       814
     Malware       0.60      0.91      0.72       875

    accuracy                           0.64      1689
   macro avg       0.69      0.63      0.60      1689
weighted avg       0.69      0.64      0.61      1689

Time taken: 1.63 minutes
Filtered with filter Block Pos Kernel with parameters: block_size = 43 pos = 2
Epoch 01 | loss inf | val acc 55.30%
Epoch 02 | loss inf | val acc 59.92%
Epoch 03 | loss inf | val acc 55.48%
Epoch 04 | loss inf | val acc 64.83%
Epoch 05 | loss inf | val acc 58.97%
Epoch 06 | loss inf | val acc 60.39%
Epoch 07 | loss inf | val acc 57.13%
Epoch 08 | loss inf | val acc 60.39%
Epoch 09 | loss inf | val acc 54.59%

Early stop at epoch 9. Best val acc: 64.83%

Accuracy: 0.6483126110124334
              precision    recall  f1-score   support

    Goodware       0.82      0.34      0.49       814
     Malware       0.60      0.93      0.73       875

    accuracy                           0.65      1689
   macro avg       0.71      0.64      0.61      1689
weighted avg       0.71      0.65      0.61      1689

Time taken: 1.59 minutes
Filtered with filter Block Pos Kernel with parameters: block_size = 43 pos = 7
Epoch 01 | loss inf | val acc 50.09%
Epoch 02 | loss inf | val acc 54.94%
Epoch 03 | loss inf | val acc 54.29%
Epoch 04 | loss inf | val acc 53.46%
Epoch 05 | loss inf | val acc 54.59%
Epoch 06 | loss inf | val acc 53.11%
Epoch 07 | loss inf | val acc 58.61%
Epoch 08 | loss inf | val acc 62.17%
Epoch 09 | loss inf | val acc 54.06%
Epoch 10 | loss inf | val acc 53.58%
Epoch 11 | loss inf | val acc 56.07%
Epoch 12 | loss inf | val acc 53.76%
Epoch 13 | loss inf | val acc 59.80%

Early stop at epoch 13. Best val acc: 62.17%

Accuracy: 0.6216696269982238
              precision    recall  f1-score   support

    Goodware       0.87      0.25      0.39       814
     Malware       0.58      0.97      0.73       875

    accuracy                           0.62      1689
   macro avg       0.73      0.61      0.56      1689
weighted avg       0.72      0.62      0.56      1689

Time taken: 1.63 minutes
Filtered with filter Block Pos Kernel with parameters: block_size = 43 pos = 12
Epoch 01 | loss inf | val acc 51.04%
Epoch 02 | loss inf | val acc 51.63%
Epoch 03 | loss inf | val acc 52.28%
Epoch 04 | loss inf | val acc 53.35%
Epoch 05 | loss inf | val acc 60.09%
Epoch 06 | loss inf | val acc 54.65%
Epoch 07 | loss inf | val acc 61.04%
Epoch 08 | loss inf | val acc 55.60%
Epoch 09 | loss inf | val acc 52.99%
Epoch 10 | loss inf | val acc 61.63%
Epoch 11 | loss inf | val acc 54.35%
Epoch 12 | loss inf | val acc 69.92%
Epoch 13 | loss inf | val acc 54.35%
Epoch 14 | loss inf | val acc 56.01%
Epoch 15 | loss inf | val acc 62.88%
Epoch 16 | loss inf | val acc 54.29%
Epoch 17 | loss inf | val acc 52.81%

Early stop at epoch 17. Best val acc: 69.92%

Accuracy: 0.6992303137951451
              precision    recall  f1-score   support

    Goodware       0.66      0.79      0.72       814
     Malware       0.76      0.62      0.68       875

    accuracy                           0.70      1689
   macro avg       0.71      0.70      0.70      1689
weighted avg       0.71      0.70      0.70      1689

Time taken: 1.65 minutes
Filtered with filter Block Pos Kernel with parameters: block_size = 43 pos = 17
Epoch 01 | loss inf | val acc 50.50%
Epoch 02 | loss inf | val acc 51.27%
Epoch 03 | loss inf | val acc 54.23%
Epoch 04 | loss inf | val acc 51.45%
Epoch 05 | loss inf | val acc 54.06%
Epoch 06 | loss inf | val acc 60.21%
Epoch 07 | loss inf | val acc 58.38%
Epoch 08 | loss inf | val acc 52.10%
Epoch 09 | loss inf | val acc 53.82%
Epoch 10 | loss inf | val acc 54.53%
Epoch 11 | loss inf | val acc 60.15%

Early stop at epoch 11. Best val acc: 60.21%

Accuracy: 0.6021314387211367
              precision    recall  f1-score   support

    Goodware       0.86      0.21      0.34       814
     Malware       0.57      0.97      0.72       875

    accuracy                           0.60      1689
   macro avg       0.71      0.59      0.53      1689
weighted avg       0.71      0.60      0.53      1689

Time taken: 1.60 minutes
Filtered with filter Block Pos Kernel with parameters: block_size = 43 pos = 22
Epoch 01 | loss inf | val acc 51.33%
Epoch 02 | loss inf | val acc 53.70%
Epoch 03 | loss inf | val acc 53.64%
Epoch 04 | loss inf | val acc 57.67%
Epoch 05 | loss inf | val acc 51.75%
Epoch 06 | loss inf | val acc 52.99%
Epoch 07 | loss inf | val acc 53.94%
Epoch 08 | loss inf | val acc 60.51%
Epoch 09 | loss inf | val acc 54.59%
Epoch 10 | loss inf | val acc 54.17%
Epoch 11 | loss inf | val acc 60.15%
Epoch 12 | loss inf | val acc 55.95%
Epoch 13 | loss inf | val acc 54.23%

Early stop at epoch 13. Best val acc: 60.51%

Accuracy: 0.6050917702782712
              precision    recall  f1-score   support

    Goodware       0.55      0.91      0.69       814
     Malware       0.80      0.32      0.45       875

    accuracy                           0.61      1689
   macro avg       0.68      0.62      0.57      1689
weighted avg       0.68      0.61      0.57      1689

Time taken: 1.61 minutes
Filtered with filter Block Pos Kernel with parameters: block_size = 43 pos = 27
Epoch 01 | loss inf | val acc 54.83%
Epoch 02 | loss inf | val acc 51.51%
Epoch 03 | loss inf | val acc 55.24%
Epoch 04 | loss inf | val acc 53.82%
Epoch 05 | loss inf | val acc 52.75%
Epoch 06 | loss inf | val acc 53.88%
Epoch 07 | loss inf | val acc 57.13%
Epoch 08 | loss inf | val acc 54.00%
Epoch 09 | loss inf | val acc 66.25%
Epoch 10 | loss inf | val acc 54.71%
Epoch 11 | loss inf | val acc 56.90%
Epoch 12 | loss inf | val acc 62.05%
Epoch 13 | loss inf | val acc 66.19%
Epoch 14 | loss inf | val acc 55.06%

Early stop at epoch 14. Best val acc: 66.25%

Accuracy: 0.6625222024866785
              precision    recall  f1-score   support

    Goodware       0.82      0.39      0.52       814
     Malware       0.62      0.92      0.74       875

    accuracy                           0.66      1689
   macro avg       0.72      0.65      0.63      1689
weighted avg       0.71      0.66      0.64      1689

Time taken: 1.61 minutes
Filtered with filter Block Pos Kernel with parameters: block_size = 43 pos = 32
Epoch 01 | loss inf | val acc 50.80%
Epoch 02 | loss inf | val acc 55.77%
Epoch 03 | loss inf | val acc 54.06%
Epoch 04 | loss inf | val acc 53.76%
Epoch 05 | loss inf | val acc 53.64%
Epoch 06 | loss inf | val acc 54.00%
Epoch 07 | loss inf | val acc 54.35%

Early stop at epoch 7. Best val acc: 55.77%

Accuracy: 0.5577264653641207
              precision    recall  f1-score   support

    Goodware       0.72      0.13      0.22       814
     Malware       0.54      0.95      0.69       875

    accuracy                           0.56      1689
   macro avg       0.63      0.54      0.46      1689
weighted avg       0.63      0.56      0.47      1689

Time taken: 1.63 minutes
Filtered with filter Block Pos Kernel with parameters: block_size = 43 pos = 37
Epoch 01 | loss inf | val acc 51.39%
Epoch 02 | loss inf | val acc 51.15%
Epoch 03 | loss inf | val acc 55.18%
Epoch 04 | loss inf | val acc 57.84%
Epoch 05 | loss inf | val acc 54.59%
Epoch 06 | loss inf | val acc 52.52%
Epoch 07 | loss inf | val acc 53.40%
Epoch 08 | loss inf | val acc 69.45%
Epoch 09 | loss inf | val acc 53.70%
Epoch 10 | loss inf | val acc 54.23%
Epoch 11 | loss inf | val acc 56.90%
Epoch 12 | loss inf | val acc 60.92%
Epoch 13 | loss inf | val acc 57.73%

Early stop at epoch 13. Best val acc: 69.45%

Accuracy: 0.69449378330373
              precision    recall  f1-score   support

    Goodware       0.68      0.69      0.68       814
     Malware       0.71      0.70      0.70       875

    accuracy                           0.69      1689
   macro avg       0.69      0.69      0.69      1689
weighted avg       0.69      0.69      0.69      1689

Time taken: 1.63 minutes
Filtered with filter Block Pos Kernel with parameters: block_size = 43 pos = 42
Epoch 01 | loss inf | val acc 51.51%
Epoch 02 | loss inf | val acc 52.04%
Epoch 03 | loss inf | val acc 66.79%
Epoch 04 | loss inf | val acc 55.48%
Epoch 05 | loss inf | val acc 51.75%
Epoch 06 | loss inf | val acc 53.94%
Epoch 07 | loss inf | val acc 52.81%
Epoch 08 | loss inf | val acc 61.87%

Early stop at epoch 8. Best val acc: 66.79%

Accuracy: 0.6678507992895204
              precision    recall  f1-score   support

    Goodware       0.65      0.66      0.66       814
     Malware       0.68      0.68      0.68       875

    accuracy                           0.67      1689
   macro avg       0.67      0.67      0.67      1689
weighted avg       0.67      0.67      0.67      1689

Time taken: 1.58 minutes
Filtered with filter Block Pos Kernel with parameters: block_size = 48 pos = 2
Epoch 01 | loss inf | val acc 58.44%
Epoch 02 | loss inf | val acc 56.19%
Epoch 03 | loss inf | val acc 53.23%
Epoch 04 | loss inf | val acc 52.10%
Epoch 05 | loss inf | val acc 50.56%
Epoch 06 | loss inf | val acc 51.98%

Early stop at epoch 6. Best val acc: 58.44%

Accuracy: 0.5843694493783304
              precision    recall  f1-score   support

    Goodware       0.62      0.36      0.45       814
     Malware       0.57      0.79      0.66       875

    accuracy                           0.58      1689
   macro avg       0.59      0.58      0.56      1689
weighted avg       0.59      0.58      0.56      1689

Time taken: 1.60 minutes
Filtered with filter Block Pos Kernel with parameters: block_size = 48 pos = 7
Epoch 01 | loss inf | val acc 51.21%
Epoch 02 | loss inf | val acc 48.31%
Epoch 03 | loss inf | val acc 53.82%
Epoch 04 | loss inf | val acc 59.09%
Epoch 05 | loss inf | val acc 52.16%
Epoch 06 | loss inf | val acc 49.97%
Epoch 07 | loss inf | val acc 64.54%
Epoch 08 | loss inf | val acc 49.79%
Epoch 09 | loss inf | val acc 52.81%
Epoch 10 | loss inf | val acc 49.73%
Epoch 11 | loss inf | val acc 60.15%
Epoch 12 | loss inf | val acc 53.29%

Early stop at epoch 12. Best val acc: 64.54%

Accuracy: 0.6453522794552989
              precision    recall  f1-score   support

    Goodware       0.74      0.41      0.53       814
     Malware       0.61      0.87      0.72       875

    accuracy                           0.65      1689
   macro avg       0.68      0.64      0.62      1689
weighted avg       0.67      0.65      0.62      1689

Time taken: 1.63 minutes
Filtered with filter Block Pos Kernel with parameters: block_size = 48 pos = 12
Epoch 01 | loss inf | val acc 51.57%
Epoch 02 | loss inf | val acc 52.28%
Epoch 03 | loss inf | val acc 51.81%
Epoch 04 | loss inf | val acc 51.92%
Epoch 05 | loss inf | val acc 51.69%
Epoch 06 | loss inf | val acc 52.28%
Epoch 07 | loss inf | val acc 52.75%
Epoch 08 | loss inf | val acc 57.96%
Epoch 09 | loss inf | val acc 52.16%
Epoch 10 | loss inf | val acc 58.26%
Epoch 11 | loss inf | val acc 52.46%
Epoch 12 | loss inf | val acc 52.10%
Epoch 13 | loss inf | val acc 52.10%
Epoch 14 | loss inf | val acc 62.82%
Epoch 15 | loss inf | val acc 68.68%
Epoch 16 | loss inf | val acc 56.60%
Epoch 17 | loss inf | val acc 57.79%
Epoch 18 | loss inf | val acc 62.40%
Epoch 19 | loss inf | val acc 55.00%
Epoch 20 | loss inf | val acc 57.13%

Early stop at epoch 20. Best val acc: 68.68%

Accuracy: 0.6867969212551805
              precision    recall  f1-score   support

    Goodware       0.79      0.47      0.59       814
     Malware       0.64      0.89      0.75       875

    accuracy                           0.69      1689
   macro avg       0.72      0.68      0.67      1689
weighted avg       0.72      0.69      0.67      1689

Time taken: 1.62 minutes
Filtered with filter Block Pos Kernel with parameters: block_size = 48 pos = 17
Epoch 01 | loss inf | val acc 51.45%
Epoch 02 | loss inf | val acc 57.79%
Epoch 03 | loss inf | val acc 51.57%
Epoch 04 | loss inf | val acc 48.37%
Epoch 05 | loss inf | val acc 54.94%
Epoch 06 | loss inf | val acc 50.33%
Epoch 07 | loss inf | val acc 54.94%

Early stop at epoch 7. Best val acc: 57.79%

Accuracy: 0.5778567199526347
              precision    recall  f1-score   support

    Goodware       0.54      0.87      0.67       814
     Malware       0.72      0.30      0.43       875

    accuracy                           0.58      1689
   macro avg       0.63      0.59      0.55      1689
weighted avg       0.63      0.58      0.54      1689

Time taken: 1.57 minutes
Filtered with filter Block Pos Kernel with parameters: block_size = 48 pos = 22
Epoch 01 | loss inf | val acc 50.62%
Epoch 02 | loss inf | val acc 54.71%
Epoch 03 | loss inf | val acc 50.62%
Epoch 04 | loss inf | val acc 60.69%
Epoch 05 | loss inf | val acc 50.50%
Epoch 06 | loss inf | val acc 51.92%
Epoch 07 | loss inf | val acc 52.52%
Epoch 08 | loss inf | val acc 63.71%
Epoch 09 | loss inf | val acc 58.67%
Epoch 10 | loss inf | val acc 63.71%
Epoch 11 | loss inf | val acc 51.27%
Epoch 12 | loss inf | val acc 58.20%
Epoch 13 | loss inf | val acc 53.82%

Early stop at epoch 13. Best val acc: 63.71%

Accuracy: 0.6370633510953226
              precision    recall  f1-score   support

    Goodware       0.78      0.34      0.48       814
     Malware       0.60      0.91      0.72       875

    accuracy                           0.64      1689
   macro avg       0.69      0.63      0.60      1689
weighted avg       0.69      0.64      0.60      1689

Time taken: 1.60 minutes
Filtered with filter Block Pos Kernel with parameters: block_size = 48 pos = 27
Epoch 01 | loss inf | val acc 51.27%
Epoch 02 | loss inf | val acc 48.19%
Epoch 03 | loss inf | val acc 51.45%
Epoch 04 | loss inf | val acc 49.97%
Epoch 05 | loss inf | val acc 52.99%
Epoch 06 | loss inf | val acc 58.50%
Epoch 07 | loss inf | val acc 53.88%
Epoch 08 | loss inf | val acc 49.26%
Epoch 09 | loss inf | val acc 55.24%
Epoch 10 | loss inf | val acc 54.17%
Epoch 11 | loss inf | val acc 53.82%

Early stop at epoch 11. Best val acc: 58.50%

Accuracy: 0.5849615156897573
              precision    recall  f1-score   support

    Goodware       0.54      0.86      0.67       814
     Malware       0.71      0.33      0.45       875

    accuracy                           0.58      1689
   macro avg       0.63      0.59      0.56      1689
weighted avg       0.63      0.58      0.56      1689

Time taken: 1.59 minutes
Filtered with filter Block Pos Kernel with parameters: block_size = 48 pos = 32
Epoch 01 | loss inf | val acc 51.04%
Epoch 02 | loss inf | val acc 50.21%
Epoch 03 | loss inf | val acc 51.10%
Epoch 04 | loss inf | val acc 51.04%
Epoch 05 | loss inf | val acc 51.87%
Epoch 06 | loss inf | val acc 51.27%
Epoch 07 | loss inf | val acc 54.65%
Epoch 08 | loss inf | val acc 51.27%
Epoch 09 | loss inf | val acc 60.21%
Epoch 10 | loss inf | val acc 51.75%
Epoch 11 | loss inf | val acc 53.29%
Epoch 12 | loss inf | val acc 63.88%
Epoch 13 | loss inf | val acc 53.64%
Epoch 14 | loss inf | val acc 52.58%
Epoch 15 | loss inf | val acc 56.90%
Epoch 16 | loss inf | val acc 56.36%
Epoch 17 | loss inf | val acc 54.71%

Early stop at epoch 17. Best val acc: 63.88%

Accuracy: 0.6388395500296034
              precision    recall  f1-score   support

    Goodware       0.78      0.35      0.48       814
     Malware       0.60      0.91      0.72       875

    accuracy                           0.64      1689
   macro avg       0.69      0.63      0.60      1689
weighted avg       0.69      0.64      0.61      1689

Time taken: 1.62 minutes
Filtered with filter Block Pos Kernel with parameters: block_size = 48 pos = 37
Epoch 01 | loss inf | val acc 48.31%
Epoch 02 | loss inf | val acc 53.29%
Epoch 03 | loss inf | val acc 50.56%
Epoch 04 | loss inf | val acc 52.04%
Epoch 05 | loss inf | val acc 50.15%
Epoch 06 | loss inf | val acc 51.69%
Epoch 07 | loss inf | val acc 64.65%
Epoch 08 | loss inf | val acc 51.87%
Epoch 09 | loss inf | val acc 51.04%
Epoch 10 | loss inf | val acc 57.55%
Epoch 11 | loss inf | val acc 56.48%
Epoch 12 | loss inf | val acc 52.99%

Early stop at epoch 12. Best val acc: 64.65%

Accuracy: 0.6465364120781527
              precision    recall  f1-score   support

    Goodware       0.60      0.82      0.69       814
     Malware       0.74      0.49      0.59       875

    accuracy                           0.65      1689
   macro avg       0.67      0.65      0.64      1689
weighted avg       0.67      0.65      0.64      1689

Time taken: 1.69 minutes
Filtered with filter Block Pos Kernel with parameters: block_size = 48 pos = 42
Epoch 01 | loss inf | val acc 55.18%
Epoch 02 | loss inf | val acc 51.33%
Epoch 03 | loss inf | val acc 55.00%
Epoch 04 | loss inf | val acc 51.21%
Epoch 05 | loss inf | val acc 51.45%
Epoch 06 | loss inf | val acc 53.11%

Early stop at epoch 6. Best val acc: 55.18%

Accuracy: 0.551805802249852
              precision    recall  f1-score   support

    Goodware       0.52      0.92      0.67       814
     Malware       0.74      0.21      0.32       875

    accuracy                           0.55      1689
   macro avg       0.63      0.56      0.49      1689
weighted avg       0.64      0.55      0.49      1689

Time taken: 1.59 minutes
Filtered with filter Block Pos Kernel with parameters: block_size = 48 pos = 47
Epoch 01 | loss inf | val acc 54.35%
Epoch 02 | loss inf | val acc 53.94%
Epoch 03 | loss inf | val acc 58.79%
Epoch 04 | loss inf | val acc 56.78%
Epoch 05 | loss inf | val acc 49.02%
Epoch 06 | loss inf | val acc 56.25%
Epoch 07 | loss inf | val acc 50.56%
Epoch 08 | loss inf | val acc 53.76%

Early stop at epoch 8. Best val acc: 58.79%

Accuracy: 0.5879218472468917
              precision    recall  f1-score   support

    Goodware       0.55      0.79      0.65       814
     Malware       0.67      0.40      0.50       875

    accuracy                           0.59      1689
   macro avg       0.61      0.59      0.58      1689
weighted avg       0.61      0.59      0.57      1689

Time taken: 1.57 minutes
