--- Fold 1 ---

Epoch 1: 100%|██████████| 237/237 [01:47<00:00,  2.21it/s]

Accuracy: 0.9122 | F1-score: 0.9119

Epoch 2: 100%|██████████| 237/237 [02:31<00:00,  1.56it/s]

Accuracy: 0.9217 | F1-score: 0.9216

Epoch 3: 100%|██████████| 237/237 [02:08<00:00,  1.84it/s]

Accuracy: 0.9300 | F1-score: 0.9299

Epoch 4: 100%|██████████| 237/237 [02:01<00:00,  1.96it/s]

Accuracy: 0.9324 | F1-score: 0.9323

Epoch 5: 100%|██████████| 237/237 [02:00<00:00,  1.96it/s]

Accuracy: 0.9383 | F1-score: 0.9383

Epoch 6: 100%|██████████| 237/237 [02:00<00:00,  1.97it/s]

Accuracy: 0.9205 | F1-score: 0.9201

Epoch 7: 100%|██████████| 237/237 [02:00<00:00,  1.97it/s]

Accuracy: 0.9407 | F1-score: 0.9406

Epoch 8: 100%|██████████| 237/237 [02:00<00:00,  1.97it/s]

Accuracy: 0.9442 | F1-score: 0.9441

Epoch 9: 100%|██████████| 237/237 [01:59<00:00,  1.98it/s]

Accuracy: 0.9407 | F1-score: 0.9405

Epoch 10: 100%|██████████| 237/237 [02:01<00:00,  1.95it/s]

Accuracy: 0.9383 | F1-score: 0.9383

Epoch 11: 100%|██████████| 237/237 [02:01<00:00,  1.96it/s]

Accuracy: 0.9395 | F1-score: 0.9393

Epoch 12: 100%|██████████| 237/237 [02:00<00:00,  1.97it/s]

Accuracy: 0.9431 | F1-score: 0.9429

Epoch 13: 100%|██████████| 237/237 [02:00<00:00,  1.96it/s]

Accuracy: 0.9336 | F1-score: 0.9335
Early stopping

--- Fold 2 ---

Epoch 1: 100%|██████████| 237/237 [02:01<00:00,  1.95it/s]

Accuracy: 0.9134 | F1-score: 0.9130

Epoch 2: 100%|██████████| 237/237 [02:02<00:00,  1.94it/s]

Accuracy: 0.9407 | F1-score: 0.9407

Epoch 3: 100%|██████████| 237/237 [02:00<00:00,  1.97it/s]

Accuracy: 0.9312 | F1-score: 0.9311

Epoch 4: 100%|██████████| 237/237 [01:58<00:00,  2.00it/s]

Accuracy: 0.9324 | F1-score: 0.9323

Epoch 5: 100%|██████████| 237/237 [01:53<00:00,  2.09it/s]

Accuracy: 0.9371 | F1-score: 0.9369

Epoch 6: 100%|██████████| 237/237 [01:48<00:00,  2.19it/s]

Accuracy: 0.9466 | F1-score: 0.9465

Epoch 7: 100%|██████████| 237/237 [01:45<00:00,  2.24it/s]

Accuracy: 0.9371 | F1-score: 0.9370

Epoch 8: 100%|██████████| 237/237 [01:46<00:00,  2.22it/s]

Accuracy: 0.9514 | F1-score: 0.9513

Epoch 9: 100%|██████████| 237/237 [01:47<00:00,  2.21it/s]

Accuracy: 0.9419 | F1-score: 0.9418

Epoch 10: 100%|██████████| 237/237 [01:46<00:00,  2.22it/s]

Accuracy: 0.9442 | F1-score: 0.9441

Epoch 11: 100%|██████████| 237/237 [01:46<00:00,  2.23it/s]

Accuracy: 0.9490 | F1-score: 0.9489

Epoch 12: 100%|██████████| 237/237 [01:46<00:00,  2.22it/s]

Accuracy: 0.9419 | F1-score: 0.9417

Epoch 13: 100%|██████████| 237/237 [01:53<00:00,  2.10it/s]

Accuracy: 0.9407 | F1-score: 0.9407
Early stopping

--- Fold 3 ---

Epoch 1: 100%|██████████| 237/237 [01:42<00:00,  2.30it/s]

Accuracy: 0.9265 | F1-score: 0.9262

Epoch 2: 100%|██████████| 237/237 [01:43<00:00,  2.29it/s]

Accuracy: 0.9265 | F1-score: 0.9262

Epoch 3: 100%|██████████| 237/237 [01:47<00:00,  2.20it/s]

Accuracy: 0.9063 | F1-score: 0.9055

Epoch 4: 100%|██████████| 237/237 [01:45<00:00,  2.24it/s]

Accuracy: 0.9395 | F1-score: 0.9394

Epoch 5: 100%|██████████| 237/237 [02:00<00:00,  1.97it/s]

Accuracy: 0.9359 | F1-score: 0.9358

Epoch 6: 100%|██████████| 237/237 [01:52<00:00,  2.12it/s]

Accuracy: 0.9442 | F1-score: 0.9441

Epoch 7: 100%|██████████| 237/237 [02:02<00:00,  1.93it/s]

Accuracy: 0.9371 | F1-score: 0.9371

Epoch 8: 100%|██████████| 237/237 [01:50<00:00,  2.14it/s]

Accuracy: 0.9419 | F1-score: 0.9418

Epoch 9: 100%|██████████| 237/237 [01:52<00:00,  2.10it/s]

Accuracy: 0.9359 | F1-score: 0.9359

Epoch 10: 100%|██████████| 237/237 [01:50<00:00,  2.14it/s]

Accuracy: 0.9431 | F1-score: 0.9430

Epoch 11: 100%|██████████| 237/237 [01:49<00:00,  2.16it/s]

Accuracy: 0.9442 | F1-score: 0.9442

Epoch 12: 100%|██████████| 237/237 [01:50<00:00,  2.14it/s]

Accuracy: 0.9466 | F1-score: 0.9466

Epoch 13: 100%|██████████| 237/237 [01:52<00:00,  2.11it/s]

Accuracy: 0.9490 | F1-score: 0.9489

Epoch 14: 100%|██████████| 237/237 [01:50<00:00,  2.14it/s]

Accuracy: 0.9466 | F1-score: 0.9466

Epoch 15: 100%|██████████| 237/237 [01:50<00:00,  2.15it/s]

Accuracy: 0.9466 | F1-score: 0.9465

Epoch 16: 100%|██████████| 237/237 [01:51<00:00,  2.13it/s]

Accuracy: 0.9241 | F1-score: 0.9236

Epoch 17: 100%|██████████| 237/237 [01:51<00:00,  2.13it/s]

Accuracy: 0.9466 | F1-score: 0.9466

Epoch 18: 100%|██████████| 237/237 [01:51<00:00,  2.12it/s]

Accuracy: 0.9466 | F1-score: 0.9466
Early stopping

--- Fold 4 ---

Epoch 1: 100%|██████████| 237/237 [01:46<00:00,  2.22it/s]

Accuracy: 0.9158 | F1-score: 0.9152

Epoch 2: 100%|██████████| 237/237 [02:00<00:00,  1.97it/s]

Accuracy: 0.9324 | F1-score: 0.9321

Epoch 3: 100%|██████████| 237/237 [01:59<00:00,  1.98it/s]

Accuracy: 0.9502 | F1-score: 0.9502

Epoch 4: 100%|██████████| 237/237 [01:58<00:00,  2.00it/s]

Accuracy: 0.9490 | F1-score: 0.9490

Epoch 5: 100%|██████████| 237/237 [01:57<00:00,  2.02it/s]

Accuracy: 0.9502 | F1-score: 0.9502

Epoch 6: 100%|██████████| 237/237 [01:55<00:00,  2.05it/s]

Accuracy: 0.9395 | F1-score: 0.9395

Epoch 7: 100%|██████████| 237/237 [01:48<00:00,  2.19it/s]

Accuracy: 0.9537 | F1-score: 0.9537

Epoch 8: 100%|██████████| 237/237 [01:45<00:00,  2.24it/s]

Accuracy: 0.9466 | F1-score: 0.9466

Epoch 9: 100%|██████████| 237/237 [01:46<00:00,  2.22it/s]

Accuracy: 0.9561 | F1-score: 0.9561

Epoch 10: 100%|██████████| 237/237 [01:46<00:00,  2.22it/s]

Accuracy: 0.9585 | F1-score: 0.9585

Epoch 11: 100%|██████████| 237/237 [01:47<00:00,  2.20it/s]

Accuracy: 0.9609 | F1-score: 0.9608

Epoch 12: 100%|██████████| 237/237 [01:47<00:00,  2.20it/s]

Accuracy: 0.9537 | F1-score: 0.9537

Epoch 13: 100%|██████████| 237/237 [01:48<00:00,  2.18it/s]

Accuracy: 0.9454 | F1-score: 0.9454

Epoch 14: 100%|██████████| 237/237 [01:47<00:00,  2.20it/s]

Accuracy: 0.9537 | F1-score: 0.9537

Epoch 15: 100%|██████████| 237/237 [01:46<00:00,  2.22it/s]

Accuracy: 0.9561 | F1-score: 0.9561

Epoch 16: 100%|██████████| 237/237 [01:48<00:00,  2.19it/s]

Accuracy: 0.9620 | F1-score: 0.9620

Epoch 17: 100%|██████████| 237/237 [01:47<00:00,  2.21it/s]

Accuracy: 0.9490 | F1-score: 0.9490

Epoch 18: 100%|██████████| 237/237 [01:45<00:00,  2.24it/s]

Accuracy: 0.9561 | F1-score: 0.9561

Epoch 19: 100%|██████████| 237/237 [01:44<00:00,  2.26it/s]

Accuracy: 0.9383 | F1-score: 0.9383

Epoch 20: 100%|██████████| 237/237 [01:45<00:00,  2.24it/s]

Accuracy: 0.9490 | F1-score: 0.9490

Epoch 21: 100%|██████████| 237/237 [01:46<00:00,  2.23it/s]

Accuracy: 0.9431 | F1-score: 0.9431
Early stopping

--- Fold 5 ---

Epoch 1: 100%|██████████| 237/237 [01:45<00:00,  2.25it/s]

Accuracy: 0.9229 | F1-score: 0.9228

Epoch 2: 100%|██████████| 237/237 [01:44<00:00,  2.27it/s]

Accuracy: 0.9324 | F1-score: 0.9323

Epoch 3: 100%|██████████| 237/237 [01:45<00:00,  2.24it/s]

Accuracy: 0.9217 | F1-score: 0.9215

Epoch 4: 100%|██████████| 237/237 [01:46<00:00,  2.23it/s]

Accuracy: 0.9217 | F1-score: 0.9216

Epoch 5: 100%|██████████| 237/237 [01:44<00:00,  2.27it/s]

Accuracy: 0.9241 | F1-score: 0.9241

Epoch 6: 100%|██████████| 237/237 [01:45<00:00,  2.24it/s]

Accuracy: 0.9348 | F1-score: 0.9347

Epoch 7: 100%|██████████| 237/237 [01:44<00:00,  2.26it/s]

Accuracy: 0.9241 | F1-score: 0.9240

Epoch 8: 100%|██████████| 237/237 [01:46<00:00,  2.22it/s]

Accuracy: 0.9265 | F1-score: 0.9265

Epoch 9: 100%|██████████| 237/237 [01:44<00:00,  2.26it/s]

Accuracy: 0.9288 | F1-score: 0.9287

Epoch 10: 100%|██████████| 237/237 [01:46<00:00,  2.22it/s]

Accuracy: 0.9181 | F1-score: 0.9181

Epoch 11: 100%|██████████| 237/237 [01:45<00:00,  2.26it/s]

Accuracy: 0.9324 | F1-score: 0.9323
Early stopping

--- Fold 6 ---

Epoch 1: 100%|██████████| 237/237 [01:46<00:00,  2.23it/s]

Accuracy: 0.9075 | F1-score: 0.9067

Epoch 2: 100%|██████████| 237/237 [01:46<00:00,  2.23it/s]

Accuracy: 0.9324 | F1-score: 0.9322

Epoch 3: 100%|██████████| 237/237 [01:46<00:00,  2.23it/s]

Accuracy: 0.9276 | F1-score: 0.9276

Epoch 4: 100%|██████████| 237/237 [01:45<00:00,  2.25it/s]

Accuracy: 0.9324 | F1-score: 0.9323

Epoch 5: 100%|██████████| 237/237 [01:46<00:00,  2.23it/s]

Accuracy: 0.9336 | F1-score: 0.9334

Epoch 6: 100%|██████████| 237/237 [01:44<00:00,  2.27it/s]

Accuracy: 0.9371 | F1-score: 0.9370

Epoch 7: 100%|██████████| 237/237 [01:44<00:00,  2.26it/s]

Accuracy: 0.9324 | F1-score: 0.9324

Epoch 8: 100%|██████████| 237/237 [01:45<00:00,  2.25it/s]

Accuracy: 0.9383 | F1-score: 0.9383

Epoch 9: 100%|██████████| 237/237 [01:44<00:00,  2.27it/s]

Accuracy: 0.9478 | F1-score: 0.9477

Epoch 10: 100%|██████████| 237/237 [01:44<00:00,  2.26it/s]

Accuracy: 0.9407 | F1-score: 0.9405

Epoch 11: 100%|██████████| 237/237 [01:46<00:00,  2.23it/s]

Accuracy: 0.9336 | F1-score: 0.9335

Epoch 12: 100%|██████████| 237/237 [01:44<00:00,  2.27it/s]

Accuracy: 0.9336 | F1-score: 0.9334

Epoch 13: 100%|██████████| 237/237 [01:44<00:00,  2.28it/s]

Accuracy: 0.9371 | F1-score: 0.9371

Epoch 14: 100%|██████████| 237/237 [01:45<00:00,  2.25it/s]

Accuracy: 0.9359 | F1-score: 0.9359
Early stopping

--- Fold 7 ---

Epoch 1: 100%|██████████| 237/237 [01:45<00:00,  2.24it/s]

Accuracy: 0.9287 | F1-score: 0.9287

Epoch 2: 100%|██████████| 237/237 [01:45<00:00,  2.25it/s]

Accuracy: 0.9204 | F1-score: 0.9202

Epoch 3: 100%|██████████| 237/237 [01:43<00:00,  2.29it/s]

Accuracy: 0.9252 | F1-score: 0.9250

Epoch 4: 100%|██████████| 237/237 [01:43<00:00,  2.28it/s]

Accuracy: 0.9335 | F1-score: 0.9333

Epoch 5: 100%|██████████| 237/237 [01:45<00:00,  2.25it/s]

Accuracy: 0.9311 | F1-score: 0.9310

Epoch 6: 100%|██████████| 237/237 [01:44<00:00,  2.26it/s]

Accuracy: 0.9276 | F1-score: 0.9274

Epoch 7: 100%|██████████| 237/237 [01:43<00:00,  2.29it/s]

Accuracy: 0.9287 | F1-score: 0.9287

Epoch 8: 100%|██████████| 237/237 [01:45<00:00,  2.24it/s]

Accuracy: 0.9252 | F1-score: 0.9251

Epoch 9: 100%|██████████| 237/237 [01:44<00:00,  2.27it/s]

Accuracy: 0.9252 | F1-score: 0.9250
Early stopping

--- Fold 8 ---

Epoch 1: 100%|██████████| 237/237 [01:44<00:00,  2.27it/s]

Accuracy: 0.9014 | F1-score: 0.9013

Epoch 2: 100%|██████████| 237/237 [01:43<00:00,  2.29it/s]

Accuracy: 0.9264 | F1-score: 0.9261

Epoch 3: 100%|██████████| 237/237 [01:47<00:00,  2.21it/s]

Accuracy: 0.9276 | F1-score: 0.9276

Epoch 4: 100%|██████████| 237/237 [01:51<00:00,  2.13it/s]

Accuracy: 0.9252 | F1-score: 0.9251

Epoch 5: 100%|██████████| 237/237 [01:58<00:00,  2.00it/s]

Accuracy: 0.9382 | F1-score: 0.9382

Epoch 6: 100%|██████████| 237/237 [01:55<00:00,  2.04it/s]

Accuracy: 0.9287 | F1-score: 0.9287

Epoch 7: 100%|██████████| 237/237 [01:52<00:00,  2.10it/s]

Accuracy: 0.9501 | F1-score: 0.9501

Epoch 8: 100%|██████████| 237/237 [01:54<00:00,  2.08it/s]

Accuracy: 0.9216 | F1-score: 0.9216

Epoch 9: 100%|██████████| 237/237 [01:56<00:00,  2.04it/s]

Accuracy: 0.9406 | F1-score: 0.9405

Epoch 10: 100%|██████████| 237/237 [01:54<00:00,  2.07it/s]

Accuracy: 0.9394 | F1-score: 0.9394

Epoch 11: 100%|██████████| 237/237 [01:52<00:00,  2.11it/s]

Accuracy: 0.9561 | F1-score: 0.9560

Epoch 12: 100%|██████████| 237/237 [01:50<00:00,  2.15it/s]

Accuracy: 0.9501 | F1-score: 0.9501

Epoch 13: 100%|██████████| 237/237 [01:50<00:00,  2.14it/s]

Accuracy: 0.9442 | F1-score: 0.9441

Epoch 14: 100%|██████████| 237/237 [01:49<00:00,  2.17it/s]

Accuracy: 0.9347 | F1-score: 0.9346

Epoch 15: 100%|██████████| 237/237 [01:51<00:00,  2.13it/s]

Accuracy: 0.9489 | F1-score: 0.9489

Epoch 16: 100%|██████████| 237/237 [01:50<00:00,  2.15it/s]

Accuracy: 0.9466 | F1-score: 0.9465
Early stopping

--- Fold 9 ---

Epoch 1: 100%|██████████| 237/237 [01:53<00:00,  2.10it/s]

Accuracy: 0.9323 | F1-score: 0.9323

Epoch 2: 100%|██████████| 237/237 [01:49<00:00,  2.16it/s]

Accuracy: 0.9228 | F1-score: 0.9228

Epoch 3: 100%|██████████| 237/237 [01:51<00:00,  2.13it/s]

Accuracy: 0.9371 | F1-score: 0.9370

Epoch 4: 100%|██████████| 237/237 [01:51<00:00,  2.13it/s]

Accuracy: 0.9371 | F1-score: 0.9370

Epoch 5: 100%|██████████| 237/237 [01:52<00:00,  2.11it/s]

Accuracy: 0.9394 | F1-score: 0.9393

Epoch 6: 100%|██████████| 237/237 [02:00<00:00,  1.97it/s]

Accuracy: 0.9371 | F1-score: 0.9371

Epoch 7: 100%|██████████| 237/237 [01:53<00:00,  2.08it/s]

Accuracy: 0.9394 | F1-score: 0.9394

Epoch 8: 100%|██████████| 237/237 [01:57<00:00,  2.01it/s]

Accuracy: 0.9406 | F1-score: 0.9406

Epoch 9: 100%|██████████| 237/237 [01:57<00:00,  2.02it/s]

Accuracy: 0.9371 | F1-score: 0.9370

Epoch 10: 100%|██████████| 237/237 [01:55<00:00,  2.05it/s]

Accuracy: 0.9347 | F1-score: 0.9346

Epoch 11: 100%|██████████| 237/237 [01:57<00:00,  2.02it/s]

Accuracy: 0.9276 | F1-score: 0.9275

Epoch 12: 100%|██████████| 237/237 [02:01<00:00,  1.95it/s]

Accuracy: 0.9264 | F1-score: 0.9263

Epoch 13: 100%|██████████| 237/237 [02:04<00:00,  1.90it/s]

Accuracy: 0.9311 | F1-score: 0.9311
Early stopping

--- Fold 10 ---

Epoch 1: 100%|██████████| 237/237 [02:01<00:00,  1.95it/s]

Accuracy: 0.9276 | F1-score: 0.9271

Epoch 2: 100%|██████████| 237/237 [01:57<00:00,  2.02it/s]

Accuracy: 0.9394 | F1-score: 0.9394

Epoch 3: 100%|██████████| 237/237 [02:01<00:00,  1.95it/s]

Accuracy: 0.9216 | F1-score: 0.9211

Epoch 4: 100%|██████████| 237/237 [01:58<00:00,  2.00it/s]

Accuracy: 0.9382 | F1-score: 0.9382

Epoch 5: 100%|██████████| 237/237 [02:00<00:00,  1.97it/s]

Accuracy: 0.9406 | F1-score: 0.9406

Epoch 6: 100%|██████████| 237/237 [02:09<00:00,  1.83it/s]

Accuracy: 0.9489 | F1-score: 0.9488

Epoch 7: 100%|██████████| 237/237 [02:07<00:00,  1.85it/s]

Accuracy: 0.9501 | F1-score: 0.9500

Epoch 8: 100%|██████████| 237/237 [01:52<00:00,  2.10it/s]

Accuracy: 0.9335 | F1-score: 0.9333

Epoch 9: 100%|██████████| 237/237 [02:02<00:00,  1.94it/s]

Accuracy: 0.9323 | F1-score: 0.9321

Epoch 10: 100%|██████████| 237/237 [01:53<00:00,  2.09it/s]

Accuracy: 0.9382 | F1-score: 0.9380

Epoch 11: 100%|██████████| 237/237 [01:54<00:00,  2.07it/s]

Accuracy: 0.9394 | F1-score: 0.9394

Epoch 12: 100%|██████████| 237/237 [02:00<00:00,  1.96it/s]

Accuracy: 0.9442 | F1-score: 0.9441
Early stopping


--- Final results (10-fold CV) ---
Average accuracy: 0.9366 ± 0.0112
Average f1-score: 0.9365 ± 0.0113