Current time: 19:57:07
Filtered with filter Reverse Tunnel Window Kernel
Epoch 01 | loss inf | val acc 48.85%
Epoch 02 | loss inf | val acc 53.35%
Epoch 03 | loss inf | val acc 49.62%
Epoch 04 | loss inf | val acc 58.91%
Epoch 05 | loss inf | val acc 50.38%
Epoch 06 | loss inf | val acc 52.99%
Epoch 07 | loss inf | val acc 49.08%
Epoch 08 | loss inf | val acc 52.93%
Epoch 09 | loss inf | val acc 58.26%

Early stop at epoch 9. Best val acc: 58.91%

Accuracy: 0.5891059798697454
              precision    recall  f1-score   support

    Goodware       0.74      0.22      0.35       814
     Malware       0.56      0.93      0.70       875

    accuracy                           0.59      1689
   macro avg       0.65      0.58      0.52      1689
weighted avg       0.65      0.59      0.53      1689

Time taken: 9.01 minutes
