Current time: 20:46:46
Filtered with filter Stride Kernel with parameters: keep = 1 skip = 1
Epoch 01 | loss inf | val acc 51.21%
Epoch 02 | loss inf | val acc 50.44%
Epoch 03 | loss inf | val acc 57.55%
Epoch 04 | loss inf | val acc 59.27%
Epoch 05 | loss inf | val acc 51.45%
Epoch 06 | loss inf | val acc 50.98%
Epoch 07 | loss inf | val acc 51.27%
Epoch 08 | loss inf | val acc 52.22%
Epoch 09 | loss inf | val acc 57.19%

Early stop at epoch 9. Best val acc: 59.27%

Accuracy: 0.5926583777383067
              precision    recall  f1-score   support

    Goodware       0.55      0.91      0.68       814
     Malware       0.78      0.30      0.43       875

    accuracy                           0.59      1689
   macro avg       0.66      0.60      0.56      1689
weighted avg       0.67      0.59      0.55      1689

Time taken: 11.32 minutes
Filtered with filter Stride Kernel with parameters: keep = 1 skip = 5
Epoch 01 | loss inf | val acc 50.03%
Epoch 02 | loss inf | val acc 57.37%
Epoch 03 | loss inf | val acc 58.67%
Epoch 04 | loss inf | val acc 66.07%
Epoch 05 | loss inf | val acc 51.75%
Epoch 06 | loss inf | val acc 52.81%
Epoch 07 | loss inf | val acc 52.58%
Epoch 08 | loss inf | val acc 53.17%
Epoch 09 | loss inf | val acc 53.40%

Early stop at epoch 9. Best val acc: 66.07%

Accuracy: 0.6607460035523979
              precision    recall  f1-score   support

    Goodware       0.74      0.46      0.57       814
     Malware       0.63      0.85      0.72       875

    accuracy                           0.66      1689
   macro avg       0.68      0.65      0.64      1689
weighted avg       0.68      0.66      0.65      1689

Time taken: 3.84 minutes
Filtered with filter Stride Kernel with parameters: keep = 1 skip = 10
Epoch 01 | loss inf | val acc 58.02%
Epoch 02 | loss inf | val acc 55.60%
Epoch 03 | loss inf | val acc 59.74%
Epoch 04 | loss inf | val acc 53.58%
Epoch 05 | loss inf | val acc 56.25%
Epoch 06 | loss inf | val acc 55.77%
Epoch 07 | loss inf | val acc 56.31%
Epoch 08 | loss inf | val acc 57.02%

Early stop at epoch 8. Best val acc: 59.74%

Accuracy: 0.5973949082297217
              precision    recall  f1-score   support

    Goodware       0.55      0.93      0.69       814
     Malware       0.82      0.28      0.42       875

    accuracy                           0.60      1689
   macro avg       0.69      0.61      0.56      1689
weighted avg       0.69      0.60      0.55      1689

Time taken: 2.35 minutes
Filtered with filter Stride Kernel with parameters: keep = 1 skip = 15
Epoch 01 | loss inf | val acc 51.57%
Epoch 02 | loss inf | val acc 51.10%
Epoch 03 | loss inf | val acc 51.27%
Epoch 04 | loss inf | val acc 53.23%
Epoch 05 | loss inf | val acc 54.35%
Epoch 06 | loss inf | val acc 54.65%
Epoch 07 | loss inf | val acc 56.07%
Epoch 08 | loss inf | val acc 60.33%
Epoch 09 | loss inf | val acc 51.81%
Epoch 10 | loss inf | val acc 58.61%
Epoch 11 | loss inf | val acc 63.17%
Epoch 12 | loss inf | val acc 53.82%
Epoch 13 | loss inf | val acc 56.54%
Epoch 14 | loss inf | val acc 60.27%
Epoch 15 | loss inf | val acc 52.10%
Epoch 16 | loss inf | val acc 55.06%

Early stop at epoch 16. Best val acc: 63.17%

Accuracy: 0.6317347542924807
              precision    recall  f1-score   support

    Goodware       0.82      0.30      0.44       814
     Malware       0.59      0.94      0.73       875

    accuracy                           0.63      1689
   macro avg       0.71      0.62      0.58      1689
weighted avg       0.70      0.63      0.59      1689

Time taken: 1.82 minutes
Filtered with filter Stride Kernel with parameters: keep = 1 skip = 20
Epoch 01 | loss inf | val acc 51.27%
Epoch 02 | loss inf | val acc 53.82%
Epoch 03 | loss inf | val acc 51.33%
Epoch 04 | loss inf | val acc 54.47%
Epoch 05 | loss inf | val acc 56.19%
Epoch 06 | loss inf | val acc 56.60%
Epoch 07 | loss inf | val acc 65.96%
Epoch 08 | loss inf | val acc 58.02%
Epoch 09 | loss inf | val acc 54.71%
Epoch 10 | loss inf | val acc 54.17%
Epoch 11 | loss inf | val acc 63.11%
Epoch 12 | loss inf | val acc 54.53%

Early stop at epoch 12. Best val acc: 65.96%

Accuracy: 0.6595618709295441
              precision    recall  f1-score   support

    Goodware       0.80      0.39      0.53       814
     Malware       0.62      0.91      0.73       875

    accuracy                           0.66      1689
   macro avg       0.71      0.65      0.63      1689
weighted avg       0.71      0.66      0.63      1689

Time taken: 1.89 minutes
Filtered with filter Stride Kernel with parameters: keep = 1 skip = 25
Epoch 01 | loss inf | val acc 53.40%
Epoch 02 | loss inf | val acc 58.14%
Epoch 03 | loss inf | val acc 50.80%
Epoch 04 | loss inf | val acc 59.62%
Epoch 05 | loss inf | val acc 54.23%
Epoch 06 | loss inf | val acc 52.69%
Epoch 07 | loss inf | val acc 52.10%
Epoch 08 | loss inf | val acc 57.37%
Epoch 09 | loss inf | val acc 60.09%
Epoch 10 | loss inf | val acc 61.16%
Epoch 11 | loss inf | val acc 55.18%
Epoch 12 | loss inf | val acc 57.13%
Epoch 13 | loss inf | val acc 69.27%
Epoch 14 | loss inf | val acc 59.03%
Epoch 15 | loss inf | val acc 51.98%
Epoch 16 | loss inf | val acc 52.75%
Epoch 17 | loss inf | val acc 68.32%
Epoch 18 | loss inf | val acc 63.35%

Early stop at epoch 18. Best val acc: 69.27%

Accuracy: 0.6927175843694494
              precision    recall  f1-score   support

    Goodware       0.78      0.51      0.61       814
     Malware       0.65      0.87      0.74       875

    accuracy                           0.69      1689
   macro avg       0.72      0.69      0.68      1689
weighted avg       0.71      0.69      0.68      1689

Time taken: 1.85 minutes
Filtered with filter Stride Kernel with parameters: keep = 1 skip = 30
Epoch 01 | loss inf | val acc 51.21%
Epoch 02 | loss inf | val acc 58.91%
Epoch 03 | loss inf | val acc 52.04%
Epoch 04 | loss inf | val acc 54.00%
Epoch 05 | loss inf | val acc 62.05%
Epoch 06 | loss inf | val acc 60.04%
Epoch 07 | loss inf | val acc 52.28%
Epoch 08 | loss inf | val acc 54.83%
Epoch 09 | loss inf | val acc 56.31%
Epoch 10 | loss inf | val acc 67.85%
Epoch 11 | loss inf | val acc 56.54%
Epoch 12 | loss inf | val acc 54.00%
Epoch 13 | loss inf | val acc 68.86%
Epoch 14 | loss inf | val acc 53.76%
Epoch 15 | loss inf | val acc 55.30%
Epoch 16 | loss inf | val acc 54.94%
Epoch 17 | loss inf | val acc 54.94%
Epoch 18 | loss inf | val acc 55.65%

Early stop at epoch 18. Best val acc: 68.86%

Accuracy: 0.6885731201894613
              precision    recall  f1-score   support

    Goodware       0.85      0.43      0.57       814
     Malware       0.64      0.93      0.76       875

    accuracy                           0.69      1689
   macro avg       0.75      0.68      0.66      1689
weighted avg       0.74      0.69      0.67      1689

Time taken: 1.81 minutes
Filtered with filter Stride Kernel with parameters: keep = 1 skip = 35
Epoch 01 | loss inf | val acc 50.21%
Epoch 02 | loss inf | val acc 50.68%
Epoch 03 | loss inf | val acc 52.40%
Epoch 04 | loss inf | val acc 50.98%
Epoch 05 | loss inf | val acc 59.33%
Epoch 06 | loss inf | val acc 52.81%
Epoch 07 | loss inf | val acc 52.46%
Epoch 08 | loss inf | val acc 51.33%
Epoch 09 | loss inf | val acc 53.58%
Epoch 10 | loss inf | val acc 51.45%

Early stop at epoch 10. Best val acc: 59.33%

Accuracy: 0.5932504440497336
              precision    recall  f1-score   support

    Goodware       0.55      0.92      0.69       814
     Malware       0.80      0.29      0.42       875

    accuracy                           0.59      1689
   macro avg       0.67      0.60      0.55      1689
weighted avg       0.68      0.59      0.55      1689

Time taken: 1.70 minutes
Filtered with filter Stride Kernel with parameters: keep = 1 skip = 40
Epoch 01 | loss inf | val acc 50.27%
Epoch 02 | loss inf | val acc 51.21%
Epoch 03 | loss inf | val acc 55.54%
Epoch 04 | loss inf | val acc 58.32%
Epoch 05 | loss inf | val acc 52.46%
Epoch 06 | loss inf | val acc 61.87%
Epoch 07 | loss inf | val acc 54.11%
Epoch 08 | loss inf | val acc 60.04%
Epoch 09 | loss inf | val acc 51.75%
Epoch 10 | loss inf | val acc 57.13%
Epoch 11 | loss inf | val acc 55.18%

Early stop at epoch 11. Best val acc: 61.87%

Accuracy: 0.6187092954410894
              precision    recall  f1-score   support

    Goodware       0.86      0.25      0.39       814
     Malware       0.58      0.96      0.72       875

    accuracy                           0.62      1689
   macro avg       0.72      0.61      0.55      1689
weighted avg       0.72      0.62      0.56      1689

Time taken: 1.66 minutes
Filtered with filter Stride Kernel with parameters: keep = 1 skip = 45
Epoch 01 | loss inf | val acc 51.51%
Epoch 02 | loss inf | val acc 49.91%
Epoch 03 | loss inf | val acc 52.40%
Epoch 04 | loss inf | val acc 50.62%
Epoch 05 | loss inf | val acc 56.48%
Epoch 06 | loss inf | val acc 52.34%
Epoch 07 | loss inf | val acc 64.71%
Epoch 08 | loss inf | val acc 53.35%
Epoch 09 | loss inf | val acc 53.35%
Epoch 10 | loss inf | val acc 55.06%
Epoch 11 | loss inf | val acc 51.98%
Epoch 12 | loss inf | val acc 54.11%

Early stop at epoch 12. Best val acc: 64.71%

Accuracy: 0.6471284783895797
              precision    recall  f1-score   support

    Goodware       0.82      0.35      0.49       814
     Malware       0.60      0.93      0.73       875

    accuracy                           0.65      1689
   macro avg       0.71      0.64      0.61      1689
weighted avg       0.71      0.65      0.61      1689

Time taken: 1.66 minutes
Filtered with filter Stride Kernel with parameters: keep = 1 skip = 50
Epoch 01 | loss inf | val acc 51.39%
Epoch 02 | loss inf | val acc 51.63%
Epoch 03 | loss inf | val acc 55.00%
Epoch 04 | loss inf | val acc 54.29%
Epoch 05 | loss inf | val acc 57.61%
Epoch 06 | loss inf | val acc 55.95%
Epoch 07 | loss inf | val acc 57.02%
Epoch 08 | loss inf | val acc 55.48%
Epoch 09 | loss inf | val acc 57.55%
Epoch 10 | loss inf | val acc 53.29%

Early stop at epoch 10. Best val acc: 57.61%

Accuracy: 0.576080521018354
              precision    recall  f1-score   support

    Goodware       0.53      0.95      0.68       814
     Malware       0.83      0.23      0.36       875

    accuracy                           0.58      1689
   macro avg       0.68      0.59      0.52      1689
weighted avg       0.69      0.58      0.52      1689

Time taken: 1.70 minutes
Filtered with filter Stride Kernel with parameters: keep = 5 skip = 1
Epoch 01 | loss inf | val acc 58.73%
Epoch 02 | loss inf | val acc 53.52%
Epoch 03 | loss inf | val acc 60.75%
Epoch 04 | loss inf | val acc 52.87%
Epoch 05 | loss inf | val acc 55.89%
Epoch 06 | loss inf | val acc 52.99%
Epoch 07 | loss inf | val acc 60.75%
Epoch 08 | loss inf | val acc 69.03%
Epoch 09 | loss inf | val acc 52.46%
Epoch 10 | loss inf | val acc 59.50%
Epoch 11 | loss inf | val acc 54.35%
Epoch 12 | loss inf | val acc 53.94%
Epoch 13 | loss inf | val acc 55.30%

Early stop at epoch 13. Best val acc: 69.03%

Accuracy: 0.6903493191237419
              precision    recall  f1-score   support

    Goodware       0.75      0.53      0.62       814
     Malware       0.66      0.84      0.74       875

    accuracy                           0.69      1689
   macro avg       0.71      0.68      0.68      1689
weighted avg       0.70      0.69      0.68      1689

Time taken: 22.68 minutes
Filtered with filter Stride Kernel with parameters: keep = 5 skip = 5
Epoch 01 | loss inf | val acc 50.80%
Epoch 02 | loss inf | val acc 54.59%
Epoch 03 | loss inf | val acc 58.79%
Epoch 04 | loss inf | val acc 56.84%
Epoch 05 | loss inf | val acc 53.52%
Epoch 06 | loss inf | val acc 51.63%
Epoch 07 | loss inf | val acc 54.00%
Epoch 08 | loss inf | val acc 56.48%

Early stop at epoch 8. Best val acc: 58.79%

Accuracy: 0.5879218472468917
              precision    recall  f1-score   support

    Goodware       0.54      0.95      0.69       814
     Malware       0.84      0.25      0.39       875

    accuracy                           0.59      1689
   macro avg       0.69      0.60      0.54      1689
weighted avg       0.70      0.59      0.53      1689

Time taken: 9.79 minutes
Filtered with filter Stride Kernel with parameters: keep = 5 skip = 10
Epoch 01 | loss inf | val acc 51.39%
Epoch 02 | loss inf | val acc 51.21%
Epoch 03 | loss inf | val acc 52.22%
Epoch 04 | loss inf | val acc 54.35%
Epoch 05 | loss inf | val acc 53.35%
Epoch 06 | loss inf | val acc 56.13%
Epoch 07 | loss inf | val acc 55.95%
Epoch 08 | loss inf | val acc 56.31%
Epoch 09 | loss inf | val acc 54.83%
Epoch 10 | loss inf | val acc 60.98%
Epoch 11 | loss inf | val acc 54.59%
Epoch 12 | loss inf | val acc 63.53%
Epoch 13 | loss inf | val acc 53.70%
Epoch 14 | loss inf | val acc 65.13%
Epoch 15 | loss inf | val acc 55.77%
Epoch 16 | loss inf | val acc 64.18%
Epoch 17 | loss inf | val acc 63.35%
Epoch 18 | loss inf | val acc 53.17%
Epoch 19 | loss inf | val acc 58.44%

Early stop at epoch 19. Best val acc: 65.13%

Accuracy: 0.6512729425695678
              precision    recall  f1-score   support

    Goodware       0.59      0.91      0.72       814
     Malware       0.83      0.41      0.55       875

    accuracy                           0.65      1689
   macro avg       0.71      0.66      0.63      1689
weighted avg       0.71      0.65      0.63      1689

Time taken: 10.48 minutes
Filtered with filter Stride Kernel with parameters: keep = 5 skip = 15
Epoch 01 | loss inf | val acc 51.69%
Epoch 02 | loss inf | val acc 51.39%
Epoch 03 | loss inf | val acc 52.40%
Epoch 04 | loss inf | val acc 58.85%
Epoch 05 | loss inf | val acc 63.94%
Epoch 06 | loss inf | val acc 54.77%
Epoch 07 | loss inf | val acc 60.81%
Epoch 08 | loss inf | val acc 56.84%
Epoch 09 | loss inf | val acc 57.19%
Epoch 10 | loss inf | val acc 56.90%

Early stop at epoch 10. Best val acc: 63.94%

Accuracy: 0.6394316163410302
              precision    recall  f1-score   support

    Goodware       0.77      0.36      0.49       814
     Malware       0.60      0.90      0.72       875

    accuracy                           0.64      1689
   macro avg       0.68      0.63      0.61      1689
weighted avg       0.68      0.64      0.61      1689

Time taken: 5.11 minutes
Filtered with filter Stride Kernel with parameters: keep = 5 skip = 20
Epoch 01 | loss inf | val acc 51.51%
Epoch 02 | loss inf | val acc 53.40%
Epoch 03 | loss inf | val acc 51.27%
Epoch 04 | loss inf | val acc 53.64%
Epoch 05 | loss inf | val acc 63.88%
Epoch 06 | loss inf | val acc 56.19%
Epoch 07 | loss inf | val acc 56.84%
Epoch 08 | loss inf | val acc 55.18%
Epoch 09 | loss inf | val acc 60.33%
Epoch 10 | loss inf | val acc 57.67%

Early stop at epoch 10. Best val acc: 63.88%

Accuracy: 0.6388395500296034
              precision    recall  f1-score   support

    Goodware       0.71      0.42      0.53       814
     Malware       0.61      0.84      0.71       875

    accuracy                           0.64      1689
   macro avg       0.66      0.63      0.62      1689
weighted avg       0.66      0.64      0.62      1689

Time taken: 4.23 minutes
Filtered with filter Stride Kernel with parameters: keep = 5 skip = 25
Epoch 01 | loss inf | val acc 51.39%
Epoch 02 | loss inf | val acc 50.80%
Epoch 03 | loss inf | val acc 57.08%
Epoch 04 | loss inf | val acc 51.57%
Epoch 05 | loss inf | val acc 65.25%
Epoch 06 | loss inf | val acc 56.66%
Epoch 07 | loss inf | val acc 51.63%
Epoch 08 | loss inf | val acc 60.81%
Epoch 09 | loss inf | val acc 60.04%
Epoch 10 | loss inf | val acc 55.48%

Early stop at epoch 10. Best val acc: 65.25%

Accuracy: 0.6524570751924216
              precision    recall  f1-score   support

    Goodware       0.65      0.59      0.62       814
     Malware       0.65      0.71      0.68       875

    accuracy                           0.65      1689
   macro avg       0.65      0.65      0.65      1689
weighted avg       0.65      0.65      0.65      1689

Time taken: 3.80 minutes
Filtered with filter Stride Kernel with parameters: keep = 5 skip = 30
Epoch 01 | loss inf | val acc 49.85%
Epoch 02 | loss inf | val acc 51.33%
Epoch 03 | loss inf | val acc 50.38%
Epoch 04 | loss inf | val acc 64.77%
Epoch 05 | loss inf | val acc 58.79%
Epoch 06 | loss inf | val acc 55.77%
Epoch 07 | loss inf | val acc 54.11%
Epoch 08 | loss inf | val acc 55.95%
Epoch 09 | loss inf | val acc 57.55%

Early stop at epoch 9. Best val acc: 64.77%

Accuracy: 0.6477205447010065
              precision    recall  f1-score   support

    Goodware       0.71      0.45      0.55       814
     Malware       0.62      0.83      0.71       875

    accuracy                           0.65      1689
   macro avg       0.67      0.64      0.63      1689
weighted avg       0.66      0.65      0.63      1689

Time taken: 3.11 minutes
Filtered with filter Stride Kernel with parameters: keep = 5 skip = 35
Epoch 01 | loss inf | val acc 54.47%
Epoch 02 | loss inf | val acc 57.90%
Epoch 03 | loss inf | val acc 51.87%
Epoch 04 | loss inf | val acc 54.71%
Epoch 05 | loss inf | val acc 62.70%
Epoch 06 | loss inf | val acc 55.83%
Epoch 07 | loss inf | val acc 52.58%
Epoch 08 | loss inf | val acc 55.24%
Epoch 09 | loss inf | val acc 67.73%
Epoch 10 | loss inf | val acc 57.25%
Epoch 11 | loss inf | val acc 54.71%
Epoch 12 | loss inf | val acc 66.61%
Epoch 13 | loss inf | val acc 53.23%
Epoch 14 | loss inf | val acc 59.33%

Early stop at epoch 14. Best val acc: 67.73%

Accuracy: 0.6773238602723505
              precision    recall  f1-score   support

    Goodware       0.80      0.44      0.57       814
     Malware       0.63      0.89      0.74       875

    accuracy                           0.68      1689
   macro avg       0.72      0.67      0.66      1689
weighted avg       0.71      0.68      0.66      1689

Time taken: 3.88 minutes
Filtered with filter Stride Kernel with parameters: keep = 5 skip = 40
Epoch 01 | loss inf | val acc 51.69%
Epoch 02 | loss inf | val acc 53.23%
Epoch 03 | loss inf | val acc 56.84%
Epoch 04 | loss inf | val acc 60.86%
Epoch 05 | loss inf | val acc 52.93%
Epoch 06 | loss inf | val acc 53.88%
Epoch 07 | loss inf | val acc 67.20%
Epoch 08 | loss inf | val acc 58.02%
Epoch 09 | loss inf | val acc 52.52%
Epoch 10 | loss inf | val acc 54.77%
Epoch 11 | loss inf | val acc 52.93%
Epoch 12 | loss inf | val acc 54.77%

Early stop at epoch 12. Best val acc: 67.20%

Accuracy: 0.6719952634695086
              precision    recall  f1-score   support

    Goodware       0.65      0.69      0.67       814
     Malware       0.70      0.65      0.67       875

    accuracy                           0.67      1689
   macro avg       0.67      0.67      0.67      1689
weighted avg       0.67      0.67      0.67      1689

Time taken: 3.49 minutes
Filtered with filter Stride Kernel with parameters: keep = 5 skip = 45
Epoch 01 | loss inf | val acc 51.45%
Epoch 02 | loss inf | val acc 53.58%
Epoch 03 | loss inf | val acc 55.00%
Epoch 04 | loss inf | val acc 54.06%
Epoch 05 | loss inf | val acc 52.16%
Epoch 06 | loss inf | val acc 60.45%
Epoch 07 | loss inf | val acc 61.93%
Epoch 08 | loss inf | val acc 54.53%
Epoch 09 | loss inf | val acc 57.67%
Epoch 10 | loss inf | val acc 59.09%
Epoch 11 | loss inf | val acc 61.75%
Epoch 12 | loss inf | val acc 54.47%

Early stop at epoch 12. Best val acc: 61.93%

Accuracy: 0.6193013617525163
              precision    recall  f1-score   support

    Goodware       0.85      0.25      0.39       814
     Malware       0.58      0.96      0.72       875

    accuracy                           0.62      1689
   macro avg       0.72      0.61      0.56      1689
weighted avg       0.71      0.62      0.56      1689

Time taken: 3.18 minutes
Filtered with filter Stride Kernel with parameters: keep = 5 skip = 50
Epoch 01 | loss inf | val acc 51.75%
Epoch 02 | loss inf | val acc 51.63%
Epoch 03 | loss inf | val acc 60.63%
Epoch 04 | loss inf | val acc 51.81%
Epoch 05 | loss inf | val acc 57.61%
Epoch 06 | loss inf | val acc 54.41%
Epoch 07 | loss inf | val acc 54.17%
Epoch 08 | loss inf | val acc 51.98%

Early stop at epoch 8. Best val acc: 60.63%

Accuracy: 0.6062759029011249
              precision    recall  f1-score   support

    Goodware       0.56      0.83      0.67       814
     Malware       0.71      0.40      0.51       875

    accuracy                           0.61      1689
   macro avg       0.64      0.61      0.59      1689
weighted avg       0.64      0.61      0.59      1689

Time taken: 2.48 minutes
Filtered with filter Stride Kernel with parameters: keep = 10 skip = 1
Epoch 01 | loss inf | val acc 51.45%
Epoch 02 | loss inf | val acc 59.92%
Epoch 03 | loss inf | val acc 54.00%
Epoch 04 | loss inf | val acc 53.11%
Epoch 05 | loss inf | val acc 51.69%
Epoch 06 | loss inf | val acc 55.83%
Epoch 07 | loss inf | val acc 51.75%

Early stop at epoch 7. Best val acc: 59.92%

Accuracy: 0.5991711071640023
              precision    recall  f1-score   support

    Goodware       0.55      0.89      0.68       814
     Malware       0.76      0.33      0.46       875

    accuracy                           0.60      1689
   macro avg       0.66      0.61      0.57      1689
weighted avg       0.66      0.60      0.57      1689

Time taken: 14.52 minutes
Filtered with filter Stride Kernel with parameters: keep = 10 skip = 5
Epoch 01 | loss inf | val acc 53.29%
Epoch 02 | loss inf | val acc 63.77%
Epoch 03 | loss inf | val acc 55.95%
Epoch 04 | loss inf | val acc 53.76%
Epoch 05 | loss inf | val acc 54.65%
Epoch 06 | loss inf | val acc 64.89%
Epoch 07 | loss inf | val acc 52.93%
Epoch 08 | loss inf | val acc 61.34%
Epoch 09 | loss inf | val acc 61.34%
Epoch 10 | loss inf | val acc 52.99%
Epoch 11 | loss inf | val acc 56.19%

Early stop at epoch 11. Best val acc: 64.89%

Accuracy: 0.6489046773238603
              precision    recall  f1-score   support

    Goodware       0.82      0.35      0.49       814
     Malware       0.60      0.93      0.73       875

    accuracy                           0.65      1689
   macro avg       0.71      0.64      0.61      1689
weighted avg       0.71      0.65      0.61      1689

Time taken: 16.57 minutes
Filtered with filter Stride Kernel with parameters: keep = 10 skip = 10
Epoch 01 | loss inf | val acc 56.01%
Epoch 02 | loss inf | val acc 53.11%
Epoch 03 | loss inf | val acc 57.73%
Epoch 04 | loss inf | val acc 56.07%
Epoch 05 | loss inf | val acc 53.70%
Epoch 06 | loss inf | val acc 51.27%
Epoch 07 | loss inf | val acc 55.36%
Epoch 08 | loss inf | val acc 60.45%
Epoch 09 | loss inf | val acc 55.65%
Epoch 10 | loss inf | val acc 57.19%
Epoch 11 | loss inf | val acc 58.79%
Epoch 12 | loss inf | val acc 56.96%
Epoch 13 | loss inf | val acc 55.42%

Early stop at epoch 13. Best val acc: 60.45%

Accuracy: 0.6044997039668443
              precision    recall  f1-score   support

    Goodware       0.55      0.93      0.69       814
     Malware       0.83      0.30      0.44       875

    accuracy                           0.60      1689
   macro avg       0.69      0.62      0.57      1689
weighted avg       0.70      0.60      0.56      1689

Time taken: 13.66 minutes
Filtered with filter Stride Kernel with parameters: keep = 10 skip = 15
Epoch 01 | loss inf | val acc 54.11%
Epoch 02 | loss inf | val acc 54.59%
Epoch 03 | loss inf | val acc 54.06%
Epoch 04 | loss inf | val acc 53.40%
Epoch 05 | loss inf | val acc 53.29%
Epoch 06 | loss inf | val acc 55.36%
Epoch 07 | loss inf | val acc 52.87%
Epoch 08 | loss inf | val acc 54.11%
Epoch 09 | loss inf | val acc 53.23%
Epoch 10 | loss inf | val acc 54.23%
Epoch 11 | loss inf | val acc 60.75%
Epoch 12 | loss inf | val acc 53.64%
Epoch 13 | loss inf | val acc 53.64%
Epoch 14 | loss inf | val acc 55.24%
Epoch 15 | loss inf | val acc 55.54%
Epoch 16 | loss inf | val acc 56.54%

Early stop at epoch 16. Best val acc: 60.75%

Accuracy: 0.6074600355239786
              precision    recall  f1-score   support

    Goodware       0.87      0.22      0.35       814
     Malware       0.57      0.97      0.72       875

    accuracy                           0.61      1689
   macro avg       0.72      0.59      0.53      1689
weighted avg       0.72      0.61      0.54      1689

Time taken: 10.81 minutes
Filtered with filter Stride Kernel with parameters: keep = 10 skip = 20
Epoch 01 | loss inf | val acc 51.21%
Epoch 02 | loss inf | val acc 59.68%
Epoch 03 | loss inf | val acc 52.93%
Epoch 04 | loss inf | val acc 57.37%
Epoch 05 | loss inf | val acc 53.35%
Epoch 06 | loss inf | val acc 53.76%
Epoch 07 | loss inf | val acc 52.28%

Early stop at epoch 7. Best val acc: 59.68%

Accuracy: 0.5968028419182948
              precision    recall  f1-score   support

    Goodware       0.55      0.89      0.68       814
     Malware       0.76      0.32      0.45       875

    accuracy                           0.60      1689
   macro avg       0.66      0.61      0.57      1689
weighted avg       0.66      0.60      0.56      1689

Time taken: 5.46 minutes
Filtered with filter Stride Kernel with parameters: keep = 10 skip = 25
Epoch 01 | loss inf | val acc 51.21%
Epoch 02 | loss inf | val acc 59.38%
Epoch 03 | loss inf | val acc 53.11%
Epoch 04 | loss inf | val acc 59.80%
Epoch 05 | loss inf | val acc 51.51%
Epoch 06 | loss inf | val acc 59.80%
Epoch 07 | loss inf | val acc 51.92%
Epoch 08 | loss inf | val acc 61.16%
Epoch 09 | loss inf | val acc 52.34%
Epoch 10 | loss inf | val acc 60.45%
Epoch 11 | loss inf | val acc 58.20%
Epoch 12 | loss inf | val acc 61.52%
Epoch 13 | loss inf | val acc 67.67%
Epoch 14 | loss inf | val acc 59.98%
Epoch 15 | loss inf | val acc 52.87%
Epoch 16 | loss inf | val acc 57.19%
Epoch 17 | loss inf | val acc 59.33%
Epoch 18 | loss inf | val acc 58.97%

Early stop at epoch 18. Best val acc: 67.67%

Accuracy: 0.6767317939609236
              precision    recall  f1-score   support

    Goodware       0.86      0.39      0.54       814
     Malware       0.62      0.94      0.75       875

    accuracy                           0.68      1689
   macro avg       0.74      0.67      0.65      1689
weighted avg       0.74      0.68      0.65      1689

Time taken: 8.15 minutes
Filtered with filter Stride Kernel with parameters: keep = 10 skip = 30
Epoch 01 | loss inf | val acc 54.94%
Epoch 02 | loss inf | val acc 59.38%
Epoch 03 | loss inf | val acc 63.35%
Epoch 04 | loss inf | val acc 59.92%
Epoch 05 | loss inf | val acc 51.33%
Epoch 06 | loss inf | val acc 53.40%
Epoch 07 | loss inf | val acc 53.17%
Epoch 08 | loss inf | val acc 61.46%

Early stop at epoch 8. Best val acc: 63.35%

Accuracy: 0.6335109532267614
              precision    recall  f1-score   support

    Goodware       0.65      0.52      0.58       814
     Malware       0.62      0.74      0.68       875

    accuracy                           0.63      1689
   macro avg       0.64      0.63      0.63      1689
weighted avg       0.64      0.63      0.63      1689

Time taken: 4.39 minutes
Filtered with filter Stride Kernel with parameters: keep = 10 skip = 35
Epoch 01 | loss inf | val acc 59.56%
Epoch 02 | loss inf | val acc 53.29%
Epoch 03 | loss inf | val acc 54.23%
Epoch 04 | loss inf | val acc 51.51%
Epoch 05 | loss inf | val acc 53.94%
Epoch 06 | loss inf | val acc 53.52%

Early stop at epoch 6. Best val acc: 59.56%

Accuracy: 0.5956187092954411
              precision    recall  f1-score   support

    Goodware       0.55      0.87      0.67       814
     Malware       0.74      0.34      0.47       875

    accuracy                           0.60      1689
   macro avg       0.64      0.61      0.57      1689
weighted avg       0.65      0.60      0.57      1689

Time taken: 3.68 minutes
Filtered with filter Stride Kernel with parameters: keep = 10 skip = 40
Epoch 01 | loss inf | val acc 52.69%
Epoch 02 | loss inf | val acc 52.81%
Epoch 03 | loss inf | val acc 59.50%
Epoch 04 | loss inf | val acc 51.57%
Epoch 05 | loss inf | val acc 60.86%
Epoch 06 | loss inf | val acc 59.86%
Epoch 07 | loss inf | val acc 53.40%
Epoch 08 | loss inf | val acc 53.64%
Epoch 09 | loss inf | val acc 59.68%
Epoch 10 | loss inf | val acc 56.01%

Early stop at epoch 10. Best val acc: 60.86%

Accuracy: 0.6086441681468324
              precision    recall  f1-score   support

    Goodware       0.56      0.87      0.68       814
     Malware       0.75      0.37      0.49       875

    accuracy                           0.61      1689
   macro avg       0.65      0.62      0.59      1689
weighted avg       0.66      0.61      0.58      1689

Time taken: 4.31 minutes
Filtered with filter Stride Kernel with parameters: keep = 10 skip = 45
Epoch 01 | loss inf | val acc 51.81%
Epoch 02 | loss inf | val acc 59.09%
Epoch 03 | loss inf | val acc 67.14%
Epoch 04 | loss inf | val acc 54.88%
Epoch 05 | loss inf | val acc 53.11%
Epoch 06 | loss inf | val acc 57.19%
Epoch 07 | loss inf | val acc 54.23%
Epoch 08 | loss inf | val acc 54.41%

Early stop at epoch 8. Best val acc: 67.14%

Accuracy: 0.6714031971580817
              precision    recall  f1-score   support

    Goodware       0.64      0.72      0.68       814
     Malware       0.71      0.63      0.66       875

    accuracy                           0.67      1689
   macro avg       0.67      0.67      0.67      1689
weighted avg       0.67      0.67      0.67      1689

Time taken: 3.72 minutes
Filtered with filter Stride Kernel with parameters: keep = 10 skip = 50
Epoch 01 | loss inf | val acc 51.33%
Epoch 02 | loss inf | val acc 53.05%
Epoch 03 | loss inf | val acc 55.71%
Epoch 04 | loss inf | val acc 52.28%
Epoch 05 | loss inf | val acc 53.88%
Epoch 06 | loss inf | val acc 64.65%
Epoch 07 | loss inf | val acc 53.94%
Epoch 08 | loss inf | val acc 61.46%
Epoch 09 | loss inf | val acc 54.29%
Epoch 10 | loss inf | val acc 52.16%
Epoch 11 | loss inf | val acc 54.06%

Early stop at epoch 11. Best val acc: 64.65%

Accuracy: 0.6465364120781527
              precision    recall  f1-score   support

    Goodware       0.80      0.36      0.49       814
     Malware       0.61      0.91      0.73       875

    accuracy                           0.65      1689
   macro avg       0.70      0.64      0.61      1689
weighted avg       0.70      0.65      0.62      1689

Time taken: 3.45 minutes
Filtered with filter Stride Kernel with parameters: keep = 15 skip = 1
Epoch 01 | loss inf | val acc 54.59%
Epoch 02 | loss inf | val acc 54.65%
Epoch 03 | loss inf | val acc 56.60%
Epoch 04 | loss inf | val acc 55.00%
Epoch 05 | loss inf | val acc 54.17%
Epoch 06 | loss inf | val acc 53.17%
Epoch 07 | loss inf | val acc 54.77%
Epoch 08 | loss inf | val acc 54.47%

Early stop at epoch 8. Best val acc: 56.60%

Accuracy: 0.5660153937240971
              precision    recall  f1-score   support

    Goodware       0.76      0.14      0.24       814
     Malware       0.55      0.96      0.70       875

    accuracy                           0.57      1689
   macro avg       0.66      0.55      0.47      1689
weighted avg       0.65      0.57      0.48      1689

Time taken: 16.21 minutes
Filtered with filter Stride Kernel with parameters: keep = 15 skip = 5
Epoch 01 | loss inf | val acc 55.89%
Epoch 02 | loss inf | val acc 54.41%
Epoch 03 | loss inf | val acc 59.68%
Epoch 04 | loss inf | val acc 54.88%
Epoch 05 | loss inf | val acc 54.11%
Epoch 06 | loss inf | val acc 51.75%
Epoch 07 | loss inf | val acc 60.04%
Epoch 08 | loss inf | val acc 52.99%
Epoch 09 | loss inf | val acc 56.25%
Epoch 10 | loss inf | val acc 58.38%
Epoch 11 | loss inf | val acc 54.41%
Epoch 12 | loss inf | val acc 53.11%

Early stop at epoch 12. Best val acc: 60.04%

Accuracy: 0.6003552397868561
              precision    recall  f1-score   support

    Goodware       0.55      0.94      0.69       814
     Malware       0.84      0.28      0.42       875

    accuracy                           0.60      1689
   macro avg       0.70      0.61      0.56      1689
weighted avg       0.70      0.60      0.55      1689

Time taken: 18.35 minutes
Filtered with filter Stride Kernel with parameters: keep = 15 skip = 10
Epoch 01 | loss inf | val acc 50.09%
Epoch 02 | loss inf | val acc 55.24%
Epoch 03 | loss inf | val acc 53.76%
Epoch 04 | loss inf | val acc 63.23%
Epoch 05 | loss inf | val acc 51.92%
Epoch 06 | loss inf | val acc 51.75%
Epoch 07 | loss inf | val acc 54.77%
Epoch 08 | loss inf | val acc 59.33%
Epoch 09 | loss inf | val acc 53.05%

Early stop at epoch 9. Best val acc: 63.23%

Accuracy: 0.6323268206039077
              precision    recall  f1-score   support

    Goodware       0.72      0.39      0.51       814
     Malware       0.60      0.86      0.71       875

    accuracy                           0.63      1689
   macro avg       0.66      0.62      0.61      1689
weighted avg       0.66      0.63      0.61      1689

Time taken: 12.24 minutes
Filtered with filter Stride Kernel with parameters: keep = 15 skip = 15
Epoch 01 | loss inf | val acc 57.61%
Epoch 02 | loss inf | val acc 52.93%
Epoch 03 | loss inf | val acc 51.45%
Epoch 04 | loss inf | val acc 54.00%
Epoch 05 | loss inf | val acc 65.96%
Epoch 06 | loss inf | val acc 57.25%
Epoch 07 | loss inf | val acc 51.87%
Epoch 08 | loss inf | val acc 60.04%
Epoch 09 | loss inf | val acc 52.81%
Epoch 10 | loss inf | val acc 57.08%

Early stop at epoch 10. Best val acc: 65.96%

Accuracy: 0.6595618709295441
              precision    recall  f1-score   support

    Goodware       0.67      0.59      0.62       814
     Malware       0.65      0.73      0.69       875

    accuracy                           0.66      1689
   macro avg       0.66      0.66      0.66      1689
weighted avg       0.66      0.66      0.66      1689

Time taken: 10.68 minutes
Filtered with filter Stride Kernel with parameters: keep = 15 skip = 20
Epoch 01 | loss inf | val acc 50.92%
Epoch 02 | loss inf | val acc 52.93%
Epoch 03 | loss inf | val acc 56.66%
Epoch 04 | loss inf | val acc 54.29%
Epoch 05 | loss inf | val acc 53.82%
Epoch 06 | loss inf | val acc 51.69%
Epoch 07 | loss inf | val acc 56.25%
Epoch 08 | loss inf | val acc 53.82%

Early stop at epoch 8. Best val acc: 56.66%

Accuracy: 0.566607460035524
              precision    recall  f1-score   support

    Goodware       0.53      0.96      0.68       814
     Malware       0.84      0.20      0.32       875

    accuracy                           0.57      1689
   macro avg       0.68      0.58      0.50      1689
weighted avg       0.69      0.57      0.50      1689

Time taken: 7.22 minutes
Filtered with filter Stride Kernel with parameters: keep = 15 skip = 25
Epoch 01 | loss inf | val acc 51.45%
Epoch 02 | loss inf | val acc 54.94%
Epoch 03 | loss inf | val acc 55.24%
Epoch 04 | loss inf | val acc 54.59%
Epoch 05 | loss inf | val acc 52.46%
Epoch 06 | loss inf | val acc 55.42%
Epoch 07 | loss inf | val acc 52.10%
Epoch 08 | loss inf | val acc 55.54%
Epoch 09 | loss inf | val acc 58.20%
Epoch 10 | loss inf | val acc 61.52%
Epoch 11 | loss inf | val acc 55.36%
Epoch 12 | loss inf | val acc 57.67%
Epoch 13 | loss inf | val acc 66.07%
Epoch 14 | loss inf | val acc 65.42%
Epoch 15 | loss inf | val acc 52.63%
Epoch 16 | loss inf | val acc 54.77%
Epoch 17 | loss inf | val acc 60.39%
Epoch 18 | loss inf | val acc 55.42%

Early stop at epoch 18. Best val acc: 66.07%

Accuracy: 0.6607460035523979
              precision    recall  f1-score   support

    Goodware       0.86      0.35      0.50       814
     Malware       0.61      0.95      0.74       875

    accuracy                           0.66      1689
   macro avg       0.74      0.65      0.62      1689
weighted avg       0.73      0.66      0.63      1689

Time taken: 10.46 minutes
Filtered with filter Stride Kernel with parameters: keep = 15 skip = 30
Epoch 01 | loss inf | val acc 51.27%
Epoch 02 | loss inf | val acc 53.94%
Epoch 03 | loss inf | val acc 60.33%
Epoch 04 | loss inf | val acc 54.83%
Epoch 05 | loss inf | val acc 54.53%
Epoch 06 | loss inf | val acc 60.57%
Epoch 07 | loss inf | val acc 51.81%
Epoch 08 | loss inf | val acc 52.22%
Epoch 09 | loss inf | val acc 56.01%
Epoch 10 | loss inf | val acc 66.90%
Epoch 11 | loss inf | val acc 55.24%
Epoch 12 | loss inf | val acc 53.70%
Epoch 13 | loss inf | val acc 58.14%
Epoch 14 | loss inf | val acc 52.93%
Epoch 15 | loss inf | val acc 60.63%

Early stop at epoch 15. Best val acc: 66.90%

Accuracy: 0.6690349319123742
              precision    recall  f1-score   support

    Goodware       0.82      0.40      0.54       814
     Malware       0.62      0.92      0.74       875

    accuracy                           0.67      1689
   macro avg       0.72      0.66      0.64      1689
weighted avg       0.72      0.67      0.64      1689

Time taken: 8.77 minutes
Filtered with filter Stride Kernel with parameters: keep = 15 skip = 35
Epoch 01 | loss inf | val acc 54.65%
Epoch 02 | loss inf | val acc 50.03%
Epoch 03 | loss inf | val acc 51.63%
Epoch 04 | loss inf | val acc 54.11%
Epoch 05 | loss inf | val acc 54.65%
Epoch 06 | loss inf | val acc 57.19%
Epoch 07 | loss inf | val acc 53.05%
Epoch 08 | loss inf | val acc 61.22%
Epoch 09 | loss inf | val acc 59.15%
Epoch 10 | loss inf | val acc 59.86%
Epoch 11 | loss inf | val acc 57.79%
Epoch 12 | loss inf | val acc 52.81%
Epoch 13 | loss inf | val acc 54.06%

Early stop at epoch 13. Best val acc: 61.22%

Accuracy: 0.6121965660153937
              precision    recall  f1-score   support

    Goodware       0.56      0.92      0.70       814
     Malware       0.82      0.32      0.46       875

    accuracy                           0.61      1689
   macro avg       0.69      0.62      0.58      1689
weighted avg       0.69      0.61      0.58      1689

Time taken: 6.61 minutes
Filtered with filter Stride Kernel with parameters: keep = 15 skip = 40
Epoch 01 | loss inf | val acc 51.21%
Epoch 02 | loss inf | val acc 52.63%
Epoch 03 | loss inf | val acc 60.09%
Epoch 04 | loss inf | val acc 53.29%
Epoch 05 | loss inf | val acc 51.63%
Epoch 06 | loss inf | val acc 53.88%
Epoch 07 | loss inf | val acc 63.06%
Epoch 08 | loss inf | val acc 59.44%
Epoch 09 | loss inf | val acc 52.04%
Epoch 10 | loss inf | val acc 57.55%
Epoch 11 | loss inf | val acc 52.75%
Epoch 12 | loss inf | val acc 54.88%

Early stop at epoch 12. Best val acc: 63.06%

Accuracy: 0.6305506216696269
              precision    recall  f1-score   support

    Goodware       0.84      0.29      0.43       814
     Malware       0.59      0.95      0.73       875

    accuracy                           0.63      1689
   macro avg       0.71      0.62      0.58      1689
weighted avg       0.71      0.63      0.58      1689

Time taken: 6.06 minutes
Filtered with filter Stride Kernel with parameters: keep = 15 skip = 45
Epoch 01 | loss inf | val acc 58.73%
Epoch 02 | loss inf | val acc 51.51%
Epoch 03 | loss inf | val acc 54.00%
Epoch 04 | loss inf | val acc 62.11%
Epoch 05 | loss inf | val acc 58.97%
Epoch 06 | loss inf | val acc 59.09%
Epoch 07 | loss inf | val acc 51.51%
Epoch 08 | loss inf | val acc 65.78%
Epoch 09 | loss inf | val acc 53.64%
Epoch 10 | loss inf | val acc 52.22%
Epoch 11 | loss inf | val acc 52.81%
Epoch 12 | loss inf | val acc 58.97%
Epoch 13 | loss inf | val acc 59.38%

Early stop at epoch 13. Best val acc: 65.78%

Accuracy: 0.6577856719952635
              precision    recall  f1-score   support

    Goodware       0.82      0.37      0.51       814
     Malware       0.61      0.92      0.74       875

    accuracy                           0.66      1689
   macro avg       0.71      0.65      0.62      1689
weighted avg       0.71      0.66      0.63      1689

Time taken: 6.01 minutes
Filtered with filter Stride Kernel with parameters: keep = 15 skip = 50
Epoch 01 | loss inf | val acc 51.39%
Epoch 02 | loss inf | val acc 54.71%
Epoch 03 | loss inf | val acc 53.82%
Epoch 04 | loss inf | val acc 54.23%
Epoch 05 | loss inf | val acc 60.75%
Epoch 06 | loss inf | val acc 54.35%
Epoch 07 | loss inf | val acc 58.97%
Epoch 08 | loss inf | val acc 54.11%
Epoch 09 | loss inf | val acc 56.07%
Epoch 10 | loss inf | val acc 55.24%

Early stop at epoch 10. Best val acc: 60.75%

Accuracy: 0.6074600355239786
              precision    recall  f1-score   support

    Goodware       0.85      0.22      0.36       814
     Malware       0.57      0.96      0.72       875

    accuracy                           0.61      1689
   macro avg       0.71      0.59      0.54      1689
weighted avg       0.71      0.61      0.54      1689

Time taken: 4.71 minutes
Filtered with filter Stride Kernel with parameters: keep = 20 skip = 1
Epoch 01 | loss inf | val acc 51.45%
Epoch 02 | loss inf | val acc 59.86%
Epoch 03 | loss inf | val acc 54.23%
Epoch 04 | loss inf | val acc 54.17%
Epoch 05 | loss inf | val acc 55.89%
Epoch 06 | loss inf | val acc 53.88%
Epoch 07 | loss inf | val acc 52.04%

Early stop at epoch 7. Best val acc: 59.86%

Accuracy: 0.5985790408525755
              precision    recall  f1-score   support

    Goodware       0.55      0.89      0.68       814
     Malware       0.76      0.33      0.46       875

    accuracy                           0.60      1689
   macro avg       0.66      0.61      0.57      1689
weighted avg       0.66      0.60      0.57      1689

Time taken: 14.80 minutes
Filtered with filter Stride Kernel with parameters: keep = 20 skip = 5
Epoch 01 | loss inf | val acc 53.46%
Epoch 02 | loss inf | val acc 59.86%
Epoch 03 | loss inf | val acc 53.88%
Epoch 04 | loss inf | val acc 55.65%
Epoch 05 | loss inf | val acc 55.06%
Epoch 06 | loss inf | val acc 54.47%
Epoch 07 | loss inf | val acc 54.65%

Early stop at epoch 7. Best val acc: 59.86%

Accuracy: 0.5985790408525755
              precision    recall  f1-score   support

    Goodware       0.55      0.86      0.67       814
     Malware       0.73      0.36      0.48       875

    accuracy                           0.60      1689
   macro avg       0.64      0.61      0.58      1689
weighted avg       0.64      0.60      0.57      1689

Time taken: 12.82 minutes
Filtered with filter Stride Kernel with parameters: keep = 20 skip = 10
Epoch 01 | loss inf | val acc 50.21%
Epoch 02 | loss inf | val acc 54.00%
Epoch 03 | loss inf | val acc 59.09%
Epoch 04 | loss inf | val acc 53.29%
Epoch 05 | loss inf | val acc 51.57%
Epoch 06 | loss inf | val acc 53.40%
Epoch 07 | loss inf | val acc 60.33%
Epoch 08 | loss inf | val acc 58.97%
Epoch 09 | loss inf | val acc 55.83%
Epoch 10 | loss inf | val acc 60.21%
Epoch 11 | loss inf | val acc 52.99%
Epoch 12 | loss inf | val acc 54.59%

Early stop at epoch 12. Best val acc: 60.33%

Accuracy: 0.6033155713439905
              precision    recall  f1-score   support

    Goodware       0.86      0.21      0.34       814
     Malware       0.57      0.97      0.72       875

    accuracy                           0.60      1689
   macro avg       0.71      0.59      0.53      1689
weighted avg       0.71      0.60      0.53      1689

Time taken: 18.14 minutes
Filtered with filter Stride Kernel with parameters: keep = 20 skip = 15
Epoch 01 | loss inf | val acc 58.50%
Epoch 02 | loss inf | val acc 51.39%
Epoch 03 | loss inf | val acc 51.45%
Epoch 04 | loss inf | val acc 51.57%
Epoch 05 | loss inf | val acc 54.00%
Epoch 06 | loss inf | val acc 52.10%

Early stop at epoch 6. Best val acc: 58.50%

Accuracy: 0.5849615156897573
              precision    recall  f1-score   support

    Goodware       0.56      0.66      0.61       814
     Malware       0.62      0.51      0.56       875

    accuracy                           0.58      1689
   macro avg       0.59      0.59      0.58      1689
weighted avg       0.59      0.58      0.58      1689

Time taken: 8.86 minutes
Filtered with filter Stride Kernel with parameters: keep = 20 skip = 20
Epoch 01 | loss inf | val acc 60.04%
Epoch 02 | loss inf | val acc 54.23%
Epoch 03 | loss inf | val acc 57.90%
Epoch 04 | loss inf | val acc 66.31%
Epoch 05 | loss inf | val acc 60.63%
Epoch 06 | loss inf | val acc 54.06%
Epoch 07 | loss inf | val acc 55.24%
Epoch 08 | loss inf | val acc 55.18%
Epoch 09 | loss inf | val acc 54.35%

Early stop at epoch 9. Best val acc: 66.31%

Accuracy: 0.6631142687981054
              precision    recall  f1-score   support

    Goodware       0.66      0.61      0.64       814
     Malware       0.66      0.71      0.69       875

    accuracy                           0.66      1689
   macro avg       0.66      0.66      0.66      1689
weighted avg       0.66      0.66      0.66      1689

Time taken: 10.01 minutes
Filtered with filter Stride Kernel with parameters: keep = 20 skip = 25
Epoch 01 | loss inf | val acc 53.23%
Epoch 02 | loss inf | val acc 52.99%
Epoch 03 | loss inf | val acc 52.87%
Epoch 04 | loss inf | val acc 57.13%
Epoch 05 | loss inf | val acc 51.63%
Epoch 06 | loss inf | val acc 58.56%
Epoch 07 | loss inf | val acc 54.00%
Epoch 08 | loss inf | val acc 56.66%
Epoch 09 | loss inf | val acc 53.29%
Epoch 10 | loss inf | val acc 54.11%
Epoch 11 | loss inf | val acc 54.06%

Early stop at epoch 11. Best val acc: 58.56%

Accuracy: 0.5855535820011841
              precision    recall  f1-score   support

    Goodware       0.54      0.95      0.69       814
     Malware       0.85      0.24      0.38       875

    accuracy                           0.59      1689
   macro avg       0.69      0.60      0.53      1689
weighted avg       0.70      0.59      0.53      1689

Time taken: 8.75 minutes
Filtered with filter Stride Kernel with parameters: keep = 20 skip = 30
Epoch 01 | loss inf | val acc 51.98%
Epoch 02 | loss inf | val acc 51.81%
Epoch 03 | loss inf | val acc 53.11%
Epoch 04 | loss inf | val acc 63.94%
Epoch 05 | loss inf | val acc 52.99%
Epoch 06 | loss inf | val acc 58.02%
Epoch 07 | loss inf | val acc 58.02%
Epoch 08 | loss inf | val acc 52.93%
Epoch 09 | loss inf | val acc 61.81%

Early stop at epoch 9. Best val acc: 63.94%

Accuracy: 0.6394316163410302
              precision    recall  f1-score   support

    Goodware       0.71      0.43      0.53       814
     Malware       0.61      0.84      0.71       875

    accuracy                           0.64      1689
   macro avg       0.66      0.63      0.62      1689
weighted avg       0.66      0.64      0.62      1689

Time taken: 6.94 minutes
Filtered with filter Stride Kernel with parameters: keep = 20 skip = 35
Epoch 01 | loss inf | val acc 58.73%
Epoch 02 | loss inf | val acc 51.10%
Epoch 03 | loss inf | val acc 54.71%
Epoch 04 | loss inf | val acc 51.33%
Epoch 05 | loss inf | val acc 54.00%
Epoch 06 | loss inf | val acc 56.13%

Early stop at epoch 6. Best val acc: 58.73%

Accuracy: 0.5873297809354647
              precision    recall  f1-score   support

    Goodware       0.55      0.87      0.67       814
     Malware       0.73      0.33      0.45       875

    accuracy                           0.59      1689
   macro avg       0.64      0.60      0.56      1689
weighted avg       0.64      0.59      0.56      1689

Time taken: 5.07 minutes
Filtered with filter Stride Kernel with parameters: keep = 20 skip = 40
Epoch 01 | loss inf | val acc 51.51%
Epoch 02 | loss inf | val acc 55.06%
Epoch 03 | loss inf | val acc 52.81%
Epoch 04 | loss inf | val acc 52.93%
Epoch 05 | loss inf | val acc 67.26%
Epoch 06 | loss inf | val acc 60.33%
Epoch 07 | loss inf | val acc 54.17%
Epoch 08 | loss inf | val acc 62.34%
Epoch 09 | loss inf | val acc 61.99%
Epoch 10 | loss inf | val acc 57.08%

Early stop at epoch 10. Best val acc: 67.26%

Accuracy: 0.6725873297809355
              precision    recall  f1-score   support

    Goodware       0.66      0.67      0.66       814
     Malware       0.69      0.67      0.68       875

    accuracy                           0.67      1689
   macro avg       0.67      0.67      0.67      1689
weighted avg       0.67      0.67      0.67      1689

Time taken: 6.95 minutes
Filtered with filter Stride Kernel with parameters: keep = 20 skip = 45
Epoch 01 | loss inf | val acc 48.31%
Epoch 02 | loss inf | val acc 51.51%
Epoch 03 | loss inf | val acc 53.58%
Epoch 04 | loss inf | val acc 51.45%
Epoch 05 | loss inf | val acc 61.40%
Epoch 06 | loss inf | val acc 51.63%
Epoch 07 | loss inf | val acc 59.80%
Epoch 08 | loss inf | val acc 53.11%
Epoch 09 | loss inf | val acc 54.17%
Epoch 10 | loss inf | val acc 54.23%

Early stop at epoch 10. Best val acc: 61.40%

Accuracy: 0.6139727649496743
              precision    recall  f1-score   support

    Goodware       0.56      0.87      0.68       814
     Malware       0.75      0.38      0.50       875

    accuracy                           0.61      1689
   macro avg       0.66      0.62      0.59      1689
weighted avg       0.66      0.61      0.59      1689

Time taken: 5.90 minutes
Filtered with filter Stride Kernel with parameters: keep = 20 skip = 50
Epoch 01 | loss inf | val acc 52.10%
Epoch 02 | loss inf | val acc 59.03%
Epoch 03 | loss inf | val acc 54.65%
Epoch 04 | loss inf | val acc 52.58%
Epoch 05 | loss inf | val acc 51.45%
Epoch 06 | loss inf | val acc 54.11%
Epoch 07 | loss inf | val acc 52.69%

Early stop at epoch 7. Best val acc: 59.03%

Accuracy: 0.5902901124925992
              precision    recall  f1-score   support

    Goodware       0.54      0.93      0.69       814
     Malware       0.81      0.27      0.41       875

    accuracy                           0.59      1689
   macro avg       0.68      0.60      0.55      1689
weighted avg       0.68      0.59      0.54      1689

Time taken: 4.49 minutes
Filtered with filter Stride Kernel with parameters: keep = 25 skip = 1
Epoch 01 | loss inf | val acc 49.67%
Epoch 02 | loss inf | val acc 54.65%
Epoch 03 | loss inf | val acc 52.46%
Epoch 04 | loss inf | val acc 51.57%
Epoch 05 | loss inf | val acc 58.02%
Epoch 06 | loss inf | val acc 54.88%
Epoch 07 | loss inf | val acc 61.10%
Epoch 08 | loss inf | val acc 53.58%
Epoch 09 | loss inf | val acc 57.90%
Epoch 10 | loss inf | val acc 54.00%
Epoch 11 | loss inf | val acc 57.31%
Epoch 12 | loss inf | val acc 52.22%

Early stop at epoch 12. Best val acc: 61.10%

Accuracy: 0.61101243339254
              precision    recall  f1-score   support

    Goodware       0.56      0.90      0.69       814
     Malware       0.78      0.35      0.48       875

    accuracy                           0.61      1689
   macro avg       0.67      0.62      0.58      1689
weighted avg       0.68      0.61      0.58      1689

Time taken: 22.37 minutes
Filtered with filter Stride Kernel with parameters: keep = 25 skip = 5
Epoch 01 | loss inf | val acc 57.55%
Epoch 02 | loss inf | val acc 51.45%
Epoch 03 | loss inf | val acc 53.88%
Epoch 04 | loss inf | val acc 54.06%
Epoch 05 | loss inf | val acc 57.73%
Epoch 06 | loss inf | val acc 58.32%
Epoch 07 | loss inf | val acc 55.48%
Epoch 08 | loss inf | val acc 54.29%
Epoch 09 | loss inf | val acc 55.06%
Epoch 10 | loss inf | val acc 56.25%
Epoch 11 | loss inf | val acc 53.70%

Early stop at epoch 11. Best val acc: 58.32%

Accuracy: 0.5831853167554766
              precision    recall  f1-score   support

    Goodware       0.84      0.17      0.28       814
     Malware       0.56      0.97      0.71       875

    accuracy                           0.58      1689
   macro avg       0.70      0.57      0.49      1689
weighted avg       0.69      0.58      0.50      1689

Time taken: 18.69 minutes
Filtered with filter Stride Kernel with parameters: keep = 25 skip = 10
Epoch 01 | loss inf | val acc 54.47%
Epoch 02 | loss inf | val acc 51.39%
Epoch 03 | loss inf | val acc 57.90%
Epoch 04 | loss inf | val acc 52.81%
Epoch 05 | loss inf | val acc 52.99%
Epoch 06 | loss inf | val acc 56.96%
Epoch 07 | loss inf | val acc 54.29%
Epoch 08 | loss inf | val acc 58.26%
Epoch 09 | loss inf | val acc 55.06%
Epoch 10 | loss inf | val acc 53.70%
Epoch 11 | loss inf | val acc 60.63%
Epoch 12 | loss inf | val acc 54.94%
Epoch 13 | loss inf | val acc 52.10%
Epoch 14 | loss inf | val acc 54.65%
Epoch 15 | loss inf | val acc 57.19%
Epoch 16 | loss inf | val acc 52.16%

Early stop at epoch 16. Best val acc: 60.63%

Accuracy: 0.6062759029011249
              precision    recall  f1-score   support

    Goodware       0.84      0.23      0.36       814
     Malware       0.57      0.96      0.72       875

    accuracy                           0.61      1689
   macro avg       0.70      0.59      0.54      1689
weighted avg       0.70      0.61      0.54      1689

Time taken: 22.38 minutes
Filtered with filter Stride Kernel with parameters: keep = 25 skip = 15
Epoch 01 | loss inf | val acc 51.21%
Epoch 02 | loss inf | val acc 50.92%
Epoch 03 | loss inf | val acc 52.04%
Epoch 04 | loss inf | val acc 58.20%
Epoch 05 | loss inf | val acc 61.10%
Epoch 06 | loss inf | val acc 54.11%
Epoch 07 | loss inf | val acc 51.63%
Epoch 08 | loss inf | val acc 63.23%
Epoch 09 | loss inf | val acc 52.93%
Epoch 10 | loss inf | val acc 57.67%
Epoch 11 | loss inf | val acc 58.44%
Epoch 12 | loss inf | val acc 58.14%
Epoch 13 | loss inf | val acc 52.22%

Early stop at epoch 13. Best val acc: 63.23%

Accuracy: 0.6323268206039077
              precision    recall  f1-score   support

    Goodware       0.58      0.86      0.69       814
     Malware       0.76      0.42      0.54       875

    accuracy                           0.63      1689
   macro avg       0.67      0.64      0.62      1689
weighted avg       0.67      0.63      0.62      1689

Time taken: 15.63 minutes
Filtered with filter Stride Kernel with parameters: keep = 25 skip = 20
Epoch 01 | loss inf | val acc 52.04%
Epoch 02 | loss inf | val acc 54.88%
Epoch 03 | loss inf | val acc 51.15%
Epoch 04 | loss inf | val acc 52.10%
Epoch 05 | loss inf | val acc 54.11%
Epoch 06 | loss inf | val acc 54.71%
Epoch 07 | loss inf | val acc 67.38%
Epoch 08 | loss inf | val acc 68.38%
Epoch 09 | loss inf | val acc 61.57%
Epoch 10 | loss inf | val acc 54.47%
Epoch 11 | loss inf | val acc 55.06%
Epoch 12 | loss inf | val acc 52.28%
Epoch 13 | loss inf | val acc 54.83%

Early stop at epoch 13. Best val acc: 68.38%

Accuracy: 0.6838365896980462
              precision    recall  f1-score   support

    Goodware       0.78      0.48      0.59       814
     Malware       0.64      0.87      0.74       875

    accuracy                           0.68      1689
   macro avg       0.71      0.68      0.67      1689
weighted avg       0.71      0.68      0.67      1689

Time taken: 14.21 minutes
Filtered with filter Stride Kernel with parameters: keep = 25 skip = 25
Epoch 01 | loss inf | val acc 54.29%
Epoch 02 | loss inf | val acc 51.15%
Epoch 03 | loss inf | val acc 53.64%
Epoch 04 | loss inf | val acc 55.30%
Epoch 05 | loss inf | val acc 61.04%
Epoch 06 | loss inf | val acc 53.82%
Epoch 07 | loss inf | val acc 55.36%
Epoch 08 | loss inf | val acc 56.31%
Epoch 09 | loss inf | val acc 54.77%
Epoch 10 | loss inf | val acc 51.98%

Early stop at epoch 10. Best val acc: 61.04%

Accuracy: 0.6104203670811131
              precision    recall  f1-score   support

    Goodware       0.56      0.90      0.69       814
     Malware       0.79      0.34      0.48       875

    accuracy                           0.61      1689
   macro avg       0.67      0.62      0.58      1689
weighted avg       0.68      0.61      0.58      1689

Time taken: 11.31 minutes
Filtered with filter Stride Kernel with parameters: keep = 25 skip = 30
Epoch 01 | loss inf | val acc 58.50%
Epoch 02 | loss inf | val acc 56.13%
Epoch 03 | loss inf | val acc 60.09%
Epoch 04 | loss inf | val acc 52.10%
Epoch 05 | loss inf | val acc 54.83%
Epoch 06 | loss inf | val acc 52.52%
Epoch 07 | loss inf | val acc 54.11%
Epoch 08 | loss inf | val acc 55.00%

Early stop at epoch 8. Best val acc: 60.09%

Accuracy: 0.6009473060982831
              precision    recall  f1-score   support

    Goodware       0.55      0.89      0.68       814
     Malware       0.77      0.33      0.46       875

    accuracy                           0.60      1689
   macro avg       0.66      0.61      0.57      1689
weighted avg       0.67      0.60      0.57      1689

Time taken: 8.09 minutes
Filtered with filter Stride Kernel with parameters: keep = 25 skip = 35
Epoch 01 | loss inf | val acc 50.56%
Epoch 02 | loss inf | val acc 51.63%
Epoch 03 | loss inf | val acc 53.64%
Epoch 04 | loss inf | val acc 51.33%
Epoch 05 | loss inf | val acc 54.71%
Epoch 06 | loss inf | val acc 61.52%
Epoch 07 | loss inf | val acc 55.65%
Epoch 08 | loss inf | val acc 52.16%
Epoch 09 | loss inf | val acc 63.00%
Epoch 10 | loss inf | val acc 64.18%
Epoch 11 | loss inf | val acc 54.00%
Epoch 12 | loss inf | val acc 65.90%
Epoch 13 | loss inf | val acc 59.09%
Epoch 14 | loss inf | val acc 54.59%
Epoch 15 | loss inf | val acc 64.54%
Epoch 16 | loss inf | val acc 65.90%
Epoch 17 | loss inf | val acc 56.25%

Early stop at epoch 17. Best val acc: 65.90%

Accuracy: 0.6589698046181173
              precision    recall  f1-score   support

    Goodware       0.88      0.34      0.49       814
     Malware       0.61      0.96      0.74       875

    accuracy                           0.66      1689
   macro avg       0.74      0.65      0.62      1689
weighted avg       0.74      0.66      0.62      1689

Time taken: 11.64 minutes
Filtered with filter Stride Kernel with parameters: keep = 25 skip = 40
Epoch 01 | loss inf | val acc 50.15%
Epoch 02 | loss inf | val acc 53.52%
Epoch 03 | loss inf | val acc 59.56%
Epoch 04 | loss inf | val acc 52.34%
Epoch 05 | loss inf | val acc 53.94%
Epoch 06 | loss inf | val acc 55.06%
Epoch 07 | loss inf | val acc 57.61%
Epoch 08 | loss inf | val acc 52.16%

Early stop at epoch 8. Best val acc: 59.56%

Accuracy: 0.5956187092954411
              precision    recall  f1-score   support

    Goodware       0.55      0.90      0.68       814
     Malware       0.78      0.31      0.44       875

    accuracy                           0.60      1689
   macro avg       0.66      0.61      0.56      1689
weighted avg       0.67      0.60      0.56      1689

Time taken: 6.12 minutes
Filtered with filter Stride Kernel with parameters: keep = 25 skip = 45
Epoch 01 | loss inf | val acc 51.81%
Epoch 02 | loss inf | val acc 53.35%
Epoch 03 | loss inf | val acc 54.47%
Epoch 04 | loss inf | val acc 51.81%
Epoch 05 | loss inf | val acc 60.63%
Epoch 06 | loss inf | val acc 53.29%
Epoch 07 | loss inf | val acc 54.35%
Epoch 08 | loss inf | val acc 52.52%
Epoch 09 | loss inf | val acc 56.13%
Epoch 10 | loss inf | val acc 61.04%
Epoch 11 | loss inf | val acc 53.94%
Epoch 12 | loss inf | val acc 56.36%
Epoch 13 | loss inf | val acc 64.54%
Epoch 14 | loss inf | val acc 53.82%
Epoch 15 | loss inf | val acc 60.63%
Epoch 16 | loss inf | val acc 69.09%
Epoch 17 | loss inf | val acc 63.71%
Epoch 18 | loss inf | val acc 54.29%
Epoch 19 | loss inf | val acc 57.96%
Epoch 20 | loss inf | val acc 54.17%
Epoch 21 | loss inf | val acc 55.36%

Early stop at epoch 21. Best val acc: 69.09%

Accuracy: 0.6909413854351687
              precision    recall  f1-score   support

    Goodware       0.87      0.42      0.57       814
     Malware       0.64      0.94      0.76       875

    accuracy                           0.69      1689
   macro avg       0.75      0.68      0.66      1689
weighted avg       0.75      0.69      0.67      1689

Time taken: 11.42 minutes
Filtered with filter Stride Kernel with parameters: keep = 25 skip = 50
Epoch 01 | loss inf | val acc 53.64%
Epoch 02 | loss inf | val acc 51.63%
Epoch 03 | loss inf | val acc 58.38%
Epoch 04 | loss inf | val acc 61.28%
Epoch 05 | loss inf | val acc 52.46%
Epoch 06 | loss inf | val acc 54.83%
Epoch 07 | loss inf | val acc 53.29%
Epoch 08 | loss inf | val acc 53.76%
Epoch 09 | loss inf | val acc 62.52%
Epoch 10 | loss inf | val acc 59.44%
Epoch 11 | loss inf | val acc 52.69%
Epoch 12 | loss inf | val acc 59.56%
Epoch 13 | loss inf | val acc 57.55%
Epoch 14 | loss inf | val acc 55.60%

Early stop at epoch 14. Best val acc: 62.52%

Accuracy: 0.6252220248667851
              precision    recall  f1-score   support

    Goodware       0.88      0.26      0.40       814
     Malware       0.58      0.97      0.73       875

    accuracy                           0.63      1689
   macro avg       0.73      0.61      0.56      1689
weighted avg       0.73      0.63      0.57      1689

Time taken: 7.96 minutes
Filtered with filter Stride Kernel with parameters: keep = 30 skip = 1
Epoch 01 | loss inf | val acc 51.39%
Epoch 02 | loss inf | val acc 51.27%
Epoch 03 | loss inf | val acc 53.11%
Epoch 04 | loss inf | val acc 51.10%
Epoch 05 | loss inf | val acc 51.39%
Epoch 06 | loss inf | val acc 60.51%
Epoch 07 | loss inf | val acc 51.87%
Epoch 08 | loss inf | val acc 58.97%
Epoch 09 | loss inf | val acc 53.70%
Epoch 10 | loss inf | val acc 54.47%
Epoch 11 | loss inf | val acc 63.06%
Epoch 12 | loss inf | val acc 56.19%
Epoch 13 | loss inf | val acc 65.60%
Epoch 14 | loss inf | val acc 55.48%
Epoch 15 | loss inf | val acc 52.34%
Epoch 16 | loss inf | val acc 53.23%
Epoch 17 | loss inf | val acc 60.75%
Epoch 18 | loss inf | val acc 57.73%

Early stop at epoch 18. Best val acc: 65.60%

Accuracy: 0.6560094730609828
              precision    recall  f1-score   support

    Goodware       0.87      0.33      0.48       814
     Malware       0.61      0.96      0.74       875

    accuracy                           0.66      1689
   macro avg       0.74      0.64      0.61      1689
weighted avg       0.74      0.66      0.62      1689

Time taken: 31.24 minutes
Filtered with filter Stride Kernel with parameters: keep = 30 skip = 5
Epoch 01 | loss inf | val acc 50.21%
Epoch 02 | loss inf | val acc 57.19%
Epoch 03 | loss inf | val acc 53.76%
Epoch 04 | loss inf | val acc 57.31%
Epoch 05 | loss inf | val acc 56.84%
Epoch 06 | loss inf | val acc 53.40%
Epoch 07 | loss inf | val acc 54.77%
Epoch 08 | loss inf | val acc 68.21%
Epoch 09 | loss inf | val acc 55.48%
Epoch 10 | loss inf | val acc 66.13%
Epoch 11 | loss inf | val acc 54.11%
Epoch 12 | loss inf | val acc 52.22%
Epoch 13 | loss inf | val acc 58.02%

Early stop at epoch 13. Best val acc: 68.21%

Accuracy: 0.6820603907637656
              precision    recall  f1-score   support

    Goodware       0.74      0.53      0.62       814
     Malware       0.65      0.82      0.73       875

    accuracy                           0.68      1689
   macro avg       0.69      0.68      0.67      1689
weighted avg       0.69      0.68      0.67      1689

Time taken: 22.95 minutes
Filtered with filter Stride Kernel with parameters: keep = 30 skip = 10
Epoch 01 | loss inf | val acc 51.27%
Epoch 02 | loss inf | val acc 51.98%
Epoch 03 | loss inf | val acc 54.17%
Epoch 04 | loss inf | val acc 60.27%
Epoch 05 | loss inf | val acc 55.71%
Epoch 06 | loss inf | val acc 53.70%
Epoch 07 | loss inf | val acc 59.56%
Epoch 08 | loss inf | val acc 67.32%
Epoch 09 | loss inf | val acc 63.77%
Epoch 10 | loss inf | val acc 54.35%
Epoch 11 | loss inf | val acc 52.34%
Epoch 12 | loss inf | val acc 57.67%
Epoch 13 | loss inf | val acc 53.11%

Early stop at epoch 13. Best val acc: 67.32%

Accuracy: 0.6731793960923623
              precision    recall  f1-score   support

    Goodware       0.62      0.86      0.72       814
     Malware       0.79      0.50      0.61       875

    accuracy                           0.67      1689
   macro avg       0.70      0.68      0.67      1689
weighted avg       0.71      0.67      0.66      1689

Time taken: 19.84 minutes
Filtered with filter Stride Kernel with parameters: keep = 30 skip = 15
Epoch 01 | loss inf | val acc 51.21%
Epoch 02 | loss inf | val acc 52.04%
Epoch 03 | loss inf | val acc 53.46%
Epoch 04 | loss inf | val acc 57.08%
Epoch 05 | loss inf | val acc 54.94%
Epoch 06 | loss inf | val acc 54.06%
Epoch 07 | loss inf | val acc 58.08%
Epoch 08 | loss inf | val acc 67.61%
Epoch 09 | loss inf | val acc 58.20%
Epoch 10 | loss inf | val acc 70.16%
Epoch 11 | loss inf | val acc 59.74%
Epoch 12 | loss inf | val acc 61.40%
Epoch 13 | loss inf | val acc 53.11%
Epoch 14 | loss inf | val acc 52.10%
Epoch 15 | loss inf | val acc 55.54%

Early stop at epoch 15. Best val acc: 70.16%

Accuracy: 0.7015985790408525
              precision    recall  f1-score   support

    Goodware       0.73      0.60      0.66       814
     Malware       0.68      0.79      0.73       875

    accuracy                           0.70      1689
   macro avg       0.71      0.70      0.70      1689
weighted avg       0.71      0.70      0.70      1689

Time taken: 21.26 minutes
Filtered with filter Stride Kernel with parameters: keep = 30 skip = 20
Epoch 01 | loss inf | val acc 52.75%
Epoch 02 | loss inf | val acc 53.35%
Epoch 03 | loss inf | val acc 51.21%
Epoch 04 | loss inf | val acc 55.54%
Epoch 05 | loss inf | val acc 53.52%
Epoch 06 | loss inf | val acc 54.29%
Epoch 07 | loss inf | val acc 53.52%
Epoch 08 | loss inf | val acc 54.41%
Epoch 09 | loss inf | val acc 60.21%
Epoch 10 | loss inf | val acc 54.88%
Epoch 11 | loss inf | val acc 57.31%
Epoch 12 | loss inf | val acc 60.33%
Epoch 13 | loss inf | val acc 63.53%
Epoch 14 | loss inf | val acc 60.81%
Epoch 15 | loss inf | val acc 54.53%
Epoch 16 | loss inf | val acc 57.43%
Epoch 17 | loss inf | val acc 61.69%
Epoch 18 | loss inf | val acc 52.81%

Early stop at epoch 18. Best val acc: 63.53%

Accuracy: 0.635287152161042
              precision    recall  f1-score   support

    Goodware       0.88      0.28      0.43       814
     Malware       0.59      0.96      0.73       875

    accuracy                           0.64      1689
   macro avg       0.74      0.62      0.58      1689
weighted avg       0.73      0.64      0.59      1689

Time taken: 21.19 minutes
Filtered with filter Stride Kernel with parameters: keep = 30 skip = 25
Epoch 01 | loss inf | val acc 49.85%
Epoch 02 | loss inf | val acc 58.85%
Epoch 03 | loss inf | val acc 57.73%
Epoch 04 | loss inf | val acc 56.60%
Epoch 05 | loss inf | val acc 52.52%
Epoch 06 | loss inf | val acc 54.00%
Epoch 07 | loss inf | val acc 52.81%

Early stop at epoch 7. Best val acc: 58.85%

Accuracy: 0.5885139135583185
              precision    recall  f1-score   support

    Goodware       0.66      0.30      0.41       814
     Malware       0.57      0.86      0.68       875

    accuracy                           0.59      1689
   macro avg       0.62      0.58      0.55      1689
weighted avg       0.61      0.59      0.55      1689

Time taken: 9.36 minutes
Filtered with filter Stride Kernel with parameters: keep = 30 skip = 30
Epoch 01 | loss inf | val acc 51.15%
Epoch 02 | loss inf | val acc 59.80%
Epoch 03 | loss inf | val acc 57.55%
Epoch 04 | loss inf | val acc 53.17%
Epoch 05 | loss inf | val acc 53.29%
Epoch 06 | loss inf | val acc 58.50%
Epoch 07 | loss inf | val acc 62.88%
Epoch 08 | loss inf | val acc 62.76%
Epoch 09 | loss inf | val acc 56.72%
Epoch 10 | loss inf | val acc 58.14%
Epoch 11 | loss inf | val acc 56.01%
Epoch 12 | loss inf | val acc 58.79%

Early stop at epoch 12. Best val acc: 62.88%

Accuracy: 0.6287744227353463
              precision    recall  f1-score   support

    Goodware       0.85      0.28      0.42       814
     Malware       0.59      0.96      0.73       875

    accuracy                           0.63      1689
   macro avg       0.72      0.62      0.57      1689
weighted avg       0.72      0.63      0.58      1689

Time taken: 11.76 minutes
Filtered with filter Stride Kernel with parameters: keep = 30 skip = 35
Epoch 01 | loss inf | val acc 52.34%
Epoch 02 | loss inf | val acc 54.94%
Epoch 03 | loss inf | val acc 53.29%
Epoch 04 | loss inf | val acc 61.81%
Epoch 05 | loss inf | val acc 59.03%
Epoch 06 | loss inf | val acc 53.46%
Epoch 07 | loss inf | val acc 67.08%
Epoch 08 | loss inf | val acc 56.01%
Epoch 09 | loss inf | val acc 52.40%
Epoch 10 | loss inf | val acc 57.67%
Epoch 11 | loss inf | val acc 73.42%
Epoch 12 | loss inf | val acc 54.94%
Epoch 13 | loss inf | val acc 52.75%
Epoch 14 | loss inf | val acc 58.26%
Epoch 15 | loss inf | val acc 54.71%
Epoch 16 | loss inf | val acc 56.72%

Early stop at epoch 16. Best val acc: 73.42%

Accuracy: 0.7341622261693309
              precision    recall  f1-score   support

    Goodware       0.78      0.62      0.69       814
     Malware       0.71      0.84      0.77       875

    accuracy                           0.73      1689
   macro avg       0.74      0.73      0.73      1689
weighted avg       0.74      0.73      0.73      1689

Time taken: 12.12 minutes
Filtered with filter Stride Kernel with parameters: keep = 30 skip = 40
Epoch 01 | loss inf | val acc 55.30%
Epoch 02 | loss inf | val acc 51.69%
Epoch 03 | loss inf | val acc 53.46%
Epoch 04 | loss inf | val acc 54.59%
Epoch 05 | loss inf | val acc 64.12%
Epoch 06 | loss inf | val acc 53.76%
Epoch 07 | loss inf | val acc 61.22%
Epoch 08 | loss inf | val acc 51.69%
Epoch 09 | loss inf | val acc 68.32%
Epoch 10 | loss inf | val acc 55.77%
Epoch 11 | loss inf | val acc 52.93%
Epoch 12 | loss inf | val acc 59.86%
Epoch 13 | loss inf | val acc 55.60%
Epoch 14 | loss inf | val acc 55.54%

Early stop at epoch 14. Best val acc: 68.32%

Accuracy: 0.6832445233866193
              precision    recall  f1-score   support

    Goodware       0.75      0.52      0.61       814
     Malware       0.65      0.84      0.73       875

    accuracy                           0.68      1689
   macro avg       0.70      0.68      0.67      1689
weighted avg       0.70      0.68      0.67      1689

Time taken: 10.32 minutes
Filtered with filter Stride Kernel with parameters: keep = 30 skip = 45
Epoch 01 | loss inf | val acc 51.57%
Epoch 02 | loss inf | val acc 51.57%
Epoch 03 | loss inf | val acc 66.90%
Epoch 04 | loss inf | val acc 52.87%
Epoch 05 | loss inf | val acc 60.69%
Epoch 06 | loss inf | val acc 61.34%
Epoch 07 | loss inf | val acc 54.17%
Epoch 08 | loss inf | val acc 54.65%

Early stop at epoch 8. Best val acc: 66.90%

Accuracy: 0.6690349319123742
              precision    recall  f1-score   support

    Goodware       0.70      0.54      0.61       814
     Malware       0.65      0.79      0.71       875

    accuracy                           0.67      1689
   macro avg       0.68      0.66      0.66      1689
weighted avg       0.68      0.67      0.66      1689

Time taken: 6.97 minutes
Filtered with filter Stride Kernel with parameters: keep = 30 skip = 50
Epoch 01 | loss inf | val acc 56.36%
Epoch 02 | loss inf | val acc 52.81%
Epoch 03 | loss inf | val acc 51.45%
Epoch 04 | loss inf | val acc 55.95%
Epoch 05 | loss inf | val acc 53.40%
Epoch 06 | loss inf | val acc 53.82%

Early stop at epoch 6. Best val acc: 56.36%

Accuracy: 0.5636471284783896
              precision    recall  f1-score   support

    Goodware       0.63      0.24      0.34       814
     Malware       0.55      0.87      0.67       875

    accuracy                           0.56      1689
   macro avg       0.59      0.55      0.51      1689
weighted avg       0.59      0.56      0.51      1689

Time taken: 5.60 minutes
Filtered with filter Stride Kernel with parameters: keep = 35 skip = 1
Epoch 01 | loss inf | val acc 51.33%
Epoch 02 | loss inf | val acc 55.30%
Epoch 03 | loss inf | val acc 52.93%
Epoch 04 | loss inf | val acc 53.94%
Epoch 05 | loss inf | val acc 55.30%
Epoch 06 | loss inf | val acc 51.98%
Epoch 07 | loss inf | val acc 52.75%

Early stop at epoch 7. Best val acc: 55.30%

Accuracy: 0.5529899348727058
              precision    recall  f1-score   support

    Goodware       0.72      0.12      0.20       814
     Malware       0.54      0.96      0.69       875

    accuracy                           0.55      1689
   macro avg       0.63      0.54      0.45      1689
weighted avg       0.63      0.55      0.45      1689

Time taken: 16.17 minutes
Filtered with filter Stride Kernel with parameters: keep = 35 skip = 5
Epoch 01 | loss inf | val acc 51.21%
Epoch 02 | loss inf | val acc 51.51%
Epoch 03 | loss inf | val acc 51.45%
Epoch 04 | loss inf | val acc 56.90%
Epoch 05 | loss inf | val acc 51.27%
Epoch 06 | loss inf | val acc 53.94%
Epoch 07 | loss inf | val acc 53.94%
Epoch 08 | loss inf | val acc 59.15%
Epoch 09 | loss inf | val acc 63.94%
Epoch 10 | loss inf | val acc 66.37%
Epoch 11 | loss inf | val acc 54.88%
Epoch 12 | loss inf | val acc 58.91%
Epoch 13 | loss inf | val acc 66.84%
Epoch 14 | loss inf | val acc 54.23%
Epoch 15 | loss inf | val acc 55.54%
Epoch 16 | loss inf | val acc 56.60%
Epoch 17 | loss inf | val acc 61.99%
Epoch 18 | loss inf | val acc 56.01%

Early stop at epoch 18. Best val acc: 66.84%

Accuracy: 0.6684428656009473
              precision    recall  f1-score   support

    Goodware       0.87      0.36      0.51       814
     Malware       0.62      0.95      0.75       875

    accuracy                           0.67      1689
   macro avg       0.75      0.66      0.63      1689
weighted avg       0.74      0.67      0.64      1689

Time taken: 31.80 minutes
Filtered with filter Stride Kernel with parameters: keep = 35 skip = 10
Epoch 01 | loss inf | val acc 51.21%
Epoch 02 | loss inf | val acc 51.51%
Epoch 03 | loss inf | val acc 51.33%
Epoch 04 | loss inf | val acc 60.45%
Epoch 05 | loss inf | val acc 53.88%
Epoch 06 | loss inf | val acc 51.57%
Epoch 07 | loss inf | val acc 51.63%
Epoch 08 | loss inf | val acc 56.36%
Epoch 09 | loss inf | val acc 51.98%

Early stop at epoch 9. Best val acc: 60.45%

Accuracy: 0.6044997039668443
              precision    recall  f1-score   support

    Goodware       0.56      0.85      0.67       814
     Malware       0.73      0.38      0.50       875

    accuracy                           0.60      1689
   macro avg       0.64      0.61      0.59      1689
weighted avg       0.65      0.60      0.58      1689

Time taken: 16.51 minutes
Filtered with filter Stride Kernel with parameters: keep = 35 skip = 15
Epoch 01 | loss inf | val acc 54.35%
Epoch 02 | loss inf | val acc 51.92%
Epoch 03 | loss inf | val acc 51.92%
Epoch 04 | loss inf | val acc 56.19%
Epoch 05 | loss inf | val acc 64.12%
Epoch 06 | loss inf | val acc 52.22%
Epoch 07 | loss inf | val acc 53.05%
Epoch 08 | loss inf | val acc 61.57%
Epoch 09 | loss inf | val acc 58.50%
Epoch 10 | loss inf | val acc 55.24%

Early stop at epoch 10. Best val acc: 64.12%

Accuracy: 0.6412078152753108
              precision    recall  f1-score   support

    Goodware       0.66      0.54      0.59       814
     Malware       0.63      0.74      0.68       875

    accuracy                           0.64      1689
   macro avg       0.64      0.64      0.64      1689
weighted avg       0.64      0.64      0.64      1689

Time taken: 17.23 minutes
Filtered with filter Stride Kernel with parameters: keep = 35 skip = 20
Epoch 01 | loss inf | val acc 51.75%
Epoch 02 | loss inf | val acc 57.73%
Epoch 03 | loss inf | val acc 60.63%
Epoch 04 | loss inf | val acc 55.42%
Epoch 05 | loss inf | val acc 58.14%
Epoch 06 | loss inf | val acc 60.09%
Epoch 07 | loss inf | val acc 54.06%
Epoch 08 | loss inf | val acc 59.56%

Early stop at epoch 8. Best val acc: 60.63%

Accuracy: 0.6062759029011249
              precision    recall  f1-score   support

    Goodware       0.70      0.32      0.44       814
     Malware       0.58      0.87      0.70       875

    accuracy                           0.61      1689
   macro avg       0.64      0.60      0.57      1689
weighted avg       0.64      0.61      0.57      1689

Time taken: 12.94 minutes
Filtered with filter Stride Kernel with parameters: keep = 35 skip = 25
Epoch 01 | loss inf | val acc 52.22%
Epoch 02 | loss inf | val acc 55.48%
Epoch 03 | loss inf | val acc 54.17%
Epoch 04 | loss inf | val acc 52.99%
Epoch 05 | loss inf | val acc 54.06%
Epoch 06 | loss inf | val acc 54.88%
Epoch 07 | loss inf | val acc 55.36%

Early stop at epoch 7. Best val acc: 55.48%

Accuracy: 0.5547661338069864
              precision    recall  f1-score   support

    Goodware       0.74      0.12      0.20       814
     Malware       0.54      0.96      0.69       875

    accuracy                           0.55      1689
   macro avg       0.64      0.54      0.45      1689
weighted avg       0.64      0.55      0.46      1689

Time taken: 11.26 minutes
Filtered with filter Stride Kernel with parameters: keep = 35 skip = 30
Epoch 01 | loss inf | val acc 51.27%
Epoch 02 | loss inf | val acc 59.33%
Epoch 03 | loss inf | val acc 54.41%
Epoch 04 | loss inf | val acc 60.27%
Epoch 05 | loss inf | val acc 57.08%
Epoch 06 | loss inf | val acc 54.17%
Epoch 07 | loss inf | val acc 53.52%
Epoch 08 | loss inf | val acc 57.73%
Epoch 09 | loss inf | val acc 53.64%

Early stop at epoch 9. Best val acc: 60.27%

Accuracy: 0.6027235050325637
              precision    recall  f1-score   support

    Goodware       0.56      0.86      0.68       814
     Malware       0.74      0.36      0.48       875

    accuracy                           0.60      1689
   macro avg       0.65      0.61      0.58      1689
weighted avg       0.65      0.60      0.58      1689

Time taken: 12.24 minutes
Filtered with filter Stride Kernel with parameters: keep = 35 skip = 35
Epoch 01 | loss inf | val acc 56.31%
Epoch 02 | loss inf | val acc 52.46%
Epoch 03 | loss inf | val acc 51.21%
Epoch 04 | loss inf | val acc 53.46%
Epoch 05 | loss inf | val acc 56.31%
Epoch 06 | loss inf | val acc 53.76%

Early stop at epoch 6. Best val acc: 56.31%

Accuracy: 0.5630550621669627
              precision    recall  f1-score   support

    Goodware       0.53      0.93      0.67       814
     Malware       0.76      0.23      0.35       875

    accuracy                           0.56      1689
   macro avg       0.65      0.58      0.51      1689
weighted avg       0.65      0.56      0.50      1689

Time taken: 9.34 minutes
Filtered with filter Stride Kernel with parameters: keep = 35 skip = 40
Epoch 01 | loss inf | val acc 51.98%
Epoch 02 | loss inf | val acc 51.98%
Epoch 03 | loss inf | val acc 52.69%
Epoch 04 | loss inf | val acc 51.69%
Epoch 05 | loss inf | val acc 53.23%
Epoch 06 | loss inf | val acc 52.99%
Epoch 07 | loss inf | val acc 54.88%
Epoch 08 | loss inf | val acc 51.81%
Epoch 09 | loss inf | val acc 54.41%
Epoch 10 | loss inf | val acc 52.40%
Epoch 11 | loss inf | val acc 58.85%
Epoch 12 | loss inf | val acc 55.18%
Epoch 13 | loss inf | val acc 62.64%
Epoch 14 | loss inf | val acc 56.13%
Epoch 15 | loss inf | val acc 60.27%
Epoch 16 | loss inf | val acc 56.13%
Epoch 17 | loss inf | val acc 54.71%
Epoch 18 | loss inf | val acc 53.76%

Early stop at epoch 18. Best val acc: 62.64%

Accuracy: 0.6264061574896388
              precision    recall  f1-score   support

    Goodware       0.57      0.93      0.71       814
     Malware       0.84      0.35      0.49       875

    accuracy                           0.63      1689
   macro avg       0.70      0.64      0.60      1689
weighted avg       0.71      0.63      0.59      1689

Time taken: 15.55 minutes
Filtered with filter Stride Kernel with parameters: keep = 35 skip = 45
Epoch 01 | loss inf | val acc 50.44%
Epoch 02 | loss inf | val acc 54.71%
Epoch 03 | loss inf | val acc 54.00%
Epoch 04 | loss inf | val acc 57.90%
Epoch 05 | loss inf | val acc 54.35%
Epoch 06 | loss inf | val acc 65.66%
Epoch 07 | loss inf | val acc 54.23%
Epoch 08 | loss inf | val acc 60.57%
Epoch 09 | loss inf | val acc 64.00%
Epoch 10 | loss inf | val acc 53.70%
Epoch 11 | loss inf | val acc 63.29%

Early stop at epoch 11. Best val acc: 65.66%

Accuracy: 0.6566015393724097
              precision    recall  f1-score   support

    Goodware       0.77      0.41      0.54       814
     Malware       0.62      0.88      0.73       875

    accuracy                           0.66      1689
   macro avg       0.69      0.65      0.63      1689
weighted avg       0.69      0.66      0.64      1689

Time taken: 9.47 minutes
Filtered with filter Stride Kernel with parameters: keep = 35 skip = 50
Epoch 01 | loss inf | val acc 51.21%
Epoch 02 | loss inf | val acc 51.45%
Epoch 03 | loss inf | val acc 58.20%
Epoch 04 | loss inf | val acc 52.22%
Epoch 05 | loss inf | val acc 55.42%
Epoch 06 | loss inf | val acc 53.70%
Epoch 07 | loss inf | val acc 53.94%
Epoch 08 | loss inf | val acc 55.77%

Early stop at epoch 8. Best val acc: 58.20%

Accuracy: 0.5820011841326228
              precision    recall  f1-score   support

    Goodware       0.54      0.95      0.69       814
     Malware       0.83      0.24      0.38       875

    accuracy                           0.58      1689
   macro avg       0.68      0.59      0.53      1689
weighted avg       0.69      0.58      0.53      1689

Time taken: 7.46 minutes
Filtered with filter Stride Kernel with parameters: keep = 40 skip = 1
Epoch 01 | loss inf | val acc 55.42%
Epoch 02 | loss inf | val acc 51.27%
Epoch 03 | loss inf | val acc 54.23%
Epoch 04 | loss inf | val acc 51.63%
Epoch 05 | loss inf | val acc 55.77%
Epoch 06 | loss inf | val acc 53.82%
Epoch 07 | loss inf | val acc 53.88%
Epoch 08 | loss inf | val acc 52.87%
Epoch 09 | loss inf | val acc 54.59%
Epoch 10 | loss inf | val acc 59.44%
Epoch 11 | loss inf | val acc 60.63%
Epoch 12 | loss inf | val acc 52.16%
Epoch 13 | loss inf | val acc 58.20%
Epoch 14 | loss inf | val acc 70.46%
Epoch 15 | loss inf | val acc 55.54%
Epoch 16 | loss inf | val acc 65.13%
Epoch 17 | loss inf | val acc 57.25%
Epoch 18 | loss inf | val acc 55.18%
Epoch 19 | loss inf | val acc 55.54%

Early stop at epoch 19. Best val acc: 70.46%

Accuracy: 0.7045589105979869
              precision    recall  f1-score   support

    Goodware       0.81      0.50      0.62       814
     Malware       0.66      0.89      0.76       875

    accuracy                           0.70      1689
   macro avg       0.74      0.70      0.69      1689
weighted avg       0.73      0.70      0.69      1689

Time taken: 34.91 minutes
Filtered with filter Stride Kernel with parameters: keep = 40 skip = 5
Epoch 01 | loss inf | val acc 54.77%
Epoch 02 | loss inf | val acc 57.25%
Epoch 03 | loss inf | val acc 54.65%
Epoch 04 | loss inf | val acc 54.06%
Epoch 05 | loss inf | val acc 59.03%
Epoch 06 | loss inf | val acc 53.52%
Epoch 07 | loss inf | val acc 55.95%
Epoch 08 | loss inf | val acc 60.21%
Epoch 09 | loss inf | val acc 53.82%
Epoch 10 | loss inf | val acc 54.88%
Epoch 11 | loss inf | val acc 57.73%
Epoch 12 | loss inf | val acc 57.37%
Epoch 13 | loss inf | val acc 54.06%

Early stop at epoch 13. Best val acc: 60.21%

Accuracy: 0.6021314387211367
              precision    recall  f1-score   support

    Goodware       0.55      0.93      0.69       814
     Malware       0.83      0.29      0.43       875

    accuracy                           0.60      1689
   macro avg       0.69      0.61      0.56      1689
weighted avg       0.69      0.60      0.56      1689

Time taken: 26.23 minutes
Filtered with filter Stride Kernel with parameters: keep = 40 skip = 10
Epoch 01 | loss inf | val acc 51.45%
Epoch 02 | loss inf | val acc 50.80%
Epoch 03 | loss inf | val acc 52.28%
Epoch 04 | loss inf | val acc 53.52%
Epoch 05 | loss inf | val acc 54.71%
Epoch 06 | loss inf | val acc 55.12%
Epoch 07 | loss inf | val acc 51.57%
Epoch 08 | loss inf | val acc 56.42%
Epoch 09 | loss inf | val acc 54.35%
Epoch 10 | loss inf | val acc 61.87%
Epoch 11 | loss inf | val acc 57.96%
Epoch 12 | loss inf | val acc 64.71%
Epoch 13 | loss inf | val acc 55.18%
Epoch 14 | loss inf | val acc 59.92%
Epoch 15 | loss inf | val acc 55.48%
Epoch 16 | loss inf | val acc 63.41%
Epoch 17 | loss inf | val acc 63.41%

Early stop at epoch 17. Best val acc: 64.71%

Accuracy: 0.6471284783895797
              precision    recall  f1-score   support

    Goodware       0.59      0.89      0.71       814
     Malware       0.80      0.42      0.55       875

    accuracy                           0.65      1689
   macro avg       0.70      0.66      0.63      1689
weighted avg       0.70      0.65      0.63      1689

Time taken: 27.55 minutes
Filtered with filter Stride Kernel with parameters: keep = 40 skip = 15
Epoch 01 | loss inf | val acc 49.85%
Epoch 02 | loss inf | val acc 58.20%
Epoch 03 | loss inf | val acc 51.33%
Epoch 04 | loss inf | val acc 53.88%
Epoch 05 | loss inf | val acc 59.38%
Epoch 06 | loss inf | val acc 60.69%
Epoch 07 | loss inf | val acc 54.71%
Epoch 08 | loss inf | val acc 54.23%
Epoch 09 | loss inf | val acc 55.71%
Epoch 10 | loss inf | val acc 59.92%
Epoch 11 | loss inf | val acc 56.36%

Early stop at epoch 11. Best val acc: 60.69%

Accuracy: 0.6068679692125518
              precision    recall  f1-score   support

    Goodware       0.56      0.91      0.69       814
     Malware       0.79      0.33      0.46       875

    accuracy                           0.61      1689
   macro avg       0.67      0.62      0.58      1689
weighted avg       0.68      0.61      0.57      1689

Time taken: 17.75 minutes
Filtered with filter Stride Kernel with parameters: keep = 40 skip = 20
Epoch 01 | loss inf | val acc 51.04%
Epoch 02 | loss inf | val acc 56.54%
Epoch 03 | loss inf | val acc 52.93%
Epoch 04 | loss inf | val acc 51.39%
Epoch 05 | loss inf | val acc 51.33%
Epoch 06 | loss inf | val acc 66.90%
Epoch 07 | loss inf | val acc 53.82%
Epoch 08 | loss inf | val acc 54.41%
Epoch 09 | loss inf | val acc 54.71%
Epoch 10 | loss inf | val acc 66.96%
Epoch 11 | loss inf | val acc 54.47%
Epoch 12 | loss inf | val acc 52.52%
Epoch 13 | loss inf | val acc 58.14%
Epoch 14 | loss inf | val acc 53.52%
Epoch 15 | loss inf | val acc 61.52%

Early stop at epoch 15. Best val acc: 66.96%

Accuracy: 0.6696269982238011
              precision    recall  f1-score   support

    Goodware       0.85      0.38      0.53       814
     Malware       0.62      0.94      0.75       875

    accuracy                           0.67      1689
   macro avg       0.73      0.66      0.64      1689
weighted avg       0.73      0.67      0.64      1689

Time taken: 21.38 minutes
Filtered with filter Stride Kernel with parameters: keep = 40 skip = 25
Epoch 01 | loss inf | val acc 54.41%
Epoch 02 | loss inf | val acc 51.39%
Epoch 03 | loss inf | val acc 55.06%
Epoch 04 | loss inf | val acc 51.39%
Epoch 05 | loss inf | val acc 52.93%
Epoch 06 | loss inf | val acc 54.35%
Epoch 07 | loss inf | val acc 54.71%
Epoch 08 | loss inf | val acc 56.60%
Epoch 09 | loss inf | val acc 54.17%
Epoch 10 | loss inf | val acc 53.40%
Epoch 11 | loss inf | val acc 55.42%
Epoch 12 | loss inf | val acc 54.88%
Epoch 13 | loss inf | val acc 55.06%

Early stop at epoch 13. Best val acc: 56.60%

Accuracy: 0.5660153937240971
              precision    recall  f1-score   support

    Goodware       0.83      0.12      0.22       814
     Malware       0.55      0.98      0.70       875

    accuracy                           0.57      1689
   macro avg       0.69      0.55      0.46      1689
weighted avg       0.68      0.57      0.47      1689

Time taken: 17.73 minutes
Filtered with filter Stride Kernel with parameters: keep = 40 skip = 30
Epoch 01 | loss inf | val acc 50.56%
Epoch 02 | loss inf | val acc 54.17%
Epoch 03 | loss inf | val acc 52.04%
Epoch 04 | loss inf | val acc 59.27%
Epoch 05 | loss inf | val acc 53.52%
Epoch 06 | loss inf | val acc 61.22%
Epoch 07 | loss inf | val acc 58.14%
Epoch 08 | loss inf | val acc 61.93%
Epoch 09 | loss inf | val acc 54.94%
Epoch 10 | loss inf | val acc 52.87%
Epoch 11 | loss inf | val acc 56.19%
Epoch 12 | loss inf | val acc 62.46%
Epoch 13 | loss inf | val acc 61.28%
Epoch 14 | loss inf | val acc 55.06%
Epoch 15 | loss inf | val acc 54.65%
Epoch 16 | loss inf | val acc 55.60%
Epoch 17 | loss inf | val acc 60.86%

Early stop at epoch 17. Best val acc: 62.46%

Accuracy: 0.6246299585553582
              precision    recall  f1-score   support

    Goodware       0.89      0.25      0.39       814
     Malware       0.58      0.97      0.73       875

    accuracy                           0.62      1689
   macro avg       0.74      0.61      0.56      1689
weighted avg       0.73      0.62      0.57      1689

Time taken: 20.16 minutes
Filtered with filter Stride Kernel with parameters: keep = 40 skip = 35
Epoch 01 | loss inf | val acc 54.17%
Epoch 02 | loss inf | val acc 53.46%
Epoch 03 | loss inf | val acc 64.89%
Epoch 04 | loss inf | val acc 55.18%
Epoch 05 | loss inf | val acc 52.81%
Epoch 06 | loss inf | val acc 54.77%
Epoch 07 | loss inf | val acc 52.40%
Epoch 08 | loss inf | val acc 58.73%

Early stop at epoch 8. Best val acc: 64.89%

Accuracy: 0.6489046773238603
              precision    recall  f1-score   support

    Goodware       0.72      0.45      0.55       814
     Malware       0.62      0.84      0.71       875

    accuracy                           0.65      1689
   macro avg       0.67      0.64      0.63      1689
weighted avg       0.67      0.65      0.63      1689

Time taken: 10.08 minutes
Filtered with filter Stride Kernel with parameters: keep = 40 skip = 40
Epoch 01 | loss inf | val acc 54.35%
Epoch 02 | loss inf | val acc 51.04%
Epoch 03 | loss inf | val acc 54.29%
Epoch 04 | loss inf | val acc 54.11%
Epoch 05 | loss inf | val acc 54.35%
Epoch 06 | loss inf | val acc 58.91%
Epoch 07 | loss inf | val acc 56.31%
Epoch 08 | loss inf | val acc 64.36%
Epoch 09 | loss inf | val acc 52.28%
Epoch 10 | loss inf | val acc 55.77%
Epoch 11 | loss inf | val acc 52.69%
Epoch 12 | loss inf | val acc 59.44%
Epoch 13 | loss inf | val acc 72.65%
Epoch 14 | loss inf | val acc 58.26%
Epoch 15 | loss inf | val acc 52.87%
Epoch 16 | loss inf | val acc 57.31%
Epoch 17 | loss inf | val acc 58.79%
Epoch 18 | loss inf | val acc 56.78%

Early stop at epoch 18. Best val acc: 72.65%

Accuracy: 0.7264653641207816
              precision    recall  f1-score   support

    Goodware       0.72      0.71      0.72       814
     Malware       0.73      0.74      0.74       875

    accuracy                           0.73      1689
   macro avg       0.73      0.73      0.73      1689
weighted avg       0.73      0.73      0.73      1689

Time taken: 18.67 minutes
Filtered with filter Stride Kernel with parameters: keep = 40 skip = 45
Epoch 01 | loss inf | val acc 48.19%
Epoch 02 | loss inf | val acc 52.10%
Epoch 03 | loss inf | val acc 53.35%
Epoch 04 | loss inf | val acc 58.50%
Epoch 05 | loss inf | val acc 60.45%
Epoch 06 | loss inf | val acc 51.51%
Epoch 07 | loss inf | val acc 59.03%
Epoch 08 | loss inf | val acc 53.05%
Epoch 09 | loss inf | val acc 52.28%
Epoch 10 | loss inf | val acc 69.21%
Epoch 11 | loss inf | val acc 54.17%
Epoch 12 | loss inf | val acc 54.17%
Epoch 13 | loss inf | val acc 60.27%
Epoch 14 | loss inf | val acc 53.35%
Epoch 15 | loss inf | val acc 60.86%

Early stop at epoch 15. Best val acc: 69.21%

Accuracy: 0.6921255180580225
              precision    recall  f1-score   support

    Goodware       0.75      0.55      0.63       814
     Malware       0.66      0.83      0.74       875

    accuracy                           0.69      1689
   macro avg       0.70      0.69      0.68      1689
weighted avg       0.70      0.69      0.69      1689

Time taken: 12.01 minutes
Filtered with filter Stride Kernel with parameters: keep = 40 skip = 50
Epoch 01 | loss inf | val acc 51.33%
Epoch 02 | loss inf | val acc 52.81%
Epoch 03 | loss inf | val acc 55.95%
Epoch 04 | loss inf | val acc 54.94%
Epoch 05 | loss inf | val acc 62.94%
Epoch 06 | loss inf | val acc 60.09%
Epoch 07 | loss inf | val acc 51.92%
Epoch 08 | loss inf | val acc 53.94%
Epoch 09 | loss inf | val acc 54.29%
Epoch 10 | loss inf | val acc 55.71%

Early stop at epoch 10. Best val acc: 62.94%

Accuracy: 0.6293664890467733
              precision    recall  f1-score   support

    Goodware       0.73      0.37      0.49       814
     Malware       0.60      0.87      0.71       875

    accuracy                           0.63      1689
   macro avg       0.66      0.62      0.60      1689
weighted avg       0.66      0.63      0.60      1689

Time taken: 8.21 minutes
Filtered with filter Stride Kernel with parameters: keep = 45 skip = 1
Epoch 01 | loss inf | val acc 61.69%
Epoch 02 | loss inf | val acc 50.56%
Epoch 03 | loss inf | val acc 57.19%
Epoch 04 | loss inf | val acc 52.93%
Epoch 05 | loss inf | val acc 54.88%
Epoch 06 | loss inf | val acc 55.89%

Early stop at epoch 6. Best val acc: 61.69%

Accuracy: 0.6169330965068087
              precision    recall  f1-score   support

    Goodware       0.67      0.40      0.50       814
     Malware       0.59      0.82      0.69       875

    accuracy                           0.62      1689
   macro avg       0.63      0.61      0.59      1689
weighted avg       0.63      0.62      0.60      1689

Time taken: 14.12 minutes
Filtered with filter Stride Kernel with parameters: keep = 45 skip = 5
Epoch 01 | loss inf | val acc 52.81%
Epoch 02 | loss inf | val acc 53.35%
Epoch 03 | loss inf | val acc 54.77%
Epoch 04 | loss inf | val acc 57.73%
Epoch 05 | loss inf | val acc 57.55%
Epoch 06 | loss inf | val acc 55.12%
