Current time: 12:18:30
Filtered with filter Power of N Kernel with parameter: N = 2
Epoch 01 | loss 709.3838 | val acc 52.81%
Epoch 02 | loss 582.1568 | val acc 52.22%
Epoch 03 | loss 516.3828 | val acc 55.00%
Epoch 04 | loss 441.8531 | val acc 51.45%
Epoch 05 | loss 418.9801 | val acc 59.80%
Epoch 06 | loss 391.0549 | val acc 61.22%
Epoch 07 | loss 368.5554 | val acc 63.88%
Epoch 08 | loss 335.1109 | val acc 57.25%
Epoch 09 | loss 365.3978 | val acc 73.53%
Epoch 10 | loss 307.7480 | val acc 52.87%
Epoch 11 | loss 281.0042 | val acc 71.82%
Epoch 12 | loss 222.7893 | val acc 66.55%
Epoch 13 | loss 277.6269 | val acc 55.54%
Epoch 14 | loss 271.2014 | val acc 64.48%

Early stopping triggered at epoch 14. Best val acc: 73.53%

Accuracy: 0.7353463587921847 

              precision    recall  f1-score   support

    Goodware       0.89      0.51      0.65       814
     Malware       0.68      0.94      0.79       875

    accuracy                           0.74      1689
   macro avg       0.78      0.73      0.72      1689
weighted avg       0.78      0.74      0.72      1689

Time taken: 1.87 minutes
Filtered with filter Power of N Kernel with parameter: N = 3
Epoch 01 | loss 68.4489 | val acc 58.85%
Epoch 02 | loss 50.1655 | val acc 56.96%
Epoch 03 | loss 48.7264 | val acc 58.79%
Epoch 04 | loss 38.6166 | val acc 56.54%
Epoch 05 | loss 45.2744 | val acc 56.48%
Epoch 06 | loss 38.2552 | val acc 60.98%
Epoch 07 | loss 36.5251 | val acc 53.29%
Epoch 08 | loss 37.9078 | val acc 63.94%
Epoch 09 | loss 37.2406 | val acc 64.18%
Epoch 10 | loss 31.5465 | val acc 62.17%
Epoch 11 | loss 37.7527 | val acc 58.02%
Epoch 12 | loss 35.3137 | val acc 59.80%
Epoch 13 | loss 37.1486 | val acc 68.27%
Epoch 14 | loss 41.0462 | val acc 60.98%
Epoch 15 | loss 36.3778 | val acc 70.10%
Epoch 16 | loss 35.3425 | val acc 59.56%
Epoch 17 | loss 39.4819 | val acc 60.33%
Epoch 18 | loss 30.4325 | val acc 61.28%
Epoch 19 | loss 31.4463 | val acc 60.75%
Epoch 20 | loss 39.5636 | val acc 52.46%

Early stopping triggered at epoch 20. Best val acc: 70.10%

Accuracy: 0.7010065127294257 

              precision    recall  f1-score   support

    Goodware       0.85      0.46      0.60       814
     Malware       0.65      0.92      0.76       875

    accuracy                           0.70      1689
   macro avg       0.75      0.69      0.68      1689
weighted avg       0.75      0.70      0.68      1689

Time taken: 1.70 minutes
Filtered with filter Power of N Kernel with parameter: N = 4
Epoch 01 | loss 25.5913 | val acc 52.87%
Epoch 02 | loss 20.5675 | val acc 54.71%
Epoch 03 | loss 19.4563 | val acc 58.56%
Epoch 04 | loss 19.6832 | val acc 61.34%
Epoch 05 | loss 18.2278 | val acc 57.49%
Epoch 06 | loss 19.4333 | val acc 66.96%
Epoch 07 | loss 18.2372 | val acc 59.98%
Epoch 08 | loss 18.9621 | val acc 67.08%
Epoch 09 | loss 17.7511 | val acc 59.27%
Epoch 10 | loss 18.4619 | val acc 66.55%
Epoch 11 | loss 19.0985 | val acc 55.00%
Epoch 12 | loss 19.4866 | val acc 67.26%
Epoch 13 | loss 18.4798 | val acc 54.23%
Epoch 14 | loss 18.8762 | val acc 62.64%
Epoch 15 | loss 17.3246 | val acc 61.46%
Epoch 16 | loss 17.4505 | val acc 53.40%
Epoch 17 | loss 19.7185 | val acc 64.12%

Early stopping triggered at epoch 17. Best val acc: 67.26%

Accuracy: 0.6725873297809355 

              precision    recall  f1-score   support

    Goodware       0.64      0.72      0.68       814
     Malware       0.71      0.63      0.67       875

    accuracy                           0.67      1689
   macro avg       0.68      0.67      0.67      1689
weighted avg       0.68      0.67      0.67      1689

Time taken: 1.78 minutes
Filtered with filter Power of N Kernel with parameter: N = 5
Epoch 01 | loss 10.8097 | val acc 55.18%
Epoch 02 | loss 8.4755 | val acc 50.21%
Epoch 03 | loss 8.2181 | val acc 54.29%
Epoch 04 | loss 8.1790 | val acc 54.41%
Epoch 05 | loss 8.1438 | val acc 55.42%
Epoch 06 | loss 7.9541 | val acc 49.50%
Epoch 07 | loss 7.3363 | val acc 57.19%
Epoch 08 | loss 7.7943 | val acc 48.08%
Epoch 09 | loss 8.2906 | val acc 62.05%
Epoch 10 | loss 8.2145 | val acc 59.50%
Epoch 11 | loss 7.8584 | val acc 60.75%
Epoch 12 | loss 6.8326 | val acc 48.85%
Epoch 13 | loss 7.4720 | val acc 60.09%
Epoch 14 | loss 7.1263 | val acc 60.75%

Early stopping triggered at epoch 14. Best val acc: 62.05%

Accuracy: 0.62048549437537 

              precision    recall  f1-score   support

    Goodware       0.70      0.37      0.49       814
     Malware       0.59      0.85      0.70       875

    accuracy                           0.62      1689
   macro avg       0.65      0.61      0.59      1689
weighted avg       0.64      0.62      0.60      1689

Time taken: 1.71 minutes
